<?xml version="1.0" encoding="utf-8"?><testsuites name="pytest tests"><testsuite name="pytest" errors="0" failures="0" skipped="0" tests="5" time="9.415" timestamp="2026-07-03T08:19:15.019379+00:00" hostname="agent-env-bc735e88-5058-40fe-862b-475bd0d6368f"><testcase classname="tests.test_iter90z_ocr_bank_pdf_fallback" name="test_ocr_extracts_scanned_pdf" time="1.288" /><testcase classname="tests.test_iter90z_ocr_bank_pdf_fallback" name="test_text_pdf_does_not_use_ocr" time="0.020" /><testcase classname="tests.test_iter90z_ocr_bank_pdf_fallback" name="test_ocr_direct_returns_text_from_scan" time="0.855" /><testcase classname="tests.test_iter90z_ocr_e2e_http" name="test_e2e_scanned_pdf_triggers_ocr" time="4.827" /><testcase classname="tests.test_iter90z_ocr_e2e_http" name="test_e2e_native_text_pdf_does_not_trigger_ocr" time="2.347" /></testsuite></testsuites>