<?xml version="1.0" encoding="utf-8"?><testsuites name="pytest tests"><testsuite name="pytest" errors="0" failures="0" skipped="0" tests="23" time="1.166" timestamp="2026-07-21T07:08:15.627094+00:00" hostname="agent-env-f93a4f05-0d6e-4e35-91d9-fb01e8f40791"><testcase classname="tests.test_iter90jl_bilan_dedup_and_merge_owners" name="test_fi_signature_uses_copro_date_amount_and_tier_accounts" time="0.173" /><testcase classname="tests.test_iter90jl_bilan_dedup_and_merge_owners" name="test_dedup_excludes_auto_duplicate_of_imported_fi" time="0.000" /><testcase classname="tests.test_iter90jl_bilan_dedup_and_merge_owners" name="test_dedup_keeps_auto_fi_when_no_imported_sibling" time="0.000" /><testcase classname="tests.test_iter90jl_bilan_dedup_and_merge_owners" name="test_bilan_bank_balance_ignores_duplicate_auto_fi" time="0.074" /><testcase classname="tests.test_iter90jl_bilan_dedup_and_merge_owners" name="test_merge_owners_rewrites_je_and_lots_and_deletes_sources" time="0.024" /><testcase classname="tests.test_iter90jl_bilan_dedup_and_merge_owners" name="test_bilan_owner_appears_on_single_side_based_on_net_balance" time="0.005" /><testcase classname="tests.test_iter90ji_anti_duplicate_fi_lock" name="test_generate_bank_entry_skips_creation_if_imported_je_exists" time="0.010" /><testcase classname="tests.test_iter90ji_anti_duplicate_fi_lock" name="test_generate_bank_entry_creates_je_when_no_imported_pair" time="0.009" /><testcase classname="tests.test_iter90ji_anti_duplicate_fi_lock" name="test_cleanup_script_reverses_only_auto_duplicates" time="0.010" /><testcase classname="tests.test_iter90jj_ghost_bank_accounts_lock" name="test_resolve_bank_account_uses_acp_default_when_iban_absent" time="0.003" /><testcase classname="tests.test_iter90jj_ghost_bank_accounts_lock" name="test_resolve_bank_account_matches_iban_over_default" time="0.003" /><testcase classname="tests.test_iter90jj_ghost_bank_accounts_lock" name="test_import_refuses_ghost_bank_account_creation" time="0.591" /><testcase classname="tests.test_iter90jj_ghost_bank_accounts_lock" name="test_merge_ghost_bank_accounts_rewrites_je_lines" time="0.012" /><testcase classname="tests.test_iter90jd_zero_499_on_lettered_txn" name="test_resolve_counterpart_uses_invoice_supplier_id" time="0.005" /><testcase classname="tests.test_iter90jd_zero_499_on_lettered_txn" name="test_resolve_counterpart_fallback_by_name_with_chinese_wall" time="0.006" /><testcase classname="tests.test_iter90jd_zero_499_on_lettered_txn" name="test_resolve_counterpart_matches_slight_name_variation" time="0.004" /><testcase classname="tests.test_iter90jk_wizard_maps_6digit_to_8digit_bank_account" name="test_load_canonical_bank_index_maps_6char_and_7char_prefixes" time="0.011" /><testcase classname="tests.test_iter90jk_wizard_maps_6digit_to_8digit_bank_account" name="test_remap_bank_account_maps_6char_and_keeps_8char_and_non_bank" time="0.010" /><testcase classname="tests.test_iter90jk_wizard_maps_6digit_to_8digit_bank_account" name="test_commit_journals_accepts_6digit_when_canonical_exists_in_acp" time="0.021" /><testcase classname="tests.test_iter90jk_wizard_maps_6digit_to_8digit_bank_account" name="test_commit_journals_still_blocks_when_no_canonical_available" time="0.013" /><testcase classname="tests.test_iter90jf_optipro_group_by_external_ref" name="test_group_by_external_ref_when_internal_ref_missing_on_some_lines" time="0.019" /><testcase classname="tests.test_iter90jf_optipro_group_by_external_ref" name="test_do_not_merge_different_invoices_same_supplier_same_date" time="0.020" /><testcase classname="tests.test_iter90jf_optipro_group_by_external_ref" name="test_single_line_invoice_still_has_distribution_lines" time="0.018" /></testsuite></testsuites>