<?xml version="1.0" encoding="utf-8"?><testsuites name="pytest tests"><testsuite name="pytest" errors="0" failures="0" skipped="0" tests="8" time="2.854" timestamp="2026-07-07T06:46:57.617377+00:00" hostname="agent-env-bc735e88-5058-40fe-862b-475bd0d6368f"><testcase classname="backend.tests.test_iter90av_syndic_config" name="test_crypto_roundtrip" time="0.002" /><testcase classname="backend.tests.test_iter90av_syndic_config" name="test_syndic_self_config" time="0.347" /><testcase classname="backend.tests.test_iter90av_syndic_config" name="test_manager_inherits_config" time="0.161" /><testcase classname="backend.tests.test_iter90av_syndic_config" name="test_encrypted_secret_storage" time="0.167" /><testcase classname="backend.tests.test_iter90av_syndic_config" name="test_complete_onboarding_validation" time="0.205" /><testcase classname="backend.tests.test_iter90av_syndic_config" name="test_test_email_requires_provider" time="1.445" /><testcase classname="backend.tests.test_iter90av_syndic_config" name="test_admin_can_edit_any_syndic" time="0.218" /><testcase classname="backend.tests.test_iter90av_syndic_config" name="test_logo_upload" time="0.163" /></testsuite></testsuites>