<?xml version="1.0" encoding="utf-8"?><testsuites name="pytest tests"><testsuite name="pytest" errors="0" failures="0" skipped="0" tests="20" time="7.139" timestamp="2026-05-17T17:34:12.558723+00:00" hostname="agent-env-bc735e88-5058-40fe-862b-475bd0d6368f"><testcase classname="backend.tests.test_iter12_features.TestReportsRubriques" name="test_bilan_rubriques_structure" time="0.425" /><testcase classname="backend.tests.test_iter12_features.TestReportsRubriques" name="test_resultat_rubriques_structure" time="0.066" /><testcase classname="backend.tests.test_iter12_features.TestExcelExports" name="test_export_balance_tiers_owners" time="0.076" /><testcase classname="backend.tests.test_iter12_features.TestExcelExports" name="test_export_bilan_xlsx" time="0.060" /><testcase classname="backend.tests.test_iter12_features.TestExcelExports" name="test_export_grand_livre_xlsx" time="0.061" /><testcase classname="backend.tests.test_iter12_features.TestReminders" name="test_late_payments_structure" time="0.061" /><testcase classname="backend.tests.test_iter12_features.TestReminders" name="test_late_payments_count_positive" time="0.059" /><testcase classname="backend.tests.test_iter12_features.TestReminders" name="test_reminder_letter_pdf" time="0.208" /><testcase classname="backend.tests.test_iter12_features.TestInvoiceAIExtract" name="test_invoice_ai_extract_pdf" time="3.488" /><testcase classname="backend.tests.test_iter12_features.TestEntryAttachments" name="test_entry_attachment_lifecycle" time="0.565" /><testcase classname="backend.tests.test_iter12_features.TestInvoiceAttachments" name="test_invoice_attachment_lifecycle" time="0.486" /><testcase classname="backend.tests.test_iter12_features.TestOwnerRBAC" name="test_owner_forbidden_reminders" time="0.650" /><testcase classname="backend.tests.test_iter12_features.TestOwnerRBAC" name="test_owner_forbidden_exports" time="0.051" /><testcase classname="backend.tests.test_iter12_features.TestOwnerRBAC" name="test_owner_forbidden_invoice_ai" time="0.116" /><testcase classname="backend.tests.test_iter12_features.TestRegression" name="test_login" time="0.323" /><testcase classname="backend.tests.test_iter12_features.TestRegression" name="test_coproprietes" time="0.053" /><testcase classname="backend.tests.test_iter12_features.TestRegression" name="test_owners" time="0.056" /><testcase classname="backend.tests.test_iter12_features.TestRegression" name="test_invoices" time="0.061" /><testcase classname="backend.tests.test_iter12_features.TestRegression" name="test_accounting_entries" time="0.068" /><testcase classname="backend.tests.test_iter12_features.TestRegression" name="test_balance" time="0.109" /></testsuite></testsuites>