<?xml version="1.0" encoding="utf-8"?><testsuites name="pytest tests"><testsuite name="pytest" errors="0" failures="0" skipped="0" tests="26" time="9.125" timestamp="2026-07-24T17:41:54.137516+00:00" hostname="agent-env-29701678-5fac-4f31-a1ba-1fe2556d2397"><testcase classname="backend.tests.test_iter73_team_management.TestTeamManagementSetup" name="test_login_superadmin" time="0.498" /><testcase classname="backend.tests.test_iter73_team_management.TestRoleTemplates" name="test_list_role_templates_returns_200" time="0.398" /><testcase classname="backend.tests.test_iter73_team_management.TestRoleTemplates" name="test_list_role_templates_returns_list" time="0.052" /><testcase classname="backend.tests.test_iter73_team_management.TestRoleTemplates" name="test_role_templates_have_required_fields" time="0.054" /><testcase classname="backend.tests.test_iter73_team_management.TestRoleTemplates" name="test_role_templates_unauthenticated_returns_401" time="0.104" /><testcase classname="backend.tests.test_iter73_team_management.TestTeamMembersList" name="test_list_members_returns_200" time="0.374" /><testcase classname="backend.tests.test_iter73_team_management.TestTeamMembersList" name="test_list_members_returns_list" time="0.089" /><testcase classname="backend.tests.test_iter73_team_management.TestTeamMembersList" name="test_list_members_unauthenticated_returns_401" time="0.107" /><testcase classname="backend.tests.test_iter73_team_management.TestTeamMemberCreate" name="test_create_member_direct_mode" time="0.858" /><testcase classname="backend.tests.test_iter73_team_management.TestTeamMemberCreate" name="test_create_member_invitation_mode" time="0.337" /><testcase classname="backend.tests.test_iter73_team_management.TestTeamMemberCreate" name="test_create_member_with_role_template" time="0.410" /><testcase classname="backend.tests.test_iter73_team_management.TestTeamMemberCreate" name="test_create_member_duplicate_email_fails" time="0.389" /><testcase classname="backend.tests.test_iter73_team_management.TestTeamMemberCreate" name="test_create_member_missing_name_fails" time="0.051" /><testcase classname="backend.tests.test_iter73_team_management.TestTeamMemberCreate" name="test_create_member_missing_email_fails" time="0.056" /><testcase classname="backend.tests.test_iter73_team_management.TestTeamMemberCreate" name="test_create_member_unauthenticated_fails" time="0.097" /><testcase classname="backend.tests.test_iter73_team_management.TestTeamMemberUpdate" name="test_update_member_name" time="0.709" /><testcase classname="backend.tests.test_iter73_team_management.TestTeamMemberUpdate" name="test_update_member_copropriete_ids" time="0.382" /><testcase classname="backend.tests.test_iter73_team_management.TestTeamMemberUpdate" name="test_update_member_password" time="0.604" /><testcase classname="backend.tests.test_iter73_team_management.TestTeamMemberUpdate" name="test_update_member_role_template" time="0.438" /><testcase classname="backend.tests.test_iter73_team_management.TestTeamMemberUpdate" name="test_update_nonexistent_member_returns_404" time="0.056" /><testcase classname="backend.tests.test_iter73_team_management.TestTeamMemberUpdate" name="test_update_member_unauthenticated_fails" time="0.453" /><testcase classname="backend.tests.test_iter73_team_management.TestTeamMemberDelete" name="test_delete_member" time="0.721" /><testcase classname="backend.tests.test_iter73_team_management.TestTeamMemberDelete" name="test_delete_nonexistent_member_returns_404" time="0.054" /><testcase classname="backend.tests.test_iter73_team_management.TestTeamMemberDelete" name="test_delete_member_unauthenticated_fails" time="0.441" /><testcase classname="backend.tests.test_iter73_team_management.TestTeamMemberE2E" name="test_full_crud_flow" time="0.903" /><testcase classname="backend.tests.test_iter73_team_management.TestTeamMemberE2E" name="test_member_with_role_template_flow" time="0.389" /></testsuite></testsuites>