<?xml version="1.0" encoding="utf-8"?><testsuites name="pytest tests"><testsuite name="pytest" errors="0" failures="0" skipped="0" tests="8" time="35.727" timestamp="2026-07-30T20:00:28.905852+00:00" hostname="agent-env-c232a888-f004-4f41-8105-0b9f2a413b75"><testcase classname="backend.tests.test_iter93ch_support_attach" name="test_reject_unsupported_extension" time="0.580" /><testcase classname="backend.tests.test_iter93ch_support_attach" name="test_reject_file_too_large" time="0.395" /><testcase classname="backend.tests.test_iter93ch_support_attach" name="test_attach_csv_ok" time="0.145" /><testcase classname="backend.tests.test_iter93ch_support_attach" name="test_attach_pdf_ok" time="0.707" /><testcase classname="backend.tests.test_iter93ch_support_attach" name="test_empty_file_rejected" time="0.057" /><testcase classname="backend.tests.test_iter93ch_support_attach" name="test_regression_list_conversations" time="0.058" /><testcase classname="backend.tests.test_iter93ch_support_attach" name="test_regression_chat_without_document" time="8.051" /><testcase classname="backend.tests.test_iter93ch_support_attach" name="test_e2e_pdf_chat_about_guerit" time="25.622" /></testsuite></testsuites>