<?xml version="1.0" encoding="utf-8"?><testsuites name="pytest tests"><testsuite name="pytest" errors="0" failures="0" skipped="0" tests="5" time="1.823" timestamp="2026-07-26T18:30:37.396262+00:00" hostname="agent-env-8988babc-2dbe-43b5-b5b8-af37a98d9af3"><testcase classname="tests.test_iter90fz_charges_projected.TestBoxusMariaProjection" name="test_returns_7_invoices_with_projected_shares" time="0.818" /><testcase classname="tests.test_iter90fz_charges_projected.TestBoxusMariaProjection" name="test_total_my_amount_matches_expected" time="0.049" /><testcase classname="tests.test_iter90fz_charges_projected.TestTilleulsRegression" name="test_tilleuls_uses_distribution_lines_not_dk" time="0.673" /><testcase classname="tests.test_iter90fz_charges_projected.TestEdgeCases" name="test_dk_zero_quotities_and_missing_dk_skip_rows" time="0.057" /><testcase classname="tests.test_iter90fz_charges_projected.TestEdgeCases" name="test_owner_not_in_dk_returns_zero_and_row_skipped" time="0.065" /></testsuite></testsuites>