<?xml version="1.0" encoding="utf-8"?><testsuites name="pytest tests"><testsuite name="pytest" errors="0" failures="0" skipped="0" tests="34" time="1.859" timestamp="2026-07-20T14:45:36.235766+00:00" hostname="agent-env-f93a4f05-0d6e-4e35-91d9-fb01e8f40791"><testcase classname="tests.test_iter90is_chinese_wall_strict" name="test_supplier_input_requires_copropriete_id" time="0.178" /><testcase classname="tests.test_iter90is_chinese_wall_strict" name="test_supplier_input_accepts_valid_copropriete_id" time="0.000" /><testcase classname="tests.test_iter90is_chinese_wall_strict" name="test_find_duplicate_never_matches_cross_acp" time="0.078" /><testcase classname="tests.test_iter90is_chinese_wall_strict" name="test_find_duplicate_returns_none_when_no_copro_id" time="0.001" /><testcase classname="tests.test_iter90is_chinese_wall_strict" name="test_get_supplier_account_refuses_cross_acp" time="0.000" /><testcase classname="tests.test_iter90is_chinese_wall_strict" name="test_get_supplier_account_reads_new_field_first" time="0.000" /><testcase classname="tests.test_iter90is_chinese_wall_strict" name="test_assign_supplier_account_writes_new_field" time="0.007" /><testcase classname="tests.test_iter90is_chinese_wall_strict" name="test_assign_supplier_account_refuses_cross_acp_pollution" time="0.005" /><testcase classname="tests.test_iter90is_chinese_wall_strict" name="test_mongodb_indexes_are_per_acp" time="0.003" /><testcase classname="tests.test_iter90is_chinese_wall_strict" name="test_mongodb_allows_same_bce_across_acps" time="0.004" /><testcase classname="tests.test_iter90is_chinese_wall_strict" name="test_mongodb_rejects_duplicate_bce_within_same_acp" time="0.004" /><testcase classname="tests.test_iter90is_chinese_wall_strict" name="test_preview_suppliers_pdf_no_cross_acp_fuzzy" time="1.302" /><testcase classname="tests.test_iter90it_optipro_import_without_bce_and_reconcile_orphans" name="test_create_supplier_without_bce_is_now_allowed" time="0.010" /><testcase classname="tests.test_iter90it_optipro_import_without_bce_and_reconcile_orphans" name="test_commit_suppliers_pdf_creates_without_bce" time="0.014" /><testcase classname="tests.test_iter90it_optipro_import_without_bce_and_reconcile_orphans" name="test_reconcile_dry_run_detects_orphans_without_mutation" time="0.017" /><testcase classname="tests.test_iter90it_optipro_import_without_bce_and_reconcile_orphans" name="test_reconcile_live_creates_local_suppliers_and_repoints" time="0.022" /><testcase classname="tests.test_iter90it_optipro_import_without_bce_and_reconcile_orphans" name="test_reconcile_is_idempotent" time="0.020" /><testcase classname="tests.test_iter90it_optipro_import_without_bce_and_reconcile_orphans" name="test_reconcile_reuses_existing_supplier_by_name" time="0.021" /><testcase classname="tests.test_iter90it_optipro_import_without_bce_and_reconcile_orphans" name="test_reconcile_ignores_already_linked_lines" time="0.020" /><testcase classname="tests.test_iter90iu_import_optipro_three_bugs_fix" name="test_assign_supplier_account_fills_both_new_and_legacy" time="0.006" /><testcase classname="tests.test_iter90iu_import_optipro_three_bugs_fix" name="test_assign_supplier_account_migrates_legacy_dict_when_new_field_only" time="0.004" /><testcase classname="tests.test_iter90iu_import_optipro_three_bugs_fix" name="test_reconcile_updates_line_account_number_to_canonical" time="0.017" /><testcase classname="tests.test_iter90iu_import_optipro_three_bugs_fix" name="test_commit_invoices_prefers_flat_tier_account_number" time="0.000" /><testcase classname="tests.test_iter90iu_import_optipro_three_bugs_fix" name="test_commit_journals_canonizes_counterparty_account" time="0.000" /><testcase classname="tests.test_iter90iu_import_optipro_three_bugs_fix" name="test_reconcile_e2e_normalizes_all_orphans_to_canonical_8_chars" time="0.023" /><testcase classname="tests.test_iter90io_canonize_supplier_tier_accounts" name="test_canonize_pads_7_char_to_8_char" time="0.000" /><testcase classname="tests.test_iter90io_canonize_supplier_tier_accounts" name="test_canonize_pads_6_char_to_8_char" time="0.000" /><testcase classname="tests.test_iter90io_canonize_supplier_tier_accounts" name="test_canonize_leaves_8_char_canonical_unchanged" time="0.000" /><testcase classname="tests.test_iter90io_canonize_supplier_tier_accounts" name="test_canonize_leaves_non_canonical_8_char_unchanged" time="0.000" /><testcase classname="tests.test_iter90io_canonize_supplier_tier_accounts" name="test_canonize_leaves_non_supplier_account_unchanged" time="0.000" /><testcase classname="tests.test_iter90io_canonize_supplier_tier_accounts" name="test_canonize_strips_whitespace" time="0.000" /><testcase classname="tests.test_iter90io_canonize_supplier_tier_accounts" name="test_canonize_none_safe" time="0.000" /><testcase classname="tests.test_iter90io_canonize_supplier_tier_accounts" name="test_commit_invoices_uses_canonical_supplier_account_for_pcmn_prealloc" time="0.002" /><testcase classname="tests.test_iter90io_canonize_supplier_tier_accounts" name="test_commit_opening_balance_canonizes_supplier_accounts_before_matching" time="0.001" /></testsuite></testsuites>