<?xml version="1.0" encoding="utf-8"?><testsuites name="pytest tests"><testsuite name="pytest" errors="0" failures="0" skipped="0" tests="5" time="1.057" timestamp="2026-07-31T14:02:00.454427+00:00" hostname="agent-env-c232a888-f004-4f41-8105-0b9f2a413b75"><testcase classname="backend.tests.test_iter93dp_communication_exclude_former_owners.TestCommunicationOwnersBalancesExcludesFormer" name="test_no_callens_in_communication" time="0.467" /><testcase classname="backend.tests.test_iter93dp_communication_exclude_former_owners.TestCommunicationOwnersBalancesExcludesFormer" name="test_totals_coherent_with_active_owners" time="0.065" /><testcase classname="backend.tests.test_iter93dp_communication_exclude_former_owners.TestCommunicationOwnersBalancesExcludesFormer" name="test_with_period_filter_still_excludes_former" time="0.222" /><testcase classname="backend.tests.test_iter93dp_communication_exclude_former_owners.TestBalanceTiersOwnersIncludesFormer" name="test_former_owner_still_present_in_balance_tiers" time="0.074" /><testcase classname="backend.tests.test_iter93dp_communication_exclude_former_owners.TestBalanceTiersOwnersIncludesFormer" name="test_balance_tiers_owner_count_ge_communication" time="0.135" /></testsuite></testsuites>