<?xml version="1.0" encoding="utf-8"?><testsuites name="pytest tests"><testsuite name="pytest" errors="0" failures="0" skipped="0" tests="20" time="3.331" timestamp="2026-07-24T09:03:58.903368+00:00" hostname="agent-env-29701678-5fac-4f31-a1ba-1fe2556d2397"><testcase classname="backend.tests.test_iter71_purge_and_pcmn_normalization.TestPcmnUtilsNormalization" name="test_normalize_6_digit_to_8_digit" time="0.001" /><testcase classname="backend.tests.test_iter71_purge_and_pcmn_normalization.TestPcmnUtilsNormalization" name="test_normalize_7_digit_to_8_digit" time="0.000" /><testcase classname="backend.tests.test_iter71_purge_and_pcmn_normalization.TestPcmnUtilsNormalization" name="test_8_digit_unchanged" time="0.000" /><testcase classname="backend.tests.test_iter71_purge_and_pcmn_normalization.TestPcmnUtilsNormalization" name="test_parent_accounts_unchanged" time="0.000" /><testcase classname="backend.tests.test_iter71_purge_and_pcmn_normalization.TestPcmnUtilsNormalization" name="test_non_55_accounts_unchanged" time="0.000" /><testcase classname="backend.tests.test_iter71_purge_and_pcmn_normalization.TestPcmnUtilsNormalization" name="test_empty_string_unchanged" time="0.000" /><testcase classname="backend.tests.test_iter71_purge_and_pcmn_normalization.TestPcmnBankMatch" name="test_match_6_digit_against_8_digit" time="0.000" /><testcase classname="backend.tests.test_iter71_purge_and_pcmn_normalization.TestPcmnBankMatch" name="test_match_same_numbers" time="0.000" /><testcase classname="backend.tests.test_iter71_purge_and_pcmn_normalization.TestPcmnBankMatch" name="test_no_match_different_numbers" time="0.000" /><testcase classname="backend.tests.test_iter71_purge_and_pcmn_normalization.TestPcmnBankMatch" name="test_no_match_empty" time="0.000" /><testcase classname="backend.tests.test_iter71_purge_and_pcmn_normalization.TestPcmnMigrationEndpoint" name="test_migration_endpoint_requires_superadmin" time="0.585" /><testcase classname="backend.tests.test_iter71_purge_and_pcmn_normalization.TestPcmnMigrationEndpoint" name="test_migration_endpoint_returns_stats" time="0.069" /><testcase classname="backend.tests.test_iter71_purge_and_pcmn_normalization.TestPcmnMigrationEndpoint" name="test_migration_is_idempotent" time="0.160" /><testcase classname="backend.tests.test_iter71_purge_and_pcmn_normalization.TestPurgeSyndicOwnerDeletion" name="test_purge_deletes_additional_collections" time="0.944" /><testcase classname="backend.tests.test_iter71_purge_and_pcmn_normalization.TestPurgeSyndicValidation" name="test_purge_requires_superadmin" time="0.687" /><testcase classname="backend.tests.test_iter71_purge_and_pcmn_normalization.TestPurgeSyndicValidation" name="test_purge_requires_email_confirmation" time="0.360" /><testcase classname="backend.tests.test_iter71_purge_and_pcmn_normalization.TestPurgeSyndicValidation" name="test_purge_nonexistent_user_returns_404" time="0.047" /><testcase classname="backend.tests.test_iter71_purge_and_pcmn_normalization.TestPurgeSyndicValidation" name="test_purge_syndic_without_acps_returns_message" time="0.369" /><testcase classname="backend.tests.test_iter71_purge_and_pcmn_normalization.TestGeneratePcmnNumber" name="test_generate_pcmn_for_vue_account" time="0.000" /><testcase classname="backend.tests.test_iter71_purge_and_pcmn_normalization.TestGeneratePcmnNumber" name="test_generate_pcmn_for_epargne_account" time="0.001" /></testsuite></testsuites>