<?xml version="1.0" encoding="utf-8"?><testsuites name="pytest tests"><testsuite name="pytest" errors="0" failures="1" skipped="0" tests="8" time="4.559" timestamp="2026-06-22T18:13:23.943225+00:00" hostname="agent-env-bc735e88-5058-40fe-862b-475bd0d6368f"><testcase classname="backend.tests.test_iter36_bundle_and_merge.TestMergeOwners" name="test_no_40000_owner_accounts_in_gaura" time="0.517" /><testcase classname="backend.tests.test_iter36_bundle_and_merge.TestMergeOwners" name="test_no_40000_or_40010_pcmn_accounts_in_gaura" time="0.065"><failure message="AssertionError: Comptes PCMN restants: ['400000', '40000005', '40000008', '400100', '40010005', '40010008']&#10;assert 6 == 0&#10; +  where 6 = len([{'active': False, 'class_num': 4, 'copropriete_id': 'b5f14232-34f5-4805-9b9e-ebd32ad8baa5', 'is_custom': False, ...}, {'active': True, 'class_num': 4, 'copropriete_id': 'b5f14232-34f5-4805-9b9e-ebd32ad8baa5', 'is_tier_account': True, ...}, {'active': True, 'class_num': 4, 'copropriete_id': 'b5f14232-34f5-4805-9b9e-ebd32ad8baa5', 'is_tier_account': True, ...}, {'active': False, 'class_num': 4, 'copropriete_id': 'b5f14232-34f5-4805-9b9e-ebd32ad8baa5', 'is_custom': False, ...}, {'active': True, 'class_num': 4, 'copropriete_id': 'b5f14232-34f5-4805-9b9e-ebd32ad8baa5', 'is_tier_account': True, ...}, {'active': True, 'class_num': 4, 'copropriete_id': 'b5f14232-34f5-4805-9b9e-ebd32ad8baa5', 'is_tier_account': True, ...}])">backend/tests/test_iter36_bundle_and_merge.py:56: in test_no_40000_or_40010_pcmn_accounts_in_gaura
    assert len(bad) == 0, f"Comptes PCMN restants: {[a.get('number') or a.get('code') for a in bad]}"
E   AssertionError: Comptes PCMN restants: ['400000', '40000005', '40000008', '400100', '40010005', '40010008']
E   assert 6 == 0
E    +  where 6 = len([{'active': False, 'class_num': 4, 'copropriete_id': 'b5f14232-34f5-4805-9b9e-ebd32ad8baa5', 'is_custom': False, ...}, {'active': True, 'class_num': 4, 'copropriete_id': 'b5f14232-34f5-4805-9b9e-ebd32ad8baa5', 'is_tier_account': True, ...}, {'active': True, 'class_num': 4, 'copropriete_id': 'b5f14232-34f5-4805-9b9e-ebd32ad8baa5', 'is_tier_account': True, ...}, {'active': False, 'class_num': 4, 'copropriete_id': 'b5f14232-34f5-4805-9b9e-ebd32ad8baa5', 'is_custom': False, ...}, {'active': True, 'class_num': 4, 'copropriete_id': 'b5f14232-34f5-4805-9b9e-ebd32ad8baa5', 'is_tier_account': True, ...}, {'active': True, 'class_num': 4, 'copropriete_id': 'b5f14232-34f5-4805-9b9e-ebd32ad8baa5', 'is_tier_account': True, ...}])</failure></testcase><testcase classname="backend.tests.test_iter36_bundle_and_merge.TestMergeOwners" name="test_balance_tiers_one_line_per_owner" time="0.065" /><testcase classname="backend.tests.test_iter36_bundle_and_merge.TestBundleAnalyze" name="test_missing_copropriete_id" time="0.860" /><testcase classname="backend.tests.test_iter36_bundle_and_merge.TestBundleAnalyze" name="test_invalid_pdf" time="0.048" /><testcase classname="backend.tests.test_iter36_bundle_and_merge.TestBundleAnalyze" name="test_valid_bundle_analyze" time="2.439" /><testcase classname="backend.tests.test_iter36_bundle_and_merge.TestBundleCommit" name="test_session_not_found" time="0.047" /><testcase classname="backend.tests.test_iter36_bundle_and_merge.TestBundleCommit" name="test_commit_attach_create_skip_and_errors" time="0.438" /></testsuite></testsuites>