<?xml version="1.0" encoding="utf-8"?><testsuites name="pytest tests"><testsuite name="pytest" errors="0" failures="0" skipped="0" tests="34" time="7.433" timestamp="2026-07-30T19:48:15.235522+00:00" hostname="agent-env-c232a888-f004-4f41-8105-0b9f2a413b75"><testcase classname="tests.test_iter93ca_boni_isolated_from_sinistre" name="test_boni_499_isolated_from_sinistre_499603" time="0.018" /><testcase classname="tests.test_iter93cc_490_regul_no_redistribution" name="test_490_stays_in_regul_actif_after_distribution" time="0.015" /><testcase classname="tests.test_iter93cc_490_regul_no_redistribution" name="test_guerit_balance_close_to_optipro_after_490_fix" time="0.015" /><testcase classname="tests.test_iter93cc_490_regul_no_redistribution" name="test_bilan_totals_match_optipro_structure" time="0.014" /><testcase classname="tests.test_iter93cc_api_regression" name="test_bilan_after_distribution_json" time="0.429" /><testcase classname="tests.test_iter93cc_api_regression" name="test_bilan_before_distribution_json" time="0.084" /><testcase classname="tests.test_iter93cc_api_regression" name="test_bilan_pdf_after_distribution" time="0.149" /><testcase classname="tests.test_iter93cc_api_regression" name="test_sinistre_499xxx_isolated_in_VI_D" time="0.049" /><testcase classname="tests.test_iter93cc_api_regression" name="test_all_coproprietes_balanced_after_distribution" time="1.050" /><testcase classname="tests.test_iter93cd_per_key_distribution" name="test_guerit_after_distribution_close_to_optipro" time="0.014" /><testcase classname="tests.test_iter93cd_per_key_distribution" name="test_owner_net_balance_matches_optipro_exactly" time="0.014" /><testcase classname="tests.test_iter93cd_per_key_distribution" name="test_owner_count_matches_optipro" time="0.013" /><testcase classname="tests.test_iter93cd_per_key_distribution" name="test_bilan_equilibre_all_coproprietes" time="0.058" /><testcase classname="tests.test_iter93cd_sanity_extra" name="test_compte_499_identical_before_after_agathe" time="0.018" /><testcase classname="tests.test_iter93cd_sanity_extra" name="test_guerit_close_to_iter93cf_target" time="0.014" /><testcase classname="tests.test_iter93cd_sanity_extra" name="test_fallback_acp_no_invoices_balanced" time="0.014" /><testcase classname="tests.test_iter93ce_optipro_parser_multiline_410" name="test_bilan_2027_balanced_and_totals" time="0.575" /><testcase classname="tests.test_iter93ce_optipro_parser_multiline_410" name="test_all_28_actif_410_subaccounts_captured" time="0.604" /><testcase classname="tests.test_iter93ce_optipro_parser_multiline_410" name="test_multiline_label_captured_correctly" time="0.571" /><testcase classname="tests.test_iter93ce_optipro_parser_multiline_410" name="test_all_9_passif_410_subaccounts_captured" time="0.612" /><testcase classname="tests.test_iter93ce_optipro_parser_multiline_410" name="test_no_subaccount_sum_warnings" time="0.577" /><testcase classname="tests.test_iter93ce_optipro_parser_multiline_410" name="test_bank_accounts_8digit_extracted" time="0.607" /><testcase classname="tests.test_iter93ce_optipro_parser_multiline_410" name="test_490_charges_a_reporter_captured" time="0.566" /><testcase classname="tests.test_iter93cf_authoritative_distribution_lines" name="test_guerit_matches_user_target_26_92" time="0.014" /><testcase classname="tests.test_iter93cf_authoritative_distribution_lines" name="test_compte_499_absent_from_bilan_after_distribution" time="0.013" /><testcase classname="tests.test_iter93cf_authoritative_distribution_lines" name="test_499_sinistres_still_isolated" time="0.046" /><testcase classname="tests.test_iter93cf_authoritative_distribution_lines" name="test_bilan_equilibre_exact_after_distribution" time="0.014" /><testcase classname="tests.test_iter93cf_authoritative_distribution_lines" name="test_total_bilan_matches_optipro_within_1eur" time="0.015" /><testcase classname="tests.test_iter93cf_authoritative_distribution_lines" name="test_owner_net_balance_matches_optipro_exact" time="0.015" /><testcase classname="tests.test_iter93cg_single_engine_bilan_cloture" name="test_bilan_preview_uses_same_engine_as_cloture" time="0.014" /><testcase classname="tests.test_iter93cg_single_engine_bilan_cloture" name="test_bilan_preview_reflects_regularization_engine_output" time="0.026" /><testcase classname="tests.test_iter93cg_single_engine_bilan_cloture" name="test_cloture_od_amounts_match_bilan_preview" time="0.021" /><testcase classname="tests.test_iter93cg_single_engine_bilan_cloture" name="test_compte_499_matches_between_engines" time="0.016" /><testcase classname="tests.test_iter93cg_audit_an_matches_bilan" name="test_audit_an_matches_bilan_preview_then_reopen" time="0.605" /></testsuite></testsuites>