<?xml version="1.0" encoding="utf-8"?><testsuites name="pytest tests"><testsuite name="pytest" errors="0" failures="0" skipped="0" tests="4" time="0.380" timestamp="2026-07-30T19:34:10.151652+00:00" hostname="agent-env-c232a888-f004-4f41-8105-0b9f2a413b75"><testcase classname="tests.test_iter93cg_single_engine_bilan_cloture" name="test_bilan_preview_uses_same_engine_as_cloture" time="0.021" /><testcase classname="tests.test_iter93cg_single_engine_bilan_cloture" name="test_bilan_preview_reflects_regularization_engine_output" time="0.024" /><testcase classname="tests.test_iter93cg_single_engine_bilan_cloture" name="test_cloture_od_amounts_match_bilan_preview" time="0.023" /><testcase classname="tests.test_iter93cg_single_engine_bilan_cloture" name="test_compte_499_matches_between_engines" time="0.019" /></testsuite></testsuites>