<?xml version="1.0" encoding="utf-8"?><testsuites name="pytest tests"><testsuite name="pytest" errors="0" failures="0" skipped="3" tests="12" time="6.676" timestamp="2026-07-23T16:49:25.913509+00:00" hostname="agent-env-29701678-5fac-4f31-a1ba-1fe2556d2397"><testcase classname="backend.tests.test_iter68_suggestion_workflow.TestSuggestionWorkflow" name="test_validate_suggestion_404_nonexistent_txn" time="0.471" /><testcase classname="backend.tests.test_iter68_suggestion_workflow.TestSuggestionWorkflow" name="test_validate_suggestion_400_no_suggestion" time="0.391"><skipped type="pytest.skip" message="Empty DB - cannot create test data">/app/backend/tests/test_iter68_suggestion_workflow.py:63: Empty DB - cannot create test data</skipped></testcase><testcase classname="backend.tests.test_iter68_suggestion_workflow.TestSuggestionWorkflow" name="test_validate_all_suggestions_404_nonexistent_stmt" time="0.436" /><testcase classname="backend.tests.test_iter68_suggestion_workflow.TestSuggestionWorkflow" name="test_validate_all_suggestions_empty_db_returns_zero" time="0.401"><skipped type="pytest.skip" message="Empty DB - cannot create test data">/app/backend/tests/test_iter68_suggestion_workflow.py:112: Empty DB - cannot create test data</skipped></testcase><testcase classname="backend.tests.test_iter68_suggestion_workflow.TestSuggestionWorkflow" name="test_reject_suggestion_404_nonexistent_txn" time="0.438" /><testcase classname="backend.tests.test_iter68_suggestion_workflow.TestSuggestionWorkflow" name="test_reject_suggestion_400_no_suggestion" time="0.435"><skipped type="pytest.skip" message="Empty DB - cannot create test data">/app/backend/tests/test_iter68_suggestion_workflow.py:149: Empty DB - cannot create test data</skipped></testcase><testcase classname="backend.tests.test_iter68_suggestion_workflow.TestSuggestionWorkflow" name="test_auto_lettrage_vcs_returns_count_zero_on_empty_db" time="0.970" /><testcase classname="backend.tests.test_iter68_suggestion_workflow.TestSuggestionWorkflow" name="test_auto_lettrage_vcs_returns_suggestion_count_not_matched" time="0.909" /><testcase classname="backend.tests.test_iter68_suggestion_workflow.TestEndpointRouting" name="test_validate_suggestion_endpoint_exists" time="0.393" /><testcase classname="backend.tests.test_iter68_suggestion_workflow.TestEndpointRouting" name="test_validate_all_suggestions_endpoint_exists" time="0.408" /><testcase classname="backend.tests.test_iter68_suggestion_workflow.TestEndpointRouting" name="test_reject_suggestion_endpoint_exists" time="0.402" /><testcase classname="backend.tests.test_iter68_suggestion_workflow.TestEndpointRouting" name="test_auto_lettrage_vcs_endpoint_exists" time="0.932" /></testsuite></testsuites>