<?xml version="1.0" encoding="utf-8"?><testsuites name="pytest tests"><testsuite name="pytest" errors="0" failures="3" skipped="0" tests="87" time="13.076" timestamp="2026-05-17T17:01:13.576461+00:00" hostname="agent-env-bc735e88-5058-40fe-862b-475bd0d6368f"><testcase classname="backend.tests.test_iter10_rbac.TestOwnerReadAccess" name="test_owner_get_coproprietes_200" time="1.304" /><testcase classname="backend.tests.test_iter10_rbac.TestOwnerReadAccess" name="test_owner_get_owners_200" time="0.044"><failure message="AssertionError: {&quot;detail&quot;:&quot;Acces restreint au portail proprietaire (/portal)&quot;}&#10;assert 403 == 200&#10; +  where 403 = &lt;Response [403]&gt;.status_code">backend/tests/test_iter10_rbac.py:108: in test_owner_get_owners_200
    assert r.status_code == 200, r.text
E   AssertionError: {"detail":"Acces restreint au portail proprietaire (/portal)"}
E   assert 403 == 200
E    +  where 403 = &lt;Response [403]&gt;.status_code</failure></testcase><testcase classname="backend.tests.test_iter10_rbac.TestOwnerReadAccess" name="test_owner_get_invoices_200" time="0.094"><failure message="assert 403 == 200&#10; +  where 403 = &lt;Response [403]&gt;.status_code">backend/tests/test_iter10_rbac.py:112: in test_owner_get_invoices_200
    assert r.status_code == 200
E   assert 403 == 200
E    +  where 403 = &lt;Response [403]&gt;.status_code</failure></testcase><testcase classname="backend.tests.test_iter10_rbac.TestOwnerReadAccess" name="test_owner_get_auth_me_200" time="0.046" /><testcase classname="backend.tests.test_iter10_rbac.TestOwnerWriteForbidden" name="test_owner_post_owners_403" time="0.109"><failure message="assert ('lecture seule' in '{&quot;detail&quot;:&quot;acces restreint au portail proprietaire (/portal)&quot;}' or 'proprietaires' in '{&quot;detail&quot;:&quot;acces restreint au portail proprietaire (/portal)&quot;}')&#10; +  where '{&quot;detail&quot;:&quot;acces restreint au portail proprietaire (/portal)&quot;}' = &lt;built-in method lower of str object at 0xf97d0b473130&gt;()&#10; +    where &lt;built-in method lower of str object at 0xf97d0b473130&gt; = '{&quot;detail&quot;:&quot;Acces restreint au portail proprietaire (/portal)&quot;}'.lower&#10; +      where '{&quot;detail&quot;:&quot;Acces restreint au portail proprietaire (/portal)&quot;}' = &lt;Response [403]&gt;.text&#10; +  and   '{&quot;detail&quot;:&quot;acces restreint au portail proprietaire (/portal)&quot;}' = &lt;built-in method lower of str object at 0xf97d0b471f40&gt;()&#10; +    where &lt;built-in method lower of str object at 0xf97d0b471f40&gt; = '{&quot;detail&quot;:&quot;Acces restreint au portail proprietaire (/portal)&quot;}'.lower&#10; +      where '{&quot;detail&quot;:&quot;Acces restreint au portail proprietaire (/portal)&quot;}' = &lt;Response [403]&gt;.text">backend/tests/test_iter10_rbac.py:126: in test_owner_post_owners_403
    assert "lecture seule" in r.text.lower() or "proprietaires" in r.text.lower()
E   assert ('lecture seule' in '{"detail":"acces restreint au portail proprietaire (/portal)"}' or 'proprietaires' in '{"detail":"acces restreint au portail proprietaire (/portal)"}')
E    +  where '{"detail":"acces restreint au portail proprietaire (/portal)"}' = &lt;built-in method lower of str object at 0xf97d0b473130&gt;()
E    +    where &lt;built-in method lower of str object at 0xf97d0b473130&gt; = '{"detail":"Acces restreint au portail proprietaire (/portal)"}'.lower
E    +      where '{"detail":"Acces restreint au portail proprietaire (/portal)"}' = &lt;Response [403]&gt;.text
E    +  and   '{"detail":"acces restreint au portail proprietaire (/portal)"}' = &lt;built-in method lower of str object at 0xf97d0b471f40&gt;()
E    +    where &lt;built-in method lower of str object at 0xf97d0b471f40&gt; = '{"detail":"Acces restreint au portail proprietaire (/portal)"}'.lower
E    +      where '{"detail":"Acces restreint au portail proprietaire (/portal)"}' = &lt;Response [403]&gt;.text</failure></testcase><testcase classname="backend.tests.test_iter10_rbac.TestOwnerWriteForbidden" name="test_owner_put_owner_403" time="0.047" /><testcase classname="backend.tests.test_iter10_rbac.TestOwnerWriteForbidden" name="test_owner_delete_lot_403" time="0.046" /><testcase classname="backend.tests.test_iter10_rbac.TestOwnerWriteForbidden" name="test_owner_post_invoices_403" time="0.044" /><testcase classname="backend.tests.test_iter10_rbac.TestOwnerWriteForbidden" name="test_owner_delete_copro_403" time="0.045" /><testcase classname="backend.tests.test_iter10_rbac.TestOwnerAdminPathsForbidden" name="test_owner_post_demo_seed_403" time="0.048" /><testcase classname="backend.tests.test_iter10_rbac.TestOwnerAdminPathsForbidden" name="test_owner_post_admin_users_403" time="0.048" /><testcase classname="backend.tests.test_iter10_rbac.TestOwnerAdminPathsForbidden" name="test_owner_get_admin_users_403" time="0.044" /><testcase classname="backend.tests.test_iter10_rbac.TestGestionnaireReadWriteAccess" name="test_manager_get_coproprietes_200" time="0.381" /><testcase classname="backend.tests.test_iter10_rbac.TestGestionnaireReadWriteAccess" name="test_manager_post_owners_allowed" time="0.054" /><testcase classname="backend.tests.test_iter10_rbac.TestGestionnaireReadWriteAccess" name="test_manager_post_invoices_not_403" time="0.049" /><testcase classname="backend.tests.test_iter10_rbac.TestGestionnaireReadWriteAccess" name="test_manager_delete_lot_not_403" time="0.049" /><testcase classname="backend.tests.test_iter10_rbac.TestGestionnaireAdminPathsForbidden" name="test_manager_post_admin_users_403" time="0.053" /><testcase classname="backend.tests.test_iter10_rbac.TestGestionnaireAdminPathsForbidden" name="test_manager_post_demo_seed_403" time="0.048" /><testcase classname="backend.tests.test_iter10_rbac.TestGestionnaireAdminPathsForbidden" name="test_manager_get_admin_users_403" time="0.046" /><testcase classname="backend.tests.test_iter10_rbac.TestGestionnaireAdminPathsForbidden" name="test_manager_delete_copro_acceptable" time="0.050" /><testcase classname="backend.tests.test_iter10_rbac.TestSuperadminFullAccess" name="test_admin_get_coproprietes" time="0.045" /><testcase classname="backend.tests.test_iter10_rbac.TestSuperadminFullAccess" name="test_admin_get_admin_users" time="0.047" /><testcase classname="backend.tests.test_iter10_rbac.TestSuperadminFullAccess" name="test_admin_demo_seed" time="0.049" /><testcase classname="backend.tests.test_iter10_rbac.TestSuperadminFullAccess" name="test_admin_get_owners" time="0.056" /><testcase classname="backend.tests.test_iter10_rbac.TestSuperadminFullAccess" name="test_admin_get_banking_summary" time="0.047" /><testcase classname="backend.tests.test_iter10_rbac.TestSuperadminFullAccess" name="test_admin_get_reports" time="0.046" /><testcase classname="backend.tests.test_iter10_rbac.TestKnownIssues" name="test_auth_me_returns_id_not_underscore" time="0.044" /><testcase classname="backend.tests.test_iter10_rbac.TestKnownIssues" name="test_demo_seed_always_returns_counts" time="0.192" /><testcase classname="backend.tests.test_iter9_auth_middleware" name="test_protected_get_without_cookie_returns_401[/api/auth/me]" time="0.120" /><testcase classname="backend.tests.test_iter9_auth_middleware" name="test_protected_get_without_cookie_returns_401[/api/owners]" time="0.109" /><testcase classname="backend.tests.test_iter9_auth_middleware" name="test_protected_get_without_cookie_returns_401[/api/coproprietes]" time="0.137" /><testcase classname="backend.tests.test_iter9_auth_middleware" name="test_protected_get_without_cookie_returns_401[/api/accounting/pcmn]" time="0.100" /><testcase classname="backend.tests.test_iter9_auth_middleware" name="test_protected_get_without_cookie_returns_401[/api/reports/bilan]" time="0.140" /><testcase classname="backend.tests.test_iter9_auth_middleware" name="test_protected_get_without_cookie_returns_401[/api/reports/grand-livre]" time="0.104" /><testcase classname="backend.tests.test_iter9_auth_middleware" name="test_protected_get_without_cookie_returns_401[/api/lots]" time="0.101" /><testcase classname="backend.tests.test_iter9_auth_middleware" name="test_protected_get_without_cookie_returns_401[/api/invoices]" time="0.106" /><testcase classname="backend.tests.test_iter9_auth_middleware" name="test_protected_get_without_cookie_returns_401[/api/banking/statements]" time="0.113" /><testcase classname="backend.tests.test_iter9_auth_middleware" name="test_protected_get_without_cookie_returns_401[/api/banking/transactions]" time="0.119" /><testcase classname="backend.tests.test_iter9_auth_middleware" name="test_protected_get_without_cookie_returns_401[/api/documents]" time="0.099" /><testcase classname="backend.tests.test_iter9_auth_middleware" name="test_protected_get_without_cookie_returns_401[/api/documents/categories]" time="0.115" /><testcase classname="backend.tests.test_iter9_auth_middleware" name="test_protected_get_without_cookie_returns_401[/api/fund-calls]" time="0.119" /><testcase classname="backend.tests.test_iter9_auth_middleware" name="test_protected_get_without_cookie_returns_401[/api/fiscal/years]" time="0.093" /><testcase classname="backend.tests.test_iter9_auth_middleware" name="test_protected_get_without_cookie_returns_401[/api/distribution-keys]" time="1.232" /><testcase classname="backend.tests.test_iter9_auth_middleware" name="test_protected_get_without_cookie_returns_401[/api/suppliers]" time="0.126" /><testcase classname="backend.tests.test_iter9_auth_middleware" name="test_destructive_admin_seed_without_cookie_returns_401" time="0.103" /><testcase classname="backend.tests.test_iter9_auth_middleware" name="test_post_coproprietes_without_cookie_returns_401" time="0.096" /><testcase classname="backend.tests.test_iter9_auth_middleware" name="test_put_owner_without_cookie_returns_401" time="0.113" /><testcase classname="backend.tests.test_iter9_auth_middleware" name="test_delete_lot_without_cookie_returns_401" time="0.106" /><testcase classname="backend.tests.test_iter9_auth_middleware" name="test_expired_token_returns_401_token_expired" time="0.465" /><testcase classname="backend.tests.test_iter9_auth_middleware" name="test_invalid_random_token_returns_401_invalid_token" time="0.102" /><testcase classname="backend.tests.test_iter9_auth_middleware" name="test_garbage_token_returns_401_invalid_token" time="0.103" /><testcase classname="backend.tests.test_iter9_auth_middleware" name="test_refresh_token_used_as_access_returns_401_invalid_type" time="0.104" /><testcase classname="backend.tests.test_iter9_auth_middleware" name="test_token_signed_with_wrong_secret_returns_401" time="0.098" /><testcase classname="backend.tests.test_iter9_auth_middleware" name="test_login_without_cookie_works" time="0.336" /><testcase classname="backend.tests.test_iter9_auth_middleware" name="test_login_with_bad_credentials_returns_401_not_middleware_401" time="0.325" /><testcase classname="backend.tests.test_iter9_auth_middleware" name="test_register_without_cookie_reaches_handler" time="0.099" /><testcase classname="backend.tests.test_iter9_auth_middleware" name="test_register_new_user_without_cookie_works" time="0.322" /><testcase classname="backend.tests.test_iter9_auth_middleware" name="test_logout_without_cookie_works" time="0.117" /><testcase classname="backend.tests.test_iter9_auth_middleware" name="test_refresh_without_cookie_returns_401_no_refresh_token" time="0.101" /><testcase classname="backend.tests.test_iter9_auth_middleware" name="test_valid_cookie_allows_owners" time="0.045" /><testcase classname="backend.tests.test_iter9_auth_middleware" name="test_valid_cookie_allows_coproprietes" time="0.044" /><testcase classname="backend.tests.test_iter9_auth_middleware" name="test_valid_cookie_allows_pcmn" time="0.060" /><testcase classname="backend.tests.test_iter9_auth_middleware" name="test_valid_cookie_allows_documents_categories" time="0.046" /><testcase classname="backend.tests.test_iter9_auth_middleware" name="test_valid_cookie_allows_auth_me" time="0.047" /><testcase classname="backend.tests.test_iter9_auth_middleware" name="test_bearer_token_in_header_works" time="0.110" /><testcase classname="backend.tests.test_iter9_auth_middleware" name="test_bearer_token_invalid_returns_401" time="0.128" /><testcase classname="backend.tests.test_iter9_auth_middleware" name="test_bearer_token_allows_auth_me" time="0.100" /><testcase classname="backend.tests.test_iter9_auth_middleware" name="test_options_preflight_on_protected_route_passes" time="0.063" /><testcase classname="backend.tests.test_iter9_auth_middleware" name="test_options_preflight_on_login_passes" time="0.067" /><testcase classname="backend.tests.test_iter9_auth_middleware" name="test_regression_create_and_delete_acp_with_auth" time="0.099" /><testcase classname="backend.tests.test_iter9_auth_middleware" name="test_non_api_path_is_not_blocked" time="0.102" /><testcase classname="backend.tests.test_iter7_chinese_walls" name="test_auth_login_ok" time="0.368" /><testcase classname="backend.tests.test_iter7_chinese_walls" name="test_acp_creation_with_inline_lots" time="0.184" /><testcase classname="backend.tests.test_iter7_chinese_walls" name="test_distribution_key_chinese_wall" time="0.185" /><testcase classname="backend.tests.test_iter7_chinese_walls" name="test_invoices_chinese_wall" time="0.183" /><testcase classname="backend.tests.test_iter7_chinese_walls" name="test_accounting_entries_chinese_wall" time="0.180" /><testcase classname="backend.tests.test_iter7_chinese_walls" name="test_banking_chinese_wall" time="0.368" /><testcase classname="backend.tests.test_iter7_chinese_walls" name="test_fund_calls_chinese_wall_and_lots_scope" time="0.269" /><testcase classname="backend.tests.test_iter7_chinese_walls" name="test_reports_balance_scoped" time="0.089" /><testcase classname="backend.tests.test_iter7_chinese_walls" name="test_reports_bilan_and_resultat_scoped" time="0.193" /><testcase classname="backend.tests.test_iter7_chinese_walls" name="test_reports_balance_tiers_owners_scoped" time="0.047" /><testcase classname="backend.tests.test_iter7_chinese_walls" name="test_reports_balance_tiers_suppliers_scoped" time="0.091" /><testcase classname="backend.tests.test_iter7_chinese_walls" name="test_meters_chinese_wall" time="0.187" /><testcase classname="backend.tests.test_iter7_chinese_walls" name="test_documents_chinese_wall" time="0.369" /><testcase classname="backend.tests.test_iter7_chinese_walls" name="test_fiscal_chinese_wall" time="0.365" /><testcase classname="backend.tests.test_iter7_chinese_walls" name="test_backward_compat_no_filter_returns_all" time="0.142" /><testcase classname="backend.tests.test_iter7_chinese_walls" name="test_backward_compat_create_without_copro_id" time="0.097" /></testsuite></testsuites>