<?xml version="1.0" encoding="utf-8"?><testsuites name="pytest tests"><testsuite name="pytest" errors="0" failures="0" skipped="0" tests="3" time="4.773" timestamp="2026-07-26T17:49:35.718388+00:00" hostname="agent-env-8988babc-2dbe-43b5-b5b8-af37a98d9af3"><testcase classname="backend.tests.test_iter90fu_budget_total" name="test_wizard_commit_budget_writes_total_and_total_amount" time="3.768" /><testcase classname="backend.tests.test_iter90fu_budget_total" name="test_list_budgets_backfills_missing_total_from_total_amount" time="0.435" /><testcase classname="backend.tests.test_iter90fu_budget_total" name="test_list_budgets_recomputes_when_both_missing" time="0.417" /></testsuite></testsuites>