<?xml version="1.0" encoding="utf-8"?><testsuites name="pytest tests"><testsuite name="pytest" errors="0" failures="2" skipped="0" tests="37" time="3.286" timestamp="2026-05-16T21:43:37.599036+00:00" hostname="agent-env-bc735e88-5058-40fe-862b-475bd0d6368f"><testcase classname="tests.test_new_features.TestAuthRole" name="test_login_returns_superadmin" time="0.582" /><testcase classname="tests.test_new_features.TestCoproprietes" name="test_list_requires_auth" time="0.142" /><testcase classname="tests.test_new_features.TestCoproprietes" name="test_create_copro" time="0.069" /><testcase classname="tests.test_new_features.TestCoproprietes" name="test_list_after_create" time="0.045" /><testcase classname="tests.test_new_features.TestCoproprietes" name="test_delete_copro" time="0.044" /><testcase classname="tests.test_new_features.TestSuppliers" name="test_create_supplier" time="0.067" /><testcase classname="tests.test_new_features.TestSuppliers" name="test_get_supplier" time="0.053" /><testcase classname="tests.test_new_features.TestSuppliers" name="test_list_suppliers" time="0.045" /><testcase classname="tests.test_new_features.TestSuppliers" name="test_update_supplier" time="0.044" /><testcase classname="tests.test_new_features.TestSuppliers" name="test_delete_supplier" time="0.097" /><testcase classname="tests.test_new_features.TestFiscal" name="test_create_fiscal_year" time="0.047" /><testcase classname="tests.test_new_features.TestFiscal" name="test_list_years" time="0.043" /><testcase classname="tests.test_new_features.TestFiscal" name="test_create_budget" time="0.044" /><testcase classname="tests.test_new_features.TestFiscal" name="test_budget_comparison" time="0.046" /><testcase classname="tests.test_new_features.TestFiscal" name="test_close_year" time="0.047" /><testcase classname="tests.test_new_features.TestFiscal" name="test_reopen_year" time="0.044" /><testcase classname="tests.test_new_features.TestFiscal" name="test_zz_cleanup" time="0.046" /><testcase classname="tests.test_new_features.TestOwnersVCS" name="test_create_owner_with_vcs" time="0.062" /><testcase classname="tests.test_new_features.TestOwnersVCS" name="test_lookup_vcs" time="0.045"><failure message="assert False&#10; +  where False = any(&lt;generator object TestOwnersVCS.test_lookup_vcs.&lt;locals&gt;.&lt;genexpr&gt; at 0xff6ffe56af60&gt;)">tests/test_new_features.py:199: in test_lookup_vcs
    assert any(o["id"] == TestOwnersVCS.owner_id for o in r.json())
E   assert False
E    +  where False = any(&lt;generator object TestOwnersVCS.test_lookup_vcs.&lt;locals&gt;.&lt;genexpr&gt; at 0xff6ffe56af60&gt;)</failure></testcase><testcase classname="tests.test_new_features.TestOwnersVCS" name="test_zz_cleanup_owner" time="0.045" /><testcase classname="tests.test_new_features.TestFundCalls" name="test_create_fund_call" time="0.060" /><testcase classname="tests.test_new_features.TestFundCalls" name="test_get_fund_call" time="0.044" /><testcase classname="tests.test_new_features.TestFundCalls" name="test_generate_entries" time="0.047" /><testcase classname="tests.test_new_features.TestFundCalls" name="test_list_calls" time="0.049" /><testcase classname="tests.test_new_features.TestFundCalls" name="test_zz_cleanup_call" time="0.044" /><testcase classname="tests.test_new_features.TestReports" name="test_grand_livre" time="0.045" /><testcase classname="tests.test_new_features.TestReports" name="test_balance" time="0.046" /><testcase classname="tests.test_new_features.TestReports" name="test_bilan" time="0.043" /><testcase classname="tests.test_new_features.TestReports" name="test_resultat" time="0.044" /><testcase classname="tests.test_new_features.TestReports" name="test_decompte" time="0.044" /><testcase classname="tests.test_new_features.TestReports" name="test_decompte_pdf" time="0.418" /><testcase classname="tests.test_new_features.TestAdminUsers" name="test_list_users" time="0.045" /><testcase classname="tests.test_new_features.TestAdminUsers" name="test_create_user" time="0.268" /><testcase classname="tests.test_new_features.TestAdminUsers" name="test_update_user" time="0.048" /><testcase classname="tests.test_new_features.TestAdminUsers" name="test_delete_user" time="0.049" /><testcase classname="tests.test_new_features.TestAdminUsers" name="test_unauthorized_admin" time="0.149" /><testcase classname="tests.test_new_features.TestJournals" name="test_create_balanced_entry" time="0.043"><failure message="AssertionError: 404 {&quot;detail&quot;:&quot;Not Found&quot;}&#10;assert 404 in (200, 201)&#10; +  where 404 = &lt;Response [404]&gt;.status_code">tests/test_new_features.py:350: in test_create_balanced_entry
    assert r.status_code in (200, 201), f"{r.status_code} {r.text}"
E   AssertionError: 404 {"detail":"Not Found"}
E   assert 404 in (200, 201)
E    +  where 404 = &lt;Response [404]&gt;.status_code</failure></testcase></testsuite></testsuites>