<?xml version="1.0" encoding="utf-8"?><testsuites name="pytest tests"><testsuite name="pytest" errors="0" failures="0" skipped="0" tests="30" time="4.927" timestamp="2026-05-17T17:00:56.135043+00:00" hostname="agent-env-bc735e88-5058-40fe-862b-475bd0d6368f"><testcase classname="backend.tests.test_iter11_owner_portal.TestOwnerPortalEndpoints" name="test_login_sets_cookie_and_role_owner" time="1.231" /><testcase classname="backend.tests.test_iter11_owner_portal.TestOwnerPortalEndpoints" name="test_owner_me" time="0.064" /><testcase classname="backend.tests.test_iter11_owner_portal.TestOwnerPortalEndpoints" name="test_owner_dashboard" time="0.084" /><testcase classname="backend.tests.test_iter11_owner_portal.TestOwnerPortalEndpoints" name="test_owner_coproprietes" time="0.095" /><testcase classname="backend.tests.test_iter11_owner_portal.TestOwnerPortalEndpoints" name="test_owner_fund_calls" time="0.067" /><testcase classname="backend.tests.test_iter11_owner_portal.TestOwnerPortalEndpoints" name="test_owner_invoices" time="0.057" /><testcase classname="backend.tests.test_iter11_owner_portal.TestOwnerPortalEndpoints" name="test_owner_documents" time="0.059" /><testcase classname="backend.tests.test_iter11_owner_portal.TestOwnerPortalEndpoints" name="test_owner_situation_authorised" time="0.119" /><testcase classname="backend.tests.test_iter11_owner_portal.TestOwnerPortalEndpoints" name="test_owner_situation_forbidden_other_acp" time="0.170" /><testcase classname="backend.tests.test_iter11_owner_portal.TestOwnerNoMatch" name="test_orphan_owner_me_404" time="0.639" /><testcase classname="backend.tests.test_iter11_owner_portal.TestOwnerNoMatch" name="test_orphan_owner_dashboard_404" time="0.047" /><testcase classname="backend.tests.test_iter11_owner_portal.TestOwnerRBACWhitelist" name="test_owner_forbidden_paths[/api/owners]" time="0.062" /><testcase classname="backend.tests.test_iter11_owner_portal.TestOwnerRBACWhitelist" name="test_owner_forbidden_paths[/api/admin/users]" time="0.056" /><testcase classname="backend.tests.test_iter11_owner_portal.TestOwnerRBACWhitelist" name="test_owner_forbidden_paths[/api/accounting/pcmn]" time="0.066" /><testcase classname="backend.tests.test_iter11_owner_portal.TestOwnerRBACWhitelist" name="test_owner_forbidden_paths[/api/invoices]" time="0.065" /><testcase classname="backend.tests.test_iter11_owner_portal.TestOwnerRBACWhitelist" name="test_owner_forbidden_paths[/api/lots]" time="0.058" /><testcase classname="backend.tests.test_iter11_owner_portal.TestOwnerRBACWhitelist" name="test_owner_forbidden_paths[/api/banking/transactions]" time="0.063" /><testcase classname="backend.tests.test_iter11_owner_portal.TestOwnerRBACWhitelist" name="test_owner_forbidden_paths[/api/reports/bilan]" time="0.058" /><testcase classname="backend.tests.test_iter11_owner_portal.TestOwnerRBACWhitelist" name="test_owner_allowed_coproprietes" time="0.058" /><testcase classname="backend.tests.test_iter11_owner_portal.TestOwnerRBACWhitelist" name="test_owner_allowed_auth_me" time="0.058" /><testcase classname="backend.tests.test_iter11_owner_portal.TestOwnerRBACWhitelist" name="test_owner_post_owner_route_forbidden" time="0.054" /><testcase classname="backend.tests.test_iter11_owner_portal.TestOwnerRBACWhitelist" name="test_owner_put_lots_forbidden" time="0.056" /><testcase classname="backend.tests.test_iter11_owner_portal.TestRegressionOtherRoles" name="test_gestionnaire_can_read_coproprietes" time="0.662" /><testcase classname="backend.tests.test_iter11_owner_portal.TestRegressionOtherRoles" name="test_gestionnaire_can_read_invoices" time="0.056" /><testcase classname="backend.tests.test_iter11_owner_portal.TestRegressionOtherRoles" name="test_gestionnaire_can_read_owners" time="0.054" /><testcase classname="backend.tests.test_iter11_owner_portal.TestRegressionOtherRoles" name="test_gestionnaire_can_read_lots" time="0.052" /><testcase classname="backend.tests.test_iter11_owner_portal.TestRegressionOtherRoles" name="test_gestionnaire_can_read_banking" time="0.065" /><testcase classname="backend.tests.test_iter11_owner_portal.TestRegressionOtherRoles" name="test_gestionnaire_admin_users_forbidden" time="0.047" /><testcase classname="backend.tests.test_iter11_owner_portal.TestRegressionOtherRoles" name="test_superadmin_full_access" time="0.354" /><testcase classname="backend.tests.test_iter11_owner_portal.TestRegressionOtherRoles" name="test_superadmin_cannot_use_owner_portal" time="0.247" /></testsuite></testsuites>