<?xml version="1.0" encoding="utf-8"?><testsuites name="pytest tests"><testsuite name="pytest" errors="0" failures="0" skipped="1" tests="6" time="1.416" timestamp="2026-07-20T14:03:16.753186+00:00" hostname="agent-env-f93a4f05-0d6e-4e35-91d9-fb01e8f40791"><testcase classname="tests.test_iter90it_http_regression" name="test_chinese_wall_missing_copropriete_id_returns_422" time="0.579" /><testcase classname="tests.test_iter90it_http_regression" name="test_chinese_wall_empty_copropriete_id_returns_400" time="0.064" /><testcase classname="tests.test_iter90it_http_regression" name="test_bce_lookup_by_name_still_works" time="0.091" /><testcase classname="tests.test_iter90it_http_regression" name="test_bce_opendata_status" time="0.062" /><testcase classname="tests.test_iter90it_http_regression" name="test_reconcile_endpoint_e2e_and_health_audit" time="0.344"><skipped type="pytest.skip" message="health-audit returned 404 (not blocking)">/app/backend/tests/test_iter90it_http_regression.py:145: health-audit returned 404 (not blocking)</skipped></testcase><testcase classname="tests.test_iter90it_http_regression" name="test_unauth_reconcile_forbidden" time="0.149" /></testsuite></testsuites>