<?xml version="1.0" encoding="utf-8"?><testsuites name="pytest tests"><testsuite name="pytest" errors="0" failures="0" skipped="0" tests="5" time="0.386" timestamp="2026-07-21T07:38:46.313170+00:00" hostname="agent-env-f93a4f05-0d6e-4e35-91d9-fb01e8f40791"><testcase classname="backend.tests.test_iter90jm_master_slave_statement_fi_sync" name="test_generate_bank_entry_writes_statement_line_id_and_statement_id" time="0.092" /><testcase classname="backend.tests.test_iter90jm_master_slave_statement_fi_sync" name="test_update_statement_propagates_new_date_to_child_fi_entries" time="0.204" /><testcase classname="backend.tests.test_iter90jm_master_slave_statement_fi_sync" name="test_delete_posted_statement_cascades_to_transactions_and_fi" time="0.019" /><testcase classname="backend.tests.test_iter90jm_master_slave_statement_fi_sync" name="test_backfill_writes_statement_line_id_when_missing" time="0.022" /><testcase classname="backend.tests.test_iter90jm_master_slave_statement_fi_sync" name="test_cleanup_orphaned_fi_hard_deletes_when_source_txn_missing" time="0.016" /></testsuite></testsuites>