<?xml version="1.0" encoding="utf-8"?><testsuites name="pytest tests"><testsuite name="pytest" errors="0" failures="0" skipped="0" tests="7" time="1.108" timestamp="2026-07-27T06:13:51.904991+00:00" hostname="agent-env-8988babc-2dbe-43b5-b5b8-af37a98d9af3"><testcase classname="backend.tests.test_iter90ib_banking_title_exclusion" name="test_puttemans_no_false_match_via_mme_token" time="0.627" /><testcase classname="backend.tests.test_iter90ib_banking_title_exclusion" name="test_woillard_no_false_match_via_mme_token" time="0.047" /><testcase classname="backend.tests.test_iter90ib_banking_title_exclusion" name="test_degeest_still_matches_exact" time="0.047" /><testcase classname="backend.tests.test_iter90ib_banking_title_exclusion" name="test_unknown_mme_does_not_match_any" time="0.052" /><testcase classname="backend.tests.test_iter90ib_banking_title_exclusion" name="test_vcs_priority_over_name" time="0.045" /><testcase classname="backend.tests.test_iter90ib_banking_title_exclusion" name="test_only_title_no_name_no_match" time="0.086" /><testcase classname="backend.tests.test_iter90ib_banking_title_exclusion" name="test_msieur_variant_also_excluded" time="0.054" /></testsuite></testsuites>