<?xml version="1.0" encoding="utf-8"?><testsuites name="pytest tests"><testsuite name="pytest" errors="0" failures="0" skipped="1" tests="21" time="1.952" timestamp="2026-07-24T10:33:29.819475+00:00" hostname="agent-env-29701678-5fac-4f31-a1ba-1fe2556d2397"><testcase classname="tests.test_iter73_dedup_syndic.TestAuthentication" name="test_login_success" time="0.447" /><testcase classname="tests.test_iter73_dedup_syndic.TestAuthentication" name="test_login_invalid_credentials" time="0.094" /><testcase classname="tests.test_iter73_dedup_syndic.TestAuthentication" name="test_auth_me_requires_auth" time="0.104" /><testcase classname="tests.test_iter73_dedup_syndic.TestCoproprietes" name="test_list_coproprietes" time="0.374" /><testcase classname="tests.test_iter73_dedup_syndic.TestCoproprietes" name="test_get_copropriete_by_id" time="0.048" /><testcase classname="tests.test_iter73_dedup_syndic.TestOwners" name="test_list_owners_syndic_wide" time="0.050" /><testcase classname="tests.test_iter73_dedup_syndic.TestOwners" name="test_list_owners_by_copro" time="0.054" /><testcase classname="tests.test_iter73_dedup_syndic.TestOwners" name="test_create_owner_returns_vcs_code" time="0.051" /><testcase classname="tests.test_iter73_dedup_syndic.TestOwners" name="test_check_duplicate_email_exists" time="0.049" /><testcase classname="tests.test_iter73_dedup_syndic.TestOwners" name="test_create_owner_duplicate_email_returns_409" time="0.047" /><testcase classname="tests.test_iter73_dedup_syndic.TestOwners" name="test_update_owner" time="0.051" /><testcase classname="tests.test_iter73_dedup_syndic.TestOwners" name="test_delete_owner_no_references" time="0.052" /><testcase classname="tests.test_iter73_dedup_syndic.TestSuppliers" name="test_list_suppliers_requires_copro" time="0.048" /><testcase classname="tests.test_iter73_dedup_syndic.TestSuppliers" name="test_list_suppliers_with_copro" time="0.048" /><testcase classname="tests.test_iter73_dedup_syndic.TestSuppliers" name="test_list_suppliers_all_superadmin" time="0.073" /><testcase classname="tests.test_iter73_dedup_syndic.TestSuppliers" name="test_check_duplicate_supplier_bce" time="0.051"><skipped type="pytest.skip" message="Could not create test supplier: {&quot;detail&quot;:&quot;Homonymes potentiels detectes : \&quot;Test Supplier 0c9a\&quot; (85%), \&quot;Test Supplier 9038\&quot; (80%), \&quot;Test Supplier 4393\&quot; (80%). Verifiez si l'un correspond avant de creer un nouveau fournisseur (force_create_despite_similar=true pour passer outre).&quot;}">/app/backend/tests/test_iter73_dedup_syndic.py:240: Could not create test supplier: {"detail":"Homonymes potentiels detectes : \"Test Supplier 0c9a\" (85%), \"Test Supplier 9038\" (80%), \"Test Supplier 4393\" (80%). Verifiez si l'un correspond avant de creer un nouveau fournisseur (force_create_despite_similar=true pour passer outre)."}</skipped></testcase><testcase classname="tests.test_iter73_dedup_syndic.TestSuppliers" name="test_create_supplier_requires_copro" time="0.050" /><testcase classname="tests.test_iter73_dedup_syndic.TestSuppliers" name="test_create_supplier_with_copro" time="0.049" /><testcase classname="tests.test_iter73_dedup_syndic.TestSuppliers" name="test_cleanup_test_suppliers" time="0.080" /><testcase classname="tests.test_iter73_dedup_syndic.TestCascadeDelete" name="test_delete_copropriete_cascade_info" time="0.000" /><testcase classname="tests.test_iter73_dedup_syndic.TestSyndicScope" name="test_auth_me_returns_user_info" time="0.047" /></testsuite></testsuites>