<?xml version="1.0" encoding="utf-8"?><testsuites name="pytest tests"><testsuite name="pytest" errors="0" failures="0" skipped="0" tests="6" time="2.429" timestamp="2026-07-30T11:03:32.089578+00:00" hostname="agent-env-8988babc-2dbe-43b5-b5b8-af37a98d9af3"><testcase classname="backend.tests.test_iter93bm_owner_vcs_dedup" name="test_preview_vcs_uniqueness" time="0.375" /><testcase classname="backend.tests.test_iter93bm_owner_vcs_dedup" name="test_create_owner_dedup_email_cross_acp" time="0.371" /><testcase classname="backend.tests.test_iter93bm_owner_vcs_dedup" name="test_create_owner_dedup_vcs_cross_acp" time="0.360" /><testcase classname="backend.tests.test_iter93bm_owner_vcs_dedup" name="test_check_duplicate_vcs_endpoint" time="0.372" /><testcase classname="backend.tests.test_iter93bm_owner_vcs_dedup" name="test_create_owner_aux_code_local_per_acp" time="0.469" /><testcase classname="backend.tests.test_iter93bm_owner_vcs_dedup" name="test_create_owner_unique_regression" time="0.307" /></testsuite></testsuites>