<?xml version="1.0" encoding="utf-8"?><testsuites name="pytest tests"><testsuite name="pytest" errors="0" failures="0" skipped="0" tests="9" time="2.000" timestamp="2026-07-16T16:13:50.028267+00:00" hostname="agent-env-f93a4f05-0d6e-4e35-91d9-fb01e8f40791"><testcase classname="tests.test_iter90gk_scenarios_e2e" name="test_s1_supplier_without_bce_returns_400" time="0.558" /><testcase classname="tests.test_iter90gk_scenarios_e2e" name="test_s2_bce_global_uniqueness" time="0.191" /><testcase classname="tests.test_iter90gk_scenarios_e2e" name="test_s3_owner_strict_email_duplicate" time="0.191" /><testcase classname="tests.test_iter90gk_scenarios_e2e" name="test_s4_owner_homonym_detection_and_force" time="0.361" /><testcase classname="tests.test_iter90gk_scenarios_e2e" name="test_s5_duplicates_audit_json" time="0.103" /><testcase classname="tests.test_iter90gk_scenarios_e2e" name="test_s5_duplicates_audit_csv" time="0.127" /><testcase classname="tests.test_iter90gk_scenarios_e2e" name="test_s6_bce_candidates_existing_supplier" time="0.194" /><testcase classname="tests.test_iter90gk_scenarios_e2e" name="test_s6_bce_candidates_missing_supplier" time="0.079" /><testcase classname="tests.test_iter90gk_scenarios_e2e" name="test_s7_bilan_maria_equilibre" time="0.070" /></testsuite></testsuites>