<?xml version="1.0" encoding="utf-8"?><testsuites name="pytest tests"><testsuite name="pytest" errors="0" failures="0" skipped="0" tests="21" time="4.793" timestamp="2026-07-30T16:33:15.111066+00:00" hostname="agent-env-c232a888-f004-4f41-8105-0b9f2a413b75"><testcase classname="backend.tests.test_iter93bu_optipro_parser" name="test_real_optipro_bilan_balanced" time="0.001" /><testcase classname="backend.tests.test_iter93bu_optipro_parser" name="test_bank_accounts_8digit_extracted" time="0.000" /><testcase classname="backend.tests.test_iter93bu_optipro_parser" name="test_diagnostic_fields_present" time="0.000" /><testcase classname="backend.tests.test_iter93bu_optipro_parser" name="test_empty_pdf_returns_diagnostic" time="0.051" /><testcase classname="backend.tests.test_iter93cc_490_regul_no_redistribution" name="test_490_stays_in_regul_actif_after_distribution" time="0.021" /><testcase classname="backend.tests.test_iter93cc_490_regul_no_redistribution" name="test_guerit_balance_close_to_optipro_after_490_fix" time="0.015" /><testcase classname="backend.tests.test_iter93cc_490_regul_no_redistribution" name="test_bilan_totals_match_optipro_structure" time="0.014" /><testcase classname="backend.tests.test_iter93cd_per_key_distribution" name="test_guerit_after_distribution_close_to_optipro" time="0.015" /><testcase classname="backend.tests.test_iter93cd_per_key_distribution" name="test_owner_net_balance_matches_optipro_exactly" time="0.014" /><testcase classname="backend.tests.test_iter93cd_per_key_distribution" name="test_owner_count_matches_optipro" time="0.014" /><testcase classname="backend.tests.test_iter93cd_per_key_distribution" name="test_bilan_equilibre_all_coproprietes" time="0.058" /><testcase classname="backend.tests.test_iter93cd_sanity_extra" name="test_compte_499_identical_before_after_agathe" time="0.019" /><testcase classname="backend.tests.test_iter93cd_sanity_extra" name="test_guerit_close_to_13_85_target" time="0.014" /><testcase classname="backend.tests.test_iter93cd_sanity_extra" name="test_fallback_acp_no_invoices_balanced" time="0.025" /><testcase classname="backend.tests.test_iter93ce_optipro_parser_multiline_410" name="test_bilan_2027_balanced_and_totals" time="0.584" /><testcase classname="backend.tests.test_iter93ce_optipro_parser_multiline_410" name="test_all_28_actif_410_subaccounts_captured" time="0.597" /><testcase classname="backend.tests.test_iter93ce_optipro_parser_multiline_410" name="test_multiline_label_captured_correctly" time="0.573" /><testcase classname="backend.tests.test_iter93ce_optipro_parser_multiline_410" name="test_all_9_passif_410_subaccounts_captured" time="0.601" /><testcase classname="backend.tests.test_iter93ce_optipro_parser_multiline_410" name="test_no_subaccount_sum_warnings" time="0.566" /><testcase classname="backend.tests.test_iter93ce_optipro_parser_multiline_410" name="test_bank_accounts_8digit_extracted" time="0.603" /><testcase classname="backend.tests.test_iter93ce_optipro_parser_multiline_410" name="test_490_charges_a_reporter_captured" time="0.565" /></testsuite></testsuites>