<?xml version="1.0" encoding="utf-8"?><testsuites name="pytest tests"><testsuite name="pytest" errors="0" failures="0" skipped="0" tests="3" time="4.762" timestamp="2026-07-24T09:14:10.136280+00:00" hostname="agent-env-29701678-5fac-4f31-a1ba-1fe2556d2397"><testcase classname="backend.tests.test_iter72_purge_e2e.TestPurgeE2EWithSyndicLogin" name="test_full_purge_e2e_with_syndic_login" time="1.670" /><testcase classname="backend.tests.test_iter72_purge_e2e.TestPurgeE2EWithSyndicLogin" name="test_purge_with_lot_and_owner" time="1.497" /><testcase classname="backend.tests.test_iter72_purge_e2e.TestVerifyOwnersAfterPurge" name="test_owners_zero_after_purge" time="1.499" /></testsuite></testsuites>