<?xml version="1.0" encoding="utf-8"?><testsuites name="pytest tests"><testsuite name="pytest" errors="0" failures="0" skipped="0" tests="5" time="2.978" timestamp="2026-07-30T11:45:34.569700+00:00" hostname="agent-env-8988babc-2dbe-43b5-b5b8-af37a98d9af3"><testcase classname="tests.test_iter93bn_owner_vcs_priority" name="test_parse_owners_pdf_12_owners_unique_vcs" time="0.094" /><testcase classname="tests.test_iter93bn_owner_vcs_priority" name="test_same_email_diff_vcs_creates_two_owners" time="0.381" /><testcase classname="tests.test_iter93bn_owner_vcs_priority" name="test_same_vcs_returns_reused" time="0.356" /><testcase classname="tests.test_iter93bn_owner_vcs_priority" name="test_e2e_pdf_import_idempotent_12_owners" time="1.591" /><testcase classname="tests.test_iter93bn_owner_vcs_priority" name="test_multi_acp_consolidation_via_vcs" time="0.360" /></testsuite></testsuites>