<?xml version="1.0" encoding="utf-8"?><testsuites name="pytest tests"><testsuite name="pytest" errors="0" failures="1" skipped="0" tests="8" time="1.654" timestamp="2026-07-26T17:22:08.278002+00:00" hostname="agent-env-8988babc-2dbe-43b5-b5b8-af37a98d9af3"><testcase classname="tests.test_iter90fs_ft_supplier_manual_match.TestSuppliersCatalog" name="test_alpha_can_read_catalog" time="0.709" /><testcase classname="tests.test_iter90fs_ft_supplier_manual_match.TestSuppliersCatalog" name="test_chinese_wall_beta_cannot_read_alpha_session_catalog" time="0.397" /><testcase classname="tests.test_iter90fs_ft_supplier_manual_match.TestPreviewNameSuggestion" name="test_homonym_suggestion_populated" time="0.055" /><testcase classname="tests.test_iter90fs_ft_supplier_manual_match.TestPreviewNameSuggestion" name="test_unknown_name_no_suggestion" time="0.054" /><testcase classname="tests.test_iter90fs_ft_supplier_manual_match.TestPreviewManualMatchByAuxCode" name="test_manual_match_flips_status_and_rewrites_aux" time="0.053" /><testcase classname="tests.test_iter90fs_ft_supplier_manual_match.TestPreviewManualMatchByName" name="test_manual_match_by_uppercase_name" time="0.052" /><testcase classname="tests.test_iter90fs_ft_supplier_manual_match.TestOrphanAccounts" name="test_orphan_440_detected" time="0.060" /><testcase classname="tests.test_iter90fs_ft_supplier_manual_match.TestCommitWithManualMatches" name="test_commit_merges_no_duplicate_created" time="0.115"><failure message="AssertionError: commit failed: 500 {&quot;detail&quot;:&quot;Erreur interne du serveur&quot;}&#10;assert 500 == 200&#10; +  where 500 = &lt;Response [500]&gt;.status_code">tests/test_iter90fs_ft_supplier_manual_match.py:290: in test_commit_merges_no_duplicate_created
    assert r.status_code == 200, f"commit failed: {r.status_code} {r.text}"
E   AssertionError: commit failed: 500 {"detail":"Erreur interne du serveur"}
E   assert 500 == 200
E    +  where 500 = &lt;Response [500]&gt;.status_code</failure></testcase></testsuite></testsuites>