<?xml version="1.0" encoding="utf-8"?><testsuites name="pytest tests"><testsuite name="pytest" errors="2" failures="7" skipped="12" tests="95" time="30.381" timestamp="2026-07-21T06:50:13.319703+00:00" hostname="agent-env-f93a4f05-0d6e-4e35-91d9-fb01e8f40791"><testcase classname="backend.tests.test_iter13_budget_wizard.TestPreviousYearExpenses" name="test_no_closed_fy_returns_empty" time="0.644" /><testcase classname="backend.tests.test_iter13_budget_wizard.TestPreviousYearExpenses" name="test_excludes_fund_call_entries" time="0.046" /><testcase classname="backend.tests.test_iter13_budget_wizard.TestBudgetApprovalFlow" name="test_full_approve_flow" time="0.416"><failure message="assert 200 == 400&#10; +  where 200 = &lt;Response [200]&gt;.status_code">E   assert 200 == 400
     +  where 200 = &lt;Response [200]&gt;.status_code</failure></testcase><testcase classname="backend.tests.test_iter13_budget_wizard.TestBudgetApprovalFlow" name="test_approve_empty_budget_400" time="0.138" /><testcase classname="backend.tests.test_iter13_budget_wizard.TestFundCallsWizard" name="test_preview_draft_budget_400" time="0.136" /><testcase classname="backend.tests.test_iter13_budget_wizard.TestFundCallsWizard" name="test_preview_quarterly_with_reserve" time="0.147"><failure message="assert 9000.0 &lt; 5.0&#10; +  where 9000.0 = abs((0 - 9000.0))">E   assert 9000.0 &lt; 5.0
     +  where 9000.0 = abs((0 - 9000.0))</failure></testcase><testcase classname="backend.tests.test_iter13_budget_wizard.TestFundCallsWizard" name="test_generate_persists_calls" time="0.474" /><testcase classname="backend.tests.test_iter13_budget_wizard.TestFundCallsWizard" name="test_frequency_3_dates" time="0.049" /><testcase classname="backend.tests.test_iter13_budget_wizard.TestFundCallsWizard" name="test_frequency_invalid_400" time="0.142" /><testcase classname="backend.tests.test_iter13_budget_wizard.TestRBAC" name="test_owner_cannot_preview" time="0.046"><skipped type="pytest.skip" message="Cannot create owner user: 400 {&quot;detail&quot;:&quot;Le superadmin ne cree que des comptes 'syndic' ou 'superadmin'. Les gestionnaires sont crees par chaque syndic via /team, et les proprietaires via la gestion des proprietaires de l'ACP.&quot;}">/app/backend/tests/test_iter13_budget_wizard.py:402: Cannot create owner user: 400 {"detail":"Le superadmin ne cree que des comptes 'syndic' ou 'superadmin'. Les gestionnaires sont crees par chaque syndic via /team, et les proprietaires via la gestion des proprietaires de l'ACP."}</skipped></testcase><testcase classname="backend.tests.test_iter13_budget_wizard.TestRBAC" name="test_owner_cannot_generate" time="0.000"><skipped type="pytest.skip" message="Cannot create owner user: 400 {&quot;detail&quot;:&quot;Le superadmin ne cree que des comptes 'syndic' ou 'superadmin'. Les gestionnaires sont crees par chaque syndic via /team, et les proprietaires via la gestion des proprietaires de l'ACP.&quot;}">/app/backend/tests/test_iter13_budget_wizard.py:414: Cannot create owner user: 400 {"detail":"Le superadmin ne cree que des comptes 'syndic' ou 'superadmin'. Les gestionnaires sont crees par chaque syndic via /team, et les proprietaires via la gestion des proprietaires de l'ACP."}</skipped></testcase><testcase classname="backend.tests.test_iter13_budget_wizard.TestRBAC" name="test_owner_cannot_approve" time="0.000"><skipped type="pytest.skip" message="Cannot create owner user: 400 {&quot;detail&quot;:&quot;Le superadmin ne cree que des comptes 'syndic' ou 'superadmin'. Les gestionnaires sont crees par chaque syndic via /team, et les proprietaires via la gestion des proprietaires de l'ACP.&quot;}">/app/backend/tests/test_iter13_budget_wizard.py:421: Cannot create owner user: 400 {"detail":"Le superadmin ne cree que des comptes 'syndic' ou 'superadmin'. Les gestionnaires sont crees par chaque syndic via /team, et les proprietaires via la gestion des proprietaires de l'ACP."}</skipped></testcase><testcase classname="backend.tests.test_iter13_budget_wizard.TestRegression" name="test_list_budgets" time="0.049" /><testcase classname="backend.tests.test_iter13_budget_wizard.TestRegression" name="test_list_fiscal_years" time="0.046" /><testcase classname="backend.tests.test_iter13_budget_wizard.TestRegression" name="test_list_fund_calls" time="0.084" /><testcase classname="backend.tests.test_iter19_private_fee_roulement.TestRoulementBudgetWizard" name="test_preview_roulement_only" time="0.415"><skipped type="pytest.skip" message="No approved budget in demo ACP">/app/backend/tests/test_iter19_private_fee_roulement.py:216: No approved budget in demo ACP</skipped></testcase><testcase classname="backend.tests.test_iter19_private_fee_roulement.TestRoulementBudgetWizard" name="test_preview_reserve_plus_roulement_sums" time="0.000"><skipped type="pytest.skip" message="No approved budget in demo ACP">/app/backend/tests/test_iter19_private_fee_roulement.py:248: No approved budget in demo ACP</skipped></testcase><testcase classname="backend.tests.test_iter19_private_fee_roulement.TestRoulementBudgetWizard" name="test_generate_persists_and_ve_has_account_100" time="0.000"><skipped type="pytest.skip" message="No approved budget in demo ACP">/app/backend/tests/test_iter19_private_fee_roulement.py:288: No approved budget in demo ACP</skipped></testcase><testcase classname="backend.tests.test_iter19_private_fee_roulement.TestRoulementBudgetWizard" name="test_generate_without_roulement_regression" time="0.000"><skipped type="pytest.skip" message="No approved budget in demo ACP">/app/backend/tests/test_iter19_private_fee_roulement.py:339: No approved budget in demo ACP</skipped></testcase><testcase classname="backend.tests.test_iter20_balance_tiers_and_wizard.TestP0BalanceTiers" name="test_balance_tiers_owners_fields_present" time="0.415"><failure message="assert 0 &gt; 0&#10; +  where 0 = len([])">E   assert 0 &gt; 0
     +  where 0 = len([])</failure></testcase><testcase classname="backend.tests.test_iter20_balance_tiers_and_wizard.TestP0BalanceTiers" name="test_manual_od_on_dubois_appears_in_movements_and_balance" time="0.098"><error message="failed on setup with &quot;AssertionError: No owners attached to ACP demo&#10;assert 0 &gt; 0&#10; +  where 0 = len([])&quot;">E   AssertionError: No owners attached to ACP demo
    assert 0 &gt; 0
     +  where 0 = len([])</error></testcase><testcase classname="backend.tests.test_iter20_balance_tiers_and_wizard.TestP0BalanceTiers" name="test_total_called_includes_reserve" time="0.052"><skipped type="pytest.skip" message="No approved budget in demo ACP">/app/backend/tests/test_iter20_balance_tiers_and_wizard.py:186: No approved budget in demo ACP</skipped></testcase><testcase classname="backend.tests.test_iter20_balance_tiers_and_wizard.TestP1WizardIndependentSeries" name="test_preview_independent_series_6_calls" time="0.000"><skipped type="pytest.skip" message="No approved budget in demo ACP">/app/backend/tests/test_iter20_balance_tiers_and_wizard.py:230: No approved budget in demo ACP</skipped></testcase><testcase classname="backend.tests.test_iter20_balance_tiers_and_wizard.TestP1WizardIndependentSeries" name="test_preview_legacy_when_frequency_zero" time="0.000"><skipped type="pytest.skip" message="No approved budget in demo ACP">/app/backend/tests/test_iter20_balance_tiers_and_wizard.py:283: No approved budget in demo ACP</skipped></testcase><testcase classname="backend.tests.test_iter20_balance_tiers_and_wizard.TestP1WizardIndependentSeries" name="test_generate_persists_independent_with_correct_call_type_and_ve" time="0.000"><skipped type="pytest.skip" message="No approved budget in demo ACP">/app/backend/tests/test_iter20_balance_tiers_and_wizard.py:315: No approved budget in demo ACP</skipped></testcase><testcase classname="backend.tests.test_iter20_balance_tiers_and_wizard.TestP1WizardIndependentSeries" name="test_each_fund_supports_all_frequencies" time="0.000"><skipped type="pytest.skip" message="No approved budget in demo ACP">/app/backend/tests/test_iter20_balance_tiers_and_wizard.py:381: No approved budget in demo ACP</skipped></testcase><testcase classname="backend.tests.test_iter20_balance_tiers_and_wizard.TestP3SupplierBCE" name="test_supplier_post_and_search_by_bce" time="0.108"><failure message="AssertionError: Supplier not found by bce search; got []&#10;assert False&#10; +  where False = any(&lt;generator object TestP3SupplierBCE.test_supplier_post_and_search_by_bce.&lt;locals&gt;.&lt;genexpr&gt; at 0xfc279aee9460&gt;)">E   AssertionError: Supplier not found by bce search; got []
    assert False
     +  where False = any(&lt;generator object TestP3SupplierBCE.test_supplier_post_and_search_by_bce.&lt;locals&gt;.&lt;genexpr&gt; at 0xfc279aee9460&gt;)</failure></testcase><testcase classname="backend.tests.test_iter20_balance_tiers_and_wizard.TestP3SupplierBCE" name="test_supplier_put_bce" time="0.102" /><testcase classname="backend.tests.test_iter20_balance_tiers_and_wizard.TestRegressionIter19" name="test_private_fee_invoice_4_lines" time="0.099"><error message="failed on setup with &quot;AssertionError: No owners attached to ACP demo&#10;assert 0 &gt; 0&#10; +  where 0 = len([])&quot;">E   AssertionError: No owners attached to ACP demo
    assert 0 &gt; 0
     +  where 0 = len([])</error></testcase><testcase classname="backend.tests.test_iter30_superadmin_profile_revoke.TestCoproprieteEdit" name="test_edit_acp_preserves_pcmn_for_bank_accounts" time="0.402"><failure message="AssertionError: {&quot;detail&quot;:&quot;Copropriete non trouvee&quot;}&#10;assert 404 == 200&#10; +  where 404 = &lt;Response [404]&gt;.status_code">E   AssertionError: {"detail":"Copropriete non trouvee"}
    assert 404 == 200
     +  where 404 = &lt;Response [404]&gt;.status_code</failure></testcase><testcase classname="backend.tests.test_iter6_features.TestACPCreation" name="test_default_bank_account" time="0.410" /><testcase classname="backend.tests.test_iter6_features.TestACPCreation" name="test_pcmn_numbers_on_bank_accounts" time="0.000" /><testcase classname="backend.tests.test_iter72_journal_od_wizard" name="test_journal_od_format_detection" time="4.209" /><testcase classname="backend.tests.test_iter72_journal_od_wizard" name="test_journal_od_entries_balanced" time="4.085" /><testcase classname="backend.tests.test_iter72_journal_od_wizard" name="test_journal_od_closing_entries_excluded" time="4.121" /><testcase classname="backend.tests.test_iter72_journal_od_wizard" name="test_journal_od_auxiliary_info_extraction" time="4.033" /><testcase classname="backend.tests.test_iter72_journal_od_wizard" name="test_expense_list_format_still_works" time="1.818" /><testcase classname="backend.tests.test_iter72_od_entries_wizard" name="test_parse_od_entries_extracts_only_dash_ref" time="1.727" /><testcase classname="backend.tests.test_iter72_od_entries_wizard" name="test_parse_od_entries_auto_detects_counterparts" time="1.739" /><testcase classname="backend.tests.test_iter72_od_entries_wizard" name="test_suggest_counterpart_643_always_410" time="0.000" /><testcase classname="backend.tests.test_iter72_od_entries_wizard" name="test_suggest_counterpart_accent_normalization" time="0.000" /><testcase classname="backend.tests.test_iter90gg_wizard_fy_period_and_linked_lots" name="test_iter90gg_creation_acp_with_fy_period_creates_fiscal_year" time="0.332" /><testcase classname="backend.tests.test_iter90gg_wizard_fy_period_and_linked_lots" name="test_iter90gg_lots_with_parent_lot_number_resolved" time="0.308" /><testcase classname="backend.tests.test_iter90gg_wizard_fy_period_and_linked_lots" name="test_iter90gg_invalid_parent_lot_number_ignored" time="0.308" /><testcase classname="backend.tests.test_iter90gg_wizard_fy_period_and_linked_lots" name="test_iter90gg_no_fy_period_no_fiscal_year_created" time="0.307" /><testcase classname="backend.tests.test_iter90gi_wizard_fy_autohydrate" name="test_create_session_hydrates_fiscal_year_from_acp" time="0.000"><failure message="Failed: async def functions are not natively supported.&#10;You need to install a suitable plugin for your async framework, for example:&#10;  - anyio&#10;  - pytest-asyncio&#10;  - pytest-tornasync&#10;  - pytest-trio&#10;  - pytest-twisted">async def functions are not natively supported.
You need to install a suitable plugin for your async framework, for example:
  - anyio
  - pytest-asyncio
  - pytest-tornasync
  - pytest-trio
  - pytest-twisted</failure></testcase><testcase classname="backend.tests.test_iter90gi_wizard_fy_autohydrate" name="test_get_active_session_self_heals_missing_fiscal_year" time="0.000"><failure message="Failed: async def functions are not natively supported.&#10;You need to install a suitable plugin for your async framework, for example:&#10;  - anyio&#10;  - pytest-asyncio&#10;  - pytest-tornasync&#10;  - pytest-trio&#10;  - pytest-twisted">async def functions are not natively supported.
You need to install a suitable plugin for your async framework, for example:
  - anyio
  - pytest-asyncio
  - pytest-tornasync
  - pytest-trio
  - pytest-twisted</failure></testcase><testcase classname="backend.tests.test_iter90gk_bce_candidates_and_audit" name="test_iter90gk_wizard_supplier_decisions_structure" time="0.000" /><testcase classname="backend.tests.test_iter90gk_bilan_balance_tiers_reconciliation" name="test_iter90gk_wizard_uses_supplier_canonical_tier" time="0.000" /><testcase classname="backend.tests.test_iter90gk_bilan_balance_tiers_reconciliation" name="test_iter90gk_wizard_opening_marks_is_opening_balance" time="0.000" /><testcase classname="backend.tests.test_iter90gk_bilan_balance_tiers_reconciliation" name="test_iter90gm_canonize_bank_account" time="0.000" /><testcase classname="backend.tests.test_iter90gp_import_wizard_csv_contract" name="test_iter90gp_sniff_csv_invoices_returns_invoices_key" time="0.519" /><testcase classname="backend.tests.test_iter90gp_import_wizard_csv_contract" name="test_iter90gp_sniff_csv_generic_returns_headers_and_rows" time="0.050" /><testcase classname="backend.tests.test_iter90gp_import_wizard_csv_contract" name="test_iter90gp_sniff_csv_journals_returns_transactions_key" time="0.048" /><testcase classname="backend.tests.test_iter90i0_bank_accounts_date_range" name="test_bank_accounts_no_date_filter_returns_all_movements" time="0.019" /><testcase classname="backend.tests.test_iter90i0_bank_accounts_date_range" name="test_bank_accounts_start_date_filter" time="0.017" /><testcase classname="backend.tests.test_iter90i0_bank_accounts_date_range" name="test_bank_accounts_end_date_filter" time="0.019" /><testcase classname="backend.tests.test_iter90i0_bank_accounts_date_range" name="test_bank_accounts_range_filter_intersects" time="0.017" /><testcase classname="backend.tests.test_iter90i0_bank_accounts_date_range" name="test_bank_accounts_movement_details_are_complete" time="0.017" /><testcase classname="backend.tests.test_iter90i0_bank_accounts_date_range" name="test_bank_accounts_supports_legacy_iban_field_on_txn" time="0.014" /><testcase classname="backend.tests.test_iter90it_optipro_import_without_bce_and_reconcile_orphans" name="test_create_supplier_without_bce_is_now_allowed" time="0.008" /><testcase classname="backend.tests.test_iter90it_optipro_import_without_bce_and_reconcile_orphans" name="test_commit_suppliers_pdf_creates_without_bce" time="0.014" /><testcase classname="backend.tests.test_iter90it_optipro_import_without_bce_and_reconcile_orphans" name="test_reconcile_dry_run_detects_orphans_without_mutation" time="0.016" /><testcase classname="backend.tests.test_iter90it_optipro_import_without_bce_and_reconcile_orphans" name="test_reconcile_live_creates_local_suppliers_and_repoints" time="0.018" /><testcase classname="backend.tests.test_iter90it_optipro_import_without_bce_and_reconcile_orphans" name="test_reconcile_is_idempotent" time="0.021" /><testcase classname="backend.tests.test_iter90it_optipro_import_without_bce_and_reconcile_orphans" name="test_reconcile_reuses_existing_supplier_by_name" time="0.016" /><testcase classname="backend.tests.test_iter90it_optipro_import_without_bce_and_reconcile_orphans" name="test_reconcile_ignores_already_linked_lines" time="0.018" /><testcase classname="backend.tests.test_iter90iu_import_optipro_three_bugs_fix" name="test_assign_supplier_account_fills_both_new_and_legacy" time="0.005" /><testcase classname="backend.tests.test_iter90iu_import_optipro_three_bugs_fix" name="test_assign_supplier_account_migrates_legacy_dict_when_new_field_only" time="0.004" /><testcase classname="backend.tests.test_iter90iu_import_optipro_three_bugs_fix" name="test_reconcile_updates_line_account_number_to_canonical" time="0.018" /><testcase classname="backend.tests.test_iter90iu_import_optipro_three_bugs_fix" name="test_commit_invoices_prefers_flat_tier_account_number" time="0.000" /><testcase classname="backend.tests.test_iter90iu_import_optipro_three_bugs_fix" name="test_commit_journals_canonizes_counterparty_account" time="0.000" /><testcase classname="backend.tests.test_iter90iu_import_optipro_three_bugs_fix" name="test_reconcile_e2e_normalizes_all_orphans_to_canonical_8_chars" time="0.020" /><testcase classname="backend.tests.test_iter90iz_wizard_zero_orphan_finalizer" name="test_canonize_owner_tier_account_pads_to_8_chars" time="0.000" /><testcase classname="backend.tests.test_iter90iz_wizard_zero_orphan_finalizer" name="test_finalize_line_resolves_supplier_by_name_and_canonizes_to_8chars" time="0.000" /><testcase classname="backend.tests.test_iter90iz_wizard_zero_orphan_finalizer" name="test_finalize_line_canonizes_even_without_supplier_match" time="0.000" /><testcase classname="backend.tests.test_iter90iz_wizard_zero_orphan_finalizer" name="test_finalize_line_resolves_owner_by_name_reserve_account" time="0.000" /><testcase classname="backend.tests.test_iter90iz_wizard_zero_orphan_finalizer" name="test_finalize_line_resolves_owner_by_name_provisions_account" time="0.000" /><testcase classname="backend.tests.test_iter90iz_wizard_zero_orphan_finalizer" name="test_build_finalize_index_respects_chinese_wall" time="0.004" /><testcase classname="backend.tests.test_iter90iz_wizard_zero_orphan_finalizer" name="test_finalize_je_doc_end_to_end" time="0.004" /><testcase classname="backend.tests.test_iter90jb_iban_normalization" name="test_coproprietes_dedup_bank_accounts_after_normalization" time="0.014" /><testcase classname="backend.tests.test_iter90jf_optipro_group_by_external_ref" name="test_group_by_external_ref_when_internal_ref_missing_on_some_lines" time="0.099" /><testcase classname="backend.tests.test_iter90jf_optipro_group_by_external_ref" name="test_do_not_merge_different_invoices_same_supplier_same_date" time="0.020" /><testcase classname="backend.tests.test_iter90jf_optipro_group_by_external_ref" name="test_single_line_invoice_still_has_distribution_lines" time="0.020" /><testcase classname="backend.tests.test_iter90jg_wizard_grouping_preview_stats" name="test_preview_stats_group_3_lines_into_1_invoice" time="0.000" /><testcase classname="backend.tests.test_iter90jg_wizard_grouping_preview_stats" name="test_preview_stats_two_different_invoices_not_merged" time="0.000" /><testcase classname="backend.tests.test_iter90jg_wizard_grouping_preview_stats" name="test_preview_stats_single_line_no_multi_group" time="0.000" /><testcase classname="backend.tests.test_iter90jj_ghost_bank_accounts_lock" name="test_resolve_bank_account_uses_acp_default_when_iban_absent" time="0.003" /><testcase classname="backend.tests.test_iter90jj_ghost_bank_accounts_lock" name="test_resolve_bank_account_matches_iban_over_default" time="0.003" /><testcase classname="backend.tests.test_iter90jj_ghost_bank_accounts_lock" name="test_import_refuses_ghost_bank_account_creation" time="0.012" /><testcase classname="backend.tests.test_iter90jj_ghost_bank_accounts_lock" name="test_merge_ghost_bank_accounts_rewrites_je_lines" time="0.014" /><testcase classname="backend.tests.test_iter90jk_wizard_maps_6digit_to_8digit_bank_account" name="test_load_canonical_bank_index_maps_6char_and_7char_prefixes" time="0.012" /><testcase classname="backend.tests.test_iter90jk_wizard_maps_6digit_to_8digit_bank_account" name="test_remap_bank_account_maps_6char_and_keeps_8char_and_non_bank" time="0.011" /><testcase classname="backend.tests.test_iter90jk_wizard_maps_6digit_to_8digit_bank_account" name="test_commit_journals_accepts_6digit_when_canonical_exists_in_acp" time="0.020" /><testcase classname="backend.tests.test_iter90jk_wizard_maps_6digit_to_8digit_bank_account" name="test_commit_journals_still_blocks_when_no_canonical_available" time="0.013" /></testsuite></testsuites>