<?xml version="1.0" encoding="utf-8"?><testsuites name="pytest tests"><testsuite name="pytest" errors="0" failures="0" skipped="0" tests="25" time="3.358" timestamp="2026-07-21T09:50:43.242718+00:00" hostname="agent-env-29701678-5fac-4f31-a1ba-1fe2556d2397"><testcase classname="tests.test_iter90jl_bilan_dedup_and_merge_owners" name="test_fi_signature_uses_copro_date_amount_and_tier_accounts" time="0.171" /><testcase classname="tests.test_iter90jl_bilan_dedup_and_merge_owners" name="test_dedup_excludes_auto_duplicate_of_imported_fi" time="0.000" /><testcase classname="tests.test_iter90jl_bilan_dedup_and_merge_owners" name="test_dedup_keeps_auto_fi_when_no_imported_sibling" time="0.000" /><testcase classname="tests.test_iter90jl_bilan_dedup_and_merge_owners" name="test_bilan_bank_balance_ignores_duplicate_auto_fi" time="0.082" /><testcase classname="tests.test_iter90jl_bilan_dedup_and_merge_owners" name="test_merge_owners_rewrites_je_and_lots_and_deletes_sources" time="0.025" /><testcase classname="tests.test_iter90jl_bilan_dedup_and_merge_owners" name="test_bilan_owner_appears_on_single_side_based_on_net_balance" time="0.006" /><testcase classname="tests.test_compte_499_fix" name="test_bilan_acp138_boni_after_dedup" time="0.407" /><testcase classname="tests.test_compte_499_fix" name="test_bilan_acp34a_boni" time="0.048" /><testcase classname="tests.test_compte_499_fix" name="test_bilan_after_distribution_138" time="0.065" /><testcase classname="tests.test_compte_499_fix" name="test_bilan_after_distribution_34a" time="0.049" /><testcase classname="tests.test_compte_499_fix" name="test_suppliers_no_duplicates_acp138" time="0.049" /><testcase classname="tests.test_iter_compte_resultat_dedup" name="test_compte_resultat_total_charges_and_produits" time="0.520" /><testcase classname="tests.test_iter_compte_resultat_dedup" name="test_compte_resultat_accounts_no_duplication" time="0.049" /><testcase classname="tests.test_iter_compte_resultat_dedup" name="test_bilan_compte_499_and_finlead" time="0.051" /><testcase classname="tests.test_iter_compte_resultat_dedup" name="test_expenses_total" time="0.057" /><testcase classname="tests.test_iter_compte_resultat_dedup" name="test_coherence_resultat_bilan_expenses" time="0.099" /><testcase classname="tests.test_iter_compte_resultat_dedup" name="test_bilan_after_distribution_balanced" time="0.051" /><testcase classname="tests.test_import_wizard_preview" name="test_preview_invoices_returns_control_table" time="0.382" /><testcase classname="tests.test_import_wizard_preview" name="test_preview_multiple_rows_independent_resolution" time="0.050" /><testcase classname="tests.test_import_wizard_preview" name="test_preview_unknown_session_returns_404" time="0.050" /><testcase classname="tests.test_import_wizard_preview" name="test_suppliers_scoped_to_acp_chinese_wall" time="0.047" /><testcase classname="tests.test_import_wizard_preview" name="test_bilan_regression_499_and_equilibre" time="0.049" /><testcase classname="tests.test_iter90k_invoice_update_and_multi_account.TestInvoiceUpdateNoDuplicate" name="test_invoice_update_produces_single_ac_entry" time="0.676" /><testcase classname="tests.test_iter90k_invoice_update_and_multi_account.TestImportMultiAccountVentilation" name="test_commit_multi_account_invoice_creates_ventilated_je" time="0.157" /><testcase classname="tests.test_iter90k_invoice_update_and_multi_account.TestImportMultiAccountVentilation" name="test_bilan_regression_499_and_totals" time="0.048" /></testsuite></testsuites>