<?xml version="1.0" encoding="utf-8"?><testsuites name="pytest tests"><testsuite name="pytest" errors="0" failures="0" skipped="0" tests="27" time="2.354" timestamp="2026-05-16T21:58:03.646980+00:00" hostname="agent-env-bc735e88-5058-40fe-862b-475bd0d6368f"><testcase classname="backend.tests.test_iter3_features.TestBalanceTiersOwners" name="test_list_owners_balance" time="0.624" /><testcase classname="backend.tests.test_iter3_features.TestBalanceTiersOwners" name="test_owner_situation_compte" time="0.155" /><testcase classname="backend.tests.test_iter3_features.TestBalanceTiersOwners" name="test_owner_situation_404" time="0.053" /><testcase classname="backend.tests.test_iter3_features.TestBalanceTiersSuppliers" name="test_list_suppliers_balance" time="0.052" /><testcase classname="backend.tests.test_iter3_features.TestBalanceTiersSuppliers" name="test_supplier_situation_compte" time="0.155" /><testcase classname="backend.tests.test_iter3_features.TestBankingAddLines" name="test_create_statement" time="0.055" /><testcase classname="backend.tests.test_iter3_features.TestBankingAddLines" name="test_add_lines" time="0.052" /><testcase classname="backend.tests.test_iter3_features.TestBankingAddLines" name="test_get_statement_with_txns" time="0.049" /><testcase classname="backend.tests.test_iter3_features.TestBankingAddLines" name="test_add_lines_404" time="0.051" /><testcase classname="backend.tests.test_iter3_features.TestBankingAddLines" name="test_zz_cleanup" time="0.048" /><testcase classname="backend.tests.test_iter3_features.TestVCSLookup" name="test_create_owner_with_vcs" time="0.051" /><testcase classname="backend.tests.test_iter3_features.TestVCSLookup" name="test_vcs_lookup_full_format" time="0.049" /><testcase classname="backend.tests.test_iter3_features.TestVCSLookup" name="test_vcs_lookup_empty" time="0.048" /><testcase classname="backend.tests.test_iter3_features.TestVCSLookup" name="test_vcs_lookup_nomatch" time="0.048" /><testcase classname="backend.tests.test_iter3_features.TestVCSLookup" name="test_zz_cleanup_owner" time="0.050" /><testcase classname="backend.tests.test_iter3_features.TestCoproArchive" name="test_create" time="0.057" /><testcase classname="backend.tests.test_iter3_features.TestCoproArchive" name="test_appears_in_active_list" time="0.052" /><testcase classname="backend.tests.test_iter3_features.TestCoproArchive" name="test_archive" time="0.055" /><testcase classname="backend.tests.test_iter3_features.TestCoproArchive" name="test_archived_hidden_by_default" time="0.050" /><testcase classname="backend.tests.test_iter3_features.TestCoproArchive" name="test_archived_visible_with_show_archived" time="0.050" /><testcase classname="backend.tests.test_iter3_features.TestCoproArchive" name="test_unarchive" time="0.050" /><testcase classname="backend.tests.test_iter3_features.TestCoproArchive" name="test_visible_again_after_unarchive" time="0.050" /><testcase classname="backend.tests.test_iter3_features.TestCoproArchive" name="test_archive_404" time="0.050" /><testcase classname="backend.tests.test_iter3_features.TestCoproArchive" name="test_zz_cleanup" time="0.050" /><testcase classname="backend.tests.test_iter3_features.TestLettrageSupplierPayment" name="test_setup_stmt_and_txn" time="0.099" /><testcase classname="backend.tests.test_iter3_features.TestLettrageSupplierPayment" name="test_lettrage_supplier_payment" time="0.100" /><testcase classname="backend.tests.test_iter3_features.TestLettrageSupplierPayment" name="test_zz_cleanup" time="0.050" /></testsuite></testsuites>