<?xml version="1.0" encoding="utf-8"?><testsuites name="pytest tests"><testsuite name="pytest" errors="0" failures="0" skipped="0" tests="6" time="1.246" timestamp="2026-07-26T18:38:05.679029+00:00" hostname="agent-env-8988babc-2dbe-43b5-b5b8-af37a98d9af3"><testcase classname="backend.tests.test_iter90g0_charges_od.TestODInclusion" name="test_expects_8_rows_with_od_row" time="0.777" /><testcase classname="backend.tests.test_iter90g0_charges_od.TestODInclusion" name="test_total_sum" time="0.058" /><testcase classname="backend.tests.test_iter90g0_charges_od.TestODInclusion" name="test_sort_desc_od_before_sneyers" time="0.060" /><testcase classname="backend.tests.test_iter90g0_charges_od.TestODEdgeCases" name="test_no_charge_od_skipped" time="0.057" /><testcase classname="backend.tests.test_iter90g0_charges_od.TestODEdgeCases" name="test_reversal_od_skipped" time="0.065" /><testcase classname="backend.tests.test_iter90g0_charges_od.TestODEdgeCases" name="test_chinese_wall_alpha_od_not_visible_to_boxus" time="0.070" /></testsuite></testsuites>