<?xml version="1.0" encoding="utf-8"?><testsuites name="pytest tests"><testsuite name="pytest" errors="0" failures="0" skipped="0" tests="5" time="2.493" timestamp="2026-07-30T16:04:56.582283+00:00" hostname="agent-env-c232a888-f004-4f41-8105-0b9f2a413b75"><testcase classname="tests.test_iter93cc_api_regression" name="test_bilan_after_distribution_json" time="0.537" /><testcase classname="tests.test_iter93cc_api_regression" name="test_bilan_before_distribution_json" time="0.083" /><testcase classname="tests.test_iter93cc_api_regression" name="test_bilan_pdf_after_distribution" time="0.275" /><testcase classname="tests.test_iter93cc_api_regression" name="test_sinistre_499xxx_isolated_in_VI_D" time="0.073" /><testcase classname="tests.test_iter93cc_api_regression" name="test_all_coproprietes_balanced_after_distribution" time="1.358" /></testsuite></testsuites>