<?xml version="1.0" encoding="utf-8"?><testsuites name="pytest tests"><testsuite name="pytest" errors="0" failures="0" skipped="0" tests="3" time="2.995" timestamp="2026-07-01T10:27:13.326014+00:00" hostname="agent-env-bc735e88-5058-40fe-862b-475bd0d6368f"><testcase classname="tests.test_iter90k_extra_validation" name="test_iter90k_extra_validation" time="0.259" /><testcase classname="tests.test_iter90k_categorize_bank_transaction" name="test_iter90k_categorize_bank_transaction" time="1.667" /><testcase classname="tests.test_iter90i_private_fees_excluded_from_expenses" name="test_iter90i_private_fees_excluded" time="0.433" /></testsuite></testsuites>