<?xml version="1.0" encoding="utf-8"?><testsuites name="pytest tests"><testsuite name="pytest" errors="0" failures="0" skipped="2" tests="18" time="2.722" timestamp="2026-07-23T10:48:55.141325+00:00" hostname="agent-env-29701678-5fac-4f31-a1ba-1fe2556d2397"><testcase classname="tests.test_iter65_mut_f_safeguard.TestReversalScriptStructure" name="test_reversal_script_imports_correctly" time="0.071" /><testcase classname="tests.test_iter65_mut_f_safeguard.TestReversalScriptStructure" name="test_reversal_script_uses_reverse_journal_entry" time="0.000" /><testcase classname="tests.test_iter65_mut_f_safeguard.TestReversalScriptStructure" name="test_reversal_script_handles_missing_entries" time="0.000" /><testcase classname="tests.test_iter65_mut_f_safeguard.TestReversalScriptStructure" name="test_reversal_script_handles_already_reversed" time="0.000" /><testcase classname="tests.test_iter65_mut_f_safeguard.TestReversalScriptStructure" name="test_reversal_script_handles_is_reversal" time="0.000" /><testcase classname="tests.test_iter65_mut_f_safeguard.TestJournalReversalsModule" name="test_reverse_journal_entry_idempotent_on_none" time="0.000" /><testcase classname="tests.test_iter65_mut_f_safeguard.TestJournalReversalsModule" name="test_reverse_journal_entry_idempotent_on_reversed" time="0.000" /><testcase classname="tests.test_iter65_mut_f_safeguard.TestJournalReversalsModule" name="test_reverse_journal_entry_idempotent_on_is_reversal" time="0.000" /><testcase classname="tests.test_iter65_mut_f_safeguard.TestMutFSafeguardCodeReview" name="test_safeguard_block_exists" time="0.001" /><testcase classname="tests.test_iter65_mut_f_safeguard.TestMutFSafeguardCodeReview" name="test_safeguard_fetches_fund_call_distribution" time="0.000" /><testcase classname="tests.test_iter65_mut_f_safeguard.TestMutFSafeguardCodeReview" name="test_safeguard_checks_owner_id_match" time="0.000" /><testcase classname="tests.test_iter65_mut_f_safeguard.TestMutFSafeguardCodeReview" name="test_safeguard_skips_when_already_new_owner" time="0.000" /><testcase classname="tests.test_iter65_mut_f_safeguard.TestMutFSafeguardCodeReview" name="test_filtered_details_used_for_subtotal" time="0.000" /><testcase classname="tests.test_iter65_mut_f_safeguard.TestMutFSafeguardCodeReview" name="test_filtered_details_used_for_call_names" time="0.000" /><testcase classname="tests.test_iter65_mut_f_safeguard.TestMutFSafeguardCodeReview" name="test_filtered_details_used_for_fund_call_ids" time="0.000" /><testcase classname="tests.test_iter65_mut_f_safeguard.TestMutFSafeguardE2E" name="test_safeguard_skips_mut_f_when_distribution_has_new_owner" time="0.920"><skipped type="pytest.skip" message="Could not create fund call - endpoint may require budget setup">/app/backend/tests/test_iter65_mut_f_safeguard.py:369: Could not create fund call - endpoint may require budget setup</skipped></testcase><testcase classname="tests.test_iter65_mut_f_safeguard.TestMutFSafeguardE2E" name="test_safeguard_creates_mut_f_when_distribution_has_old_owner" time="0.951"><skipped type="pytest.skip" message="Could not create fund call - endpoint may require budget setup">/app/backend/tests/test_iter65_mut_f_safeguard.py:406: Could not create fund call - endpoint may require budget setup</skipped></testcase><testcase classname="tests.test_iter65_mut_f_safeguard.TestReversalScriptRunsOnEmptyDB" name="test_script_runs_without_crash" time="0.668" /></testsuite></testsuites>