<?xml version="1.0" encoding="utf-8"?><testsuites name="pytest tests"><testsuite name="pytest" errors="9" failures="0" skipped="0" tests="32" time="29.534" timestamp="2026-07-24T09:14:19.649277+00:00" hostname="agent-env-29701678-5fac-4f31-a1ba-1fe2556d2397"><testcase classname="backend.tests.test_iter72_bilan_2digit" name="test_parse_balance_pdf_includes_2digit_accounts" time="0.621" /><testcase classname="backend.tests.test_iter72_bilan_2digit" name="test_parse_balance_pdf_no_false_2digit_anchors" time="0.437" /><testcase classname="backend.tests.test_iter72_distribution_keys_schema" name="test_extract_lot_number" time="0.000" /><testcase classname="backend.tests.test_iter72_distribution_keys_schema" name="test_distribution_keys_schema_after_commit" time="0.000" /><testcase classname="backend.tests.test_iter72_journal_od_wizard" name="test_journal_od_format_detection" time="4.039" /><testcase classname="backend.tests.test_iter72_journal_od_wizard" name="test_journal_od_entries_balanced" time="3.981" /><testcase classname="backend.tests.test_iter72_journal_od_wizard" name="test_journal_od_closing_entries_excluded" time="3.965" /><testcase classname="backend.tests.test_iter72_journal_od_wizard" name="test_journal_od_auxiliary_info_extraction" time="3.985" /><testcase classname="backend.tests.test_iter72_journal_od_wizard" name="test_expense_list_format_still_works" time="1.751" /><testcase classname="backend.tests.test_iter72_od_entries_wizard" name="test_parse_od_entries_extracts_only_dash_ref" time="1.688" /><testcase classname="backend.tests.test_iter72_od_entries_wizard" name="test_parse_od_entries_auto_detects_counterparts" time="1.668" /><testcase classname="backend.tests.test_iter72_od_entries_wizard" name="test_suggest_counterpart_643_always_410" time="0.000" /><testcase classname="backend.tests.test_iter72_od_entries_wizard" name="test_suggest_counterpart_accent_normalization" time="0.000" /><testcase classname="backend.tests.test_iter72_purge_5th_source.TestPurgeSyndic5thSource" name="test_purge_requires_superadmin" time="1.131" /><testcase classname="backend.tests.test_iter72_purge_5th_source.TestPurgeSyndic5thSource" name="test_purge_requires_email_confirmation" time="0.678" /><testcase classname="backend.tests.test_iter72_purge_5th_source.TestPurgeSyndic5thSource" name="test_purge_nonexistent_user_returns_404" time="0.366" /><testcase classname="backend.tests.test_iter72_purge_5th_source.TestPurgeSyndic5thSource" name="test_purge_syndic_without_acps" time="0.698" /><testcase classname="backend.tests.test_iter72_purge_5th_source.TestPurgeSyndic5thSource" name="test_purge_response_includes_owner_user_accounts_count" time="0.725" /><testcase classname="backend.tests.test_iter72_purge_5th_source.TestPurgeSyndic5thSource" name="test_purge_response_includes_owner_access_audit_count" time="0.684" /><testcase classname="backend.tests.test_iter72_purge_5th_source.TestPurgeWithFullData" name="test_full_purge_scenario" time="0.870" /><testcase classname="backend.tests.test_iter72_purge_5th_source.TestOwnersEndpointAfterPurge" name="test_owners_endpoint_with_include_unassigned" time="0.416" /><testcase classname="backend.tests.test_iter72_purge_5th_source.TestPurgeCodeReview" name="test_verify_5_sources_in_code" time="0.310" /><testcase classname="backend.tests.test_iter72_purge_5th_source.TestPurgeCodeReview" name="test_verify_owner_access_audit_deletion" time="0.321" /><testcase classname="backend.tests.test_iter72_purge_5th_source.TestPurgeCodeReview" name="test_verify_owner_user_accounts_deletion" time="0.099"><error message="failed on setup with &quot;AssertionError: Login failed: {&quot;error&quot;:&quot;Rate limit exceeded: 10 per 1 minute&quot;}&#10;assert 429 == 200&#10; +  where 429 = &lt;Response [429]&gt;.status_code&quot;">backend/tests/test_iter72_purge_5th_source.py:411: in setup
    assert login_resp.status_code == 200, f"Login failed: {login_resp.text}"
E   AssertionError: Login failed: {"error":"Rate limit exceeded: 10 per 1 minute"}
E   assert 429 == 200
E    +  where 429 = &lt;Response [429]&gt;.status_code</error></testcase><testcase classname="backend.tests.test_iter72_purge_5th_source.TestPurgeCodeReview" name="test_verify_response_includes_new_counts" time="0.099"><error message="failed on setup with &quot;AssertionError: Login failed: {&quot;error&quot;:&quot;Rate limit exceeded: 10 per 1 minute&quot;}&#10;assert 429 == 200&#10; +  where 429 = &lt;Response [429]&gt;.status_code&quot;">backend/tests/test_iter72_purge_5th_source.py:411: in setup
    assert login_resp.status_code == 200, f"Login failed: {login_resp.text}"
E   AssertionError: Login failed: {"error":"Rate limit exceeded: 10 per 1 minute"}
E   assert 429 == 200
E    +  where 429 = &lt;Response [429]&gt;.status_code</error></testcase><testcase classname="backend.tests.test_iter72_purge_deep_integration.TestPurgeDeepIntegration" name="test_purge_with_import_session_linked_owners" time="0.099"><error message="failed on setup with &quot;AssertionError: Login failed: {&quot;error&quot;:&quot;Rate limit exceeded: 10 per 1 minute&quot;}&#10;assert 429 == 200&#10; +  where 429 = &lt;Response [429]&gt;.status_code&quot;">backend/tests/test_iter72_purge_deep_integration.py:34: in setup
    assert login_resp.status_code == 200, f"Login failed: {login_resp.text}"
E   AssertionError: Login failed: {"error":"Rate limit exceeded: 10 per 1 minute"}
E   assert 429 == 200
E    +  where 429 = &lt;Response [429]&gt;.status_code</error></testcase><testcase classname="backend.tests.test_iter72_purge_deep_integration.TestPurgeDeepIntegration" name="test_purge_deletes_owner_user_accounts" time="0.095"><error message="failed on setup with &quot;AssertionError: Login failed: {&quot;error&quot;:&quot;Rate limit exceeded: 10 per 1 minute&quot;}&#10;assert 429 == 200&#10; +  where 429 = &lt;Response [429]&gt;.status_code&quot;">backend/tests/test_iter72_purge_deep_integration.py:34: in setup
    assert login_resp.status_code == 200, f"Login failed: {login_resp.text}"
E   AssertionError: Login failed: {"error":"Rate limit exceeded: 10 per 1 minute"}
E   assert 429 == 200
E    +  where 429 = &lt;Response [429]&gt;.status_code</error></testcase><testcase classname="backend.tests.test_iter72_purge_deep_integration.TestListOwnersWithImportSessionId" name="test_list_owners_includes_import_session_linked" time="0.101"><error message="failed on setup with &quot;AssertionError: Login failed: {&quot;error&quot;:&quot;Rate limit exceeded: 10 per 1 minute&quot;}&#10;assert 429 == 200&#10; +  where 429 = &lt;Response [429]&gt;.status_code&quot;">backend/tests/test_iter72_purge_deep_integration.py:278: in setup
    assert login_resp.status_code == 200, f"Login failed: {login_resp.text}"
E   AssertionError: Login failed: {"error":"Rate limit exceeded: 10 per 1 minute"}
E   assert 429 == 200
E    +  where 429 = &lt;Response [429]&gt;.status_code</error></testcase><testcase classname="backend.tests.test_iter72_purge_deep_integration.TestListOwnersWithImportSessionId" name="test_list_owners_for_specific_copropriete" time="0.099"><error message="failed on setup with &quot;AssertionError: Login failed: {&quot;error&quot;:&quot;Rate limit exceeded: 10 per 1 minute&quot;}&#10;assert 429 == 200&#10; +  where 429 = &lt;Response [429]&gt;.status_code&quot;">backend/tests/test_iter72_purge_deep_integration.py:278: in setup
    assert login_resp.status_code == 200, f"Login failed: {login_resp.text}"
E   AssertionError: Login failed: {"error":"Rate limit exceeded: 10 per 1 minute"}
E   assert 429 == 200
E    +  where 429 = &lt;Response [429]&gt;.status_code</error></testcase><testcase classname="backend.tests.test_iter72_purge_e2e.TestPurgeE2EWithSyndicLogin" name="test_full_purge_e2e_with_syndic_login" time="0.104"><error message="failed on setup with &quot;AssertionError: Admin login failed: {&quot;error&quot;:&quot;Rate limit exceeded: 10 per 1 minute&quot;}&#10;assert 429 == 200&#10; +  where 429 = &lt;Response [429]&gt;.status_code&quot;">backend/tests/test_iter72_purge_e2e.py:39: in setup
    assert login_resp.status_code == 200, f"Admin login failed: {login_resp.text}"
E   AssertionError: Admin login failed: {"error":"Rate limit exceeded: 10 per 1 minute"}
E   assert 429 == 200
E    +  where 429 = &lt;Response [429]&gt;.status_code</error></testcase><testcase classname="backend.tests.test_iter72_purge_e2e.TestPurgeE2EWithSyndicLogin" name="test_purge_with_lot_and_owner" time="0.093"><error message="failed on setup with &quot;AssertionError: Admin login failed: {&quot;error&quot;:&quot;Rate limit exceeded: 10 per 1 minute&quot;}&#10;assert 429 == 200&#10; +  where 429 = &lt;Response [429]&gt;.status_code&quot;">backend/tests/test_iter72_purge_e2e.py:39: in setup
    assert login_resp.status_code == 200, f"Admin login failed: {login_resp.text}"
E   AssertionError: Admin login failed: {"error":"Rate limit exceeded: 10 per 1 minute"}
E   assert 429 == 200
E    +  where 429 = &lt;Response [429]&gt;.status_code</error></testcase><testcase classname="backend.tests.test_iter72_purge_e2e.TestVerifyOwnersAfterPurge" name="test_owners_zero_after_purge" time="0.101"><error message="failed on setup with &quot;AssertionError: Admin login failed: {&quot;error&quot;:&quot;Rate limit exceeded: 10 per 1 minute&quot;}&#10;assert 429 == 200&#10; +  where 429 = &lt;Response [429]&gt;.status_code&quot;">backend/tests/test_iter72_purge_e2e.py:326: in setup
    assert login_resp.status_code == 200, f"Admin login failed: {login_resp.text}"
E   AssertionError: Admin login failed: {"error":"Rate limit exceeded: 10 per 1 minute"}
E   assert 429 == 200
E    +  where 429 = &lt;Response [429]&gt;.status_code</error></testcase></testsuite></testsuites>