<?xml version="1.0" encoding="utf-8"?><testsuites name="pytest tests"><testsuite name="pytest" errors="0" failures="0" skipped="0" tests="6" time="1.397" timestamp="2026-07-07T05:13:07.665002+00:00" hostname="agent-env-bc735e88-5058-40fe-862b-475bd0d6368f"><testcase classname="backend.tests.test_iter90au_communication" name="test_mailbox_heritage" time="0.323" /><testcase classname="backend.tests.test_iter90au_communication" name="test_add_remove_mailbox" time="0.215" /><testcase classname="backend.tests.test_iter90au_communication" name="test_signature_per_user" time="0.282" /><testcase classname="backend.tests.test_iter90au_communication" name="test_send_situation_guards" time="0.159" /><testcase classname="backend.tests.test_iter90au_communication" name="test_owners_balances_requires_copro" time="0.162" /><testcase classname="backend.tests.test_iter90au_communication" name="test_send_situation_dry_run_e2e" time="0.118" /></testsuite></testsuites>