<?xml version="1.0" encoding="utf-8"?><testsuites name="pytest tests"><testsuite name="pytest" errors="0" failures="0" skipped="0" tests="4" time="3.131" timestamp="2026-07-30T08:03:19.935221+00:00" hostname="agent-env-8988babc-2dbe-43b5-b5b8-af37a98d9af3"><testcase classname="backend.tests.test_iter93bh_review_mode" name="test_login_ok" time="1.908" /><testcase classname="backend.tests.test_iter93bh_review_mode" name="test_invoices_filter_by_import_session_id_asc" time="0.383" /><testcase classname="backend.tests.test_iter93bh_review_mode" name="test_invoices_default_sort_desc_without_session" time="0.386" /><testcase classname="backend.tests.test_iter93bh_review_mode" name="test_invoices_session_scoped_has_private_fee" time="0.369" /></testsuite></testsuites>