<?xml version="1.0" encoding="utf-8"?><testsuites name="pytest tests"><testsuite name="pytest" errors="0" failures="0" skipped="0" tests="20" time="1.122" timestamp="2026-07-21T06:29:42.439952+00:00" hostname="agent-env-f93a4f05-0d6e-4e35-91d9-fb01e8f40791"><testcase classname="tests.test_iter90jj_ghost_bank_accounts_lock" name="test_resolve_bank_account_uses_acp_default_when_iban_absent" time="0.085" /><testcase classname="tests.test_iter90jj_ghost_bank_accounts_lock" name="test_resolve_bank_account_matches_iban_over_default" time="0.004" /><testcase classname="tests.test_iter90jj_ghost_bank_accounts_lock" name="test_import_refuses_ghost_bank_account_creation" time="0.809" /><testcase classname="tests.test_iter90jj_ghost_bank_accounts_lock" name="test_merge_ghost_bank_accounts_rewrites_je_lines" time="0.011" /><testcase classname="tests.test_iter90ji_anti_duplicate_fi_lock" name="test_generate_bank_entry_skips_creation_if_imported_je_exists" time="0.009" /><testcase classname="tests.test_iter90ji_anti_duplicate_fi_lock" name="test_generate_bank_entry_creates_je_when_no_imported_pair" time="0.009" /><testcase classname="tests.test_iter90ji_anti_duplicate_fi_lock" name="test_cleanup_script_reverses_only_auto_duplicates" time="0.011" /><testcase classname="tests.test_iter90jd_zero_499_on_lettered_txn" name="test_resolve_counterpart_uses_invoice_supplier_id" time="0.005" /><testcase classname="tests.test_iter90jd_zero_499_on_lettered_txn" name="test_resolve_counterpart_fallback_by_name_with_chinese_wall" time="0.005" /><testcase classname="tests.test_iter90jd_zero_499_on_lettered_txn" name="test_resolve_counterpart_matches_slight_name_variation" time="0.004" /><testcase classname="tests.test_iter90jf_optipro_group_by_external_ref" name="test_group_by_external_ref_when_internal_ref_missing_on_some_lines" time="0.021" /><testcase classname="tests.test_iter90jf_optipro_group_by_external_ref" name="test_do_not_merge_different_invoices_same_supplier_same_date" time="0.018" /><testcase classname="tests.test_iter90jf_optipro_group_by_external_ref" name="test_single_line_invoice_still_has_distribution_lines" time="0.017" /><testcase classname="tests.test_iter90iz_wizard_zero_orphan_finalizer" name="test_canonize_owner_tier_account_pads_to_8_chars" time="0.000" /><testcase classname="tests.test_iter90iz_wizard_zero_orphan_finalizer" name="test_finalize_line_resolves_supplier_by_name_and_canonizes_to_8chars" time="0.000" /><testcase classname="tests.test_iter90iz_wizard_zero_orphan_finalizer" name="test_finalize_line_canonizes_even_without_supplier_match" time="0.000" /><testcase classname="tests.test_iter90iz_wizard_zero_orphan_finalizer" name="test_finalize_line_resolves_owner_by_name_reserve_account" time="0.000" /><testcase classname="tests.test_iter90iz_wizard_zero_orphan_finalizer" name="test_finalize_line_resolves_owner_by_name_provisions_account" time="0.000" /><testcase classname="tests.test_iter90iz_wizard_zero_orphan_finalizer" name="test_build_finalize_index_respects_chinese_wall" time="0.004" /><testcase classname="tests.test_iter90iz_wizard_zero_orphan_finalizer" name="test_finalize_je_doc_end_to_end" time="0.004" /></testsuite></testsuites>