<?xml version="1.0" encoding="utf-8"?><testsuites name="pytest tests"><testsuite name="pytest" errors="0" failures="0" skipped="0" tests="11" time="2.400" timestamp="2026-07-07T05:14:08.460587+00:00" hostname="agent-env-bc735e88-5058-40fe-862b-475bd0d6368f"><testcase classname="backend.tests.test_iter90au_extra_communication" name="test_generic_send_dry_run" time="0.457" /><testcase classname="backend.tests.test_iter90au_extra_communication" name="test_mutation_send_guards" time="0.267" /><testcase classname="backend.tests.test_iter90au_extra_communication" name="test_decompte_send_guards" time="0.149" /><testcase classname="backend.tests.test_iter90au_extra_communication" name="test_unauth" time="0.182" /><testcase classname="backend.tests.test_iter90au_extra_communication" name="test_owners_balances_e2e" time="0.118" /><testcase classname="backend.tests.test_iter90au_communication" name="test_mailbox_heritage" time="0.158" /><testcase classname="backend.tests.test_iter90au_communication" name="test_add_remove_mailbox" time="0.215" /><testcase classname="backend.tests.test_iter90au_communication" name="test_signature_per_user" time="0.290" /><testcase classname="backend.tests.test_iter90au_communication" name="test_send_situation_guards" time="0.167" /><testcase classname="backend.tests.test_iter90au_communication" name="test_owners_balances_requires_copro" time="0.109" /><testcase classname="backend.tests.test_iter90au_communication" name="test_send_situation_dry_run_e2e" time="0.124" /></testsuite></testsuites>