<?xml version="1.0" encoding="utf-8"?><testsuites name="pytest tests"><testsuite name="pytest" errors="0" failures="0" skipped="0" tests="5" time="0.400" timestamp="2026-07-21T07:55:16.851482+00:00" hostname="agent-env-f93a4f05-0d6e-4e35-91d9-fb01e8f40791"><testcase classname="tests.test_iter90jn_delete_statement_cascades_lettrage" name="test_delete_statement_cancels_lettrage_and_restores_invoice_to_unpaid" time="0.288" /><testcase classname="tests.test_iter90jn_delete_statement_cascades_lettrage" name="test_delete_statement_preserves_lettrage_from_other_statements" time="0.023" /><testcase classname="tests.test_iter90jn_delete_statement_cascades_lettrage" name="test_unpost_statement_preserves_lettrage" time="0.020" /><testcase classname="tests.test_iter90jn_delete_statement_cascades_lettrage" name="test_cleanup_orphaned_invoice_lettrage_full_loss_reverts_to_unpaid" time="0.014" /><testcase classname="tests.test_iter90jn_delete_statement_cascades_lettrage" name="test_cleanup_orphaned_invoice_lettrage_partial_loss_becomes_partially_paid" time="0.022" /></testsuite></testsuites>