<?xml version="1.0" encoding="utf-8"?><testsuites name="pytest tests"><testsuite name="pytest" errors="0" failures="0" skipped="0" tests="12" time="2.762" timestamp="2026-07-30T16:21:57.480632+00:00" hostname="agent-env-c232a888-f004-4f41-8105-0b9f2a413b75"><testcase classname="tests.test_iter93cd_per_key_distribution" name="test_guerit_after_distribution_close_to_optipro" time="0.020" /><testcase classname="tests.test_iter93cd_per_key_distribution" name="test_owner_net_balance_matches_optipro_exactly" time="0.015" /><testcase classname="tests.test_iter93cd_per_key_distribution" name="test_owner_count_matches_optipro" time="0.014" /><testcase classname="tests.test_iter93cd_per_key_distribution" name="test_bilan_equilibre_all_coproprietes" time="0.054" /><testcase classname="tests.test_iter93cc_490_regul_no_redistribution" name="test_490_stays_in_regul_actif_after_distribution" time="0.034" /><testcase classname="tests.test_iter93cc_490_regul_no_redistribution" name="test_guerit_balance_close_to_optipro_after_490_fix" time="0.015" /><testcase classname="tests.test_iter93cc_490_regul_no_redistribution" name="test_bilan_totals_match_optipro_structure" time="0.014" /><testcase classname="tests.test_iter93cc_api_regression" name="test_bilan_after_distribution_json" time="0.534" /><testcase classname="tests.test_iter93cc_api_regression" name="test_bilan_before_distribution_json" time="0.073" /><testcase classname="tests.test_iter93cc_api_regression" name="test_bilan_pdf_after_distribution" time="0.233" /><testcase classname="tests.test_iter93cc_api_regression" name="test_sinistre_499xxx_isolated_in_VI_D" time="0.069" /><testcase classname="tests.test_iter93cc_api_regression" name="test_all_coproprietes_balanced_after_distribution" time="1.306" /></testsuite></testsuites>