<?xml version="1.0" encoding="utf-8"?><testsuites name="pytest tests"><testsuite name="pytest" errors="0" failures="0" skipped="0" tests="5" time="3.423" timestamp="2026-07-26T18:14:39.268249+00:00" hostname="agent-env-8988babc-2dbe-43b5-b5b8-af37a98d9af3"><testcase classname="backend.tests.test_iter90fw_bank_accounts" name="test_maria_movements_via_pcmn_prefix" time="1.593" /><testcase classname="backend.tests.test_iter90fw_bank_accounts" name="test_tilleuls_movements_via_iban_space_normalization" time="0.466" /><testcase classname="backend.tests.test_iter90fw_bank_accounts" name="test_chinese_wall_403_on_maria_for_alpha_owner" time="0.419" /><testcase classname="backend.tests.test_iter90fw_bank_accounts" name="test_date_filter_regression" time="0.377" /><testcase classname="backend.tests.test_iter90fw_bank_accounts" name="test_empty_bank_accounts_no_500" time="0.407" /></testsuite></testsuites>