<?xml version="1.0" encoding="utf-8"?><testsuites name="pytest tests"><testsuite name="pytest" errors="0" failures="0" skipped="0" tests="6" time="1.868" timestamp="2026-07-01T12:15:07.172384+00:00" hostname="agent-env-bc735e88-5058-40fe-862b-475bd0d6368f"><testcase classname="backend.tests.test_iter90l_import_bank_statements_pdf_csv" name="test_parse_amount_variants" time="0.001" /><testcase classname="backend.tests.test_iter90l_import_bank_statements_pdf_csv" name="test_parse_date_variants" time="0.002" /><testcase classname="backend.tests.test_iter90l_import_bank_statements_pdf_csv" name="test_parse_csv_bnpp_fortis_like" time="0.001" /><testcase classname="backend.tests.test_iter90l_import_bank_statements_pdf_csv" name="test_parse_csv_belfius_like_debit_credit_split" time="0.000" /><testcase classname="backend.tests.test_iter90l_import_bank_statements_pdf_csv" name="test_parse_csv_unrecognized" time="0.000" /><testcase classname="backend.tests.test_iter90l_import_bank_statements_pdf_csv" name="test_iter90l_import_pdf_csv_e2e" time="1.174" /></testsuite></testsuites>