<?xml version="1.0" encoding="utf-8"?><testsuites name="pytest tests"><testsuite name="pytest" errors="0" failures="1" skipped="0" tests="4" time="4.394" timestamp="2026-07-24T09:12:28.301894+00:00" hostname="agent-env-29701678-5fac-4f31-a1ba-1fe2556d2397"><testcase classname="backend.tests.test_iter72_purge_deep_integration.TestPurgeDeepIntegration" name="test_purge_with_import_session_linked_owners" time="1.122"><failure message="AssertionError: owner_access_audit should be in deleted counts&#10;assert 'owner_access_audit' in {}">backend/tests/test_iter72_purge_deep_integration.py:169: in test_purge_with_import_session_linked_owners
    assert "owner_access_audit" in deleted, "owner_access_audit should be in deleted counts"
E   AssertionError: owner_access_audit should be in deleted counts
E   assert 'owner_access_audit' in {}</failure></testcase><testcase classname="backend.tests.test_iter72_purge_deep_integration.TestPurgeDeepIntegration" name="test_purge_deletes_owner_user_accounts" time="2.315" /><testcase classname="backend.tests.test_iter72_purge_deep_integration.TestListOwnersWithImportSessionId" name="test_list_owners_includes_import_session_linked" time="0.428" /><testcase classname="backend.tests.test_iter72_purge_deep_integration.TestListOwnersWithImportSessionId" name="test_list_owners_for_specific_copropriete" time="0.422" /></testsuite></testsuites>