<?xml version="1.0" encoding="utf-8"?><testsuites name="pytest tests"><testsuite name="pytest" errors="313" failures="323" skipped="79" tests="1572" time="179.986" timestamp="2026-07-22T11:41:17.084702+00:00" hostname="agent-env-29701678-5fac-4f31-a1ba-1fe2556d2397"><testcase classname="tests.backend_test.TestAuth" name="test_login_success" time="0.655" /><testcase classname="tests.backend_test.TestAuth" name="test_login_invalid" time="0.369" /><testcase classname="tests.backend_test.TestAuth" name="test_me" time="0.046" /><testcase classname="tests.backend_test.TestAuth" name="test_register" time="0.353" /><testcase classname="tests.backend_test.TestAuth" name="test_dashboard_stats" time="0.047" /><testcase classname="tests.backend_test.TestOwnersLotsTenants" name="test_create_owner" time="0.047"><failure message="AssertionError: {&quot;detail&quot;:&quot;Doublon STRICT detecte : un proprietaire avec le meme email existe deja (TEST_Owner_A2 - id 168a4632). Utilisez le proprietaire existant plutot que d'en creer un nouveau. Regle metier : email/telephone/BCE identifient unique un proprietaire.&quot;}&#10;assert 409 == 200&#10; +  where 409 = &lt;Response [409]&gt;.status_code">E   AssertionError: {"detail":"Doublon STRICT detecte : un proprietaire avec le meme email existe deja (TEST_Owner_A2 - id 168a4632). Utilisez le proprietaire existant plutot que d'en creer un nouveau. Regle metier : email/telephone/BCE identifient unique un proprietaire."}
    assert 409 == 200
     +  where 409 = &lt;Response [409]&gt;.status_code</failure></testcase><testcase classname="tests.backend_test.TestOwnersLotsTenants" name="test_list_owners" time="0.048"><failure message="assert False&#10; +  where False = any(&lt;generator object TestOwnersLotsTenants.test_list_owners.&lt;locals&gt;.&lt;genexpr&gt; at 0xfc86d1a179f0&gt;)">E   assert False
     +  where False = any(&lt;generator object TestOwnersLotsTenants.test_list_owners.&lt;locals&gt;.&lt;genexpr&gt; at 0xfc86d1a179f0&gt;)</failure></testcase><testcase classname="tests.backend_test.TestOwnersLotsTenants" name="test_update_owner" time="0.050"><failure message="assert 409 == 200&#10; +  where 409 = &lt;Response [409]&gt;.status_code">E   assert 409 == 200
     +  where 409 = &lt;Response [409]&gt;.status_code</failure></testcase><testcase classname="tests.backend_test.TestOwnersLotsTenants" name="test_create_lot" time="0.050" /><testcase classname="tests.backend_test.TestOwnersLotsTenants" name="test_create_tenant" time="0.052" /><testcase classname="tests.backend_test.TestOwnersLotsTenants" name="test_delete_tenant" time="0.049" /><testcase classname="tests.backend_test.TestAccounting" name="test_list_pcmn" time="0.249" /><testcase classname="tests.backend_test.TestAccounting" name="test_pcmn_search" time="0.179" /><testcase classname="tests.backend_test.TestAccounting" name="test_pcmn_filter_by_class" time="0.155" /><testcase classname="tests.backend_test.TestAccounting" name="test_create_balanced_entry" time="0.046"><failure message="AssertionError: {&quot;detail&quot;:&quot;copropriete_id requis - chinese walls strict&quot;}&#10;assert 400 == 200&#10; +  where 400 = &lt;Response [400]&gt;.status_code">E   AssertionError: {"detail":"copropriete_id requis - chinese walls strict"}
    assert 400 == 200
     +  where 400 = &lt;Response [400]&gt;.status_code</failure></testcase><testcase classname="tests.backend_test.TestAccounting" name="test_create_unbalanced_entry_fails" time="0.047" /><testcase classname="tests.backend_test.TestAccounting" name="test_balance_endpoint" time="0.057" /><testcase classname="tests.backend_test.TestInvoices" name="test_create_dist_key" time="0.051" /><testcase classname="tests.backend_test.TestInvoices" name="test_list_dist_keys" time="0.064" /><testcase classname="tests.backend_test.TestInvoices" name="test_create_invoice" time="0.055"><failure message="AssertionError: {&quot;detail&quot;:&quot;Compte comptable requis : selectionnez soit une nature de depense (elle derivera automatiquement le compte PCMN), soit saisissez directement un numero de compte (ex: 6140 Assurance incendie, 61300 Honoraires syndic). Une facture ne peut jamais etre enregistree sans compte : la comptabilite PCMN belge l'interdit.&quot;}&#10;assert 400 == 200&#10; +  where 400 = &lt;Response [400]&gt;.status_code">E   AssertionError: {"detail":"Compte comptable requis : selectionnez soit une nature de depense (elle derivera automatiquement le compte PCMN), soit saisissez directement un numero de compte (ex: 6140 Assurance incendie, 61300 Honoraires syndic). Une facture ne peut jamais etre enregistree sans compte : la comptabilite PCMN belge l'interdit."}
    assert 400 == 200
     +  where 400 = &lt;Response [400]&gt;.status_code</failure></testcase><testcase classname="tests.backend_test.TestInvoices" name="test_list_invoices" time="0.050" /><testcase classname="tests.backend_test.TestMeters" name="test_create_meter" time="0.049" /><testcase classname="tests.backend_test.TestMeters" name="test_add_reading_first" time="0.055" /><testcase classname="tests.backend_test.TestMeters" name="test_add_reading_consumption" time="0.051" /><testcase classname="tests.backend_test.TestMeters" name="test_list_readings" time="0.046" /><testcase classname="tests.backend_test.TestBanking" name="test_create_statement" time="0.051"><failure message="AssertionError: {&quot;detail&quot;:&quot;copropriete_id requis - chinese walls strict&quot;}&#10;assert 400 == 200&#10; +  where 400 = &lt;Response [400]&gt;.status_code">E   AssertionError: {"detail":"copropriete_id requis - chinese walls strict"}
    assert 400 == 200
     +  where 400 = &lt;Response [400]&gt;.status_code</failure></testcase><testcase classname="tests.backend_test.TestBanking" name="test_create_transaction" time="0.050" /><testcase classname="tests.backend_test.TestBanking" name="test_lettrage" time="0.050" /><testcase classname="tests.backend_test.TestDocuments" name="test_create_category" time="0.055" /><testcase classname="tests.backend_test.TestDocuments" name="test_create_document" time="0.051" /><testcase classname="tests.backend_test.TestDocuments" name="test_list_documents" time="0.045" /><testcase classname="tests.test_compte_499_fix" name="test_bilan_acp138_boni_after_dedup" time="0.430" /><testcase classname="tests.test_compte_499_fix" name="test_bilan_acp34a_boni" time="0.050" /><testcase classname="tests.test_compte_499_fix" name="test_bilan_after_distribution_138" time="0.060" /><testcase classname="tests.test_compte_499_fix" name="test_bilan_after_distribution_34a" time="0.059" /><testcase classname="tests.test_compte_499_fix" name="test_suppliers_no_duplicates_acp138" time="0.065" /><testcase classname="tests.test_import_wizard_preview" name="test_preview_invoices_returns_control_table" time="0.369" /><testcase classname="tests.test_import_wizard_preview" name="test_preview_multiple_rows_independent_resolution" time="0.046" /><testcase classname="tests.test_import_wizard_preview" name="test_preview_unknown_session_returns_404" time="0.045" /><testcase classname="tests.test_import_wizard_preview" name="test_suppliers_scoped_to_acp_chinese_wall" time="0.049" /><testcase classname="tests.test_import_wizard_preview" name="test_bilan_regression_499_and_equilibre" time="0.045" /><testcase classname="tests.test_iter10_rbac.TestOwnerReadAccess" name="test_owner_get_coproprietes_200" time="0.375"><error message="failed on setup with &quot;AssertionError: Create owner failed: 400 {&quot;detail&quot;:&quot;Le superadmin ne cree que des comptes 'syndic' ou 'superadmin'. Les gestionnaires sont crees par chaque syndic via /team, et les proprietaires via la gestion des proprietaires de l'ACP.&quot;}&#10;assert 400 in (200, 201)&#10; +  where 400 = &lt;Response [400]&gt;.status_code&quot;">E   AssertionError: Create owner failed: 400 {"detail":"Le superadmin ne cree que des comptes 'syndic' ou 'superadmin'. Les gestionnaires sont crees par chaque syndic via /team, et les proprietaires via la gestion des proprietaires de l'ACP."}
    assert 400 in (200, 201)
     +  where 400 = &lt;Response [400]&gt;.status_code</error></testcase><testcase classname="tests.test_iter10_rbac.TestOwnerReadAccess" name="test_owner_get_owners_200" time="0.000"><error message="failed on setup with &quot;AssertionError: Create owner failed: 400 {&quot;detail&quot;:&quot;Le superadmin ne cree que des comptes 'syndic' ou 'superadmin'. Les gestionnaires sont crees par chaque syndic via /team, et les proprietaires via la gestion des proprietaires de l'ACP.&quot;}&#10;assert 400 in (200, 201)&#10; +  where 400 = &lt;Response [400]&gt;.status_code&quot;">E   AssertionError: Create owner failed: 400 {"detail":"Le superadmin ne cree que des comptes 'syndic' ou 'superadmin'. Les gestionnaires sont crees par chaque syndic via /team, et les proprietaires via la gestion des proprietaires de l'ACP."}
    assert 400 in (200, 201)
     +  where 400 = &lt;Response [400]&gt;.status_code</error></testcase><testcase classname="tests.test_iter10_rbac.TestOwnerReadAccess" name="test_owner_get_invoices_200" time="0.000"><error message="failed on setup with &quot;AssertionError: Create owner failed: 400 {&quot;detail&quot;:&quot;Le superadmin ne cree que des comptes 'syndic' ou 'superadmin'. Les gestionnaires sont crees par chaque syndic via /team, et les proprietaires via la gestion des proprietaires de l'ACP.&quot;}&#10;assert 400 in (200, 201)&#10; +  where 400 = &lt;Response [400]&gt;.status_code&quot;">E   AssertionError: Create owner failed: 400 {"detail":"Le superadmin ne cree que des comptes 'syndic' ou 'superadmin'. Les gestionnaires sont crees par chaque syndic via /team, et les proprietaires via la gestion des proprietaires de l'ACP."}
    assert 400 in (200, 201)
     +  where 400 = &lt;Response [400]&gt;.status_code</error></testcase><testcase classname="tests.test_iter10_rbac.TestOwnerReadAccess" name="test_owner_get_auth_me_200" time="0.000"><error message="failed on setup with &quot;AssertionError: Create owner failed: 400 {&quot;detail&quot;:&quot;Le superadmin ne cree que des comptes 'syndic' ou 'superadmin'. Les gestionnaires sont crees par chaque syndic via /team, et les proprietaires via la gestion des proprietaires de l'ACP.&quot;}&#10;assert 400 in (200, 201)&#10; +  where 400 = &lt;Response [400]&gt;.status_code&quot;">E   AssertionError: Create owner failed: 400 {"detail":"Le superadmin ne cree que des comptes 'syndic' ou 'superadmin'. Les gestionnaires sont crees par chaque syndic via /team, et les proprietaires via la gestion des proprietaires de l'ACP."}
    assert 400 in (200, 201)
     +  where 400 = &lt;Response [400]&gt;.status_code</error></testcase><testcase classname="tests.test_iter10_rbac.TestOwnerWriteForbidden" name="test_owner_post_owners_403" time="0.000"><error message="failed on setup with &quot;AssertionError: Create owner failed: 400 {&quot;detail&quot;:&quot;Le superadmin ne cree que des comptes 'syndic' ou 'superadmin'. Les gestionnaires sont crees par chaque syndic via /team, et les proprietaires via la gestion des proprietaires de l'ACP.&quot;}&#10;assert 400 in (200, 201)&#10; +  where 400 = &lt;Response [400]&gt;.status_code&quot;">E   AssertionError: Create owner failed: 400 {"detail":"Le superadmin ne cree que des comptes 'syndic' ou 'superadmin'. Les gestionnaires sont crees par chaque syndic via /team, et les proprietaires via la gestion des proprietaires de l'ACP."}
    assert 400 in (200, 201)
     +  where 400 = &lt;Response [400]&gt;.status_code</error></testcase><testcase classname="tests.test_iter10_rbac.TestOwnerWriteForbidden" name="test_owner_put_owner_403" time="0.000"><error message="failed on setup with &quot;AssertionError: Create owner failed: 400 {&quot;detail&quot;:&quot;Le superadmin ne cree que des comptes 'syndic' ou 'superadmin'. Les gestionnaires sont crees par chaque syndic via /team, et les proprietaires via la gestion des proprietaires de l'ACP.&quot;}&#10;assert 400 in (200, 201)&#10; +  where 400 = &lt;Response [400]&gt;.status_code&quot;">E   AssertionError: Create owner failed: 400 {"detail":"Le superadmin ne cree que des comptes 'syndic' ou 'superadmin'. Les gestionnaires sont crees par chaque syndic via /team, et les proprietaires via la gestion des proprietaires de l'ACP."}
    assert 400 in (200, 201)
     +  where 400 = &lt;Response [400]&gt;.status_code</error></testcase><testcase classname="tests.test_iter10_rbac.TestOwnerWriteForbidden" name="test_owner_delete_lot_403" time="0.000"><error message="failed on setup with &quot;AssertionError: Create owner failed: 400 {&quot;detail&quot;:&quot;Le superadmin ne cree que des comptes 'syndic' ou 'superadmin'. Les gestionnaires sont crees par chaque syndic via /team, et les proprietaires via la gestion des proprietaires de l'ACP.&quot;}&#10;assert 400 in (200, 201)&#10; +  where 400 = &lt;Response [400]&gt;.status_code&quot;">E   AssertionError: Create owner failed: 400 {"detail":"Le superadmin ne cree que des comptes 'syndic' ou 'superadmin'. Les gestionnaires sont crees par chaque syndic via /team, et les proprietaires via la gestion des proprietaires de l'ACP."}
    assert 400 in (200, 201)
     +  where 400 = &lt;Response [400]&gt;.status_code</error></testcase><testcase classname="tests.test_iter10_rbac.TestOwnerWriteForbidden" name="test_owner_post_invoices_403" time="0.000"><error message="failed on setup with &quot;AssertionError: Create owner failed: 400 {&quot;detail&quot;:&quot;Le superadmin ne cree que des comptes 'syndic' ou 'superadmin'. Les gestionnaires sont crees par chaque syndic via /team, et les proprietaires via la gestion des proprietaires de l'ACP.&quot;}&#10;assert 400 in (200, 201)&#10; +  where 400 = &lt;Response [400]&gt;.status_code&quot;">E   AssertionError: Create owner failed: 400 {"detail":"Le superadmin ne cree que des comptes 'syndic' ou 'superadmin'. Les gestionnaires sont crees par chaque syndic via /team, et les proprietaires via la gestion des proprietaires de l'ACP."}
    assert 400 in (200, 201)
     +  where 400 = &lt;Response [400]&gt;.status_code</error></testcase><testcase classname="tests.test_iter10_rbac.TestOwnerWriteForbidden" name="test_owner_delete_copro_403" time="0.000"><error message="failed on setup with &quot;AssertionError: Create owner failed: 400 {&quot;detail&quot;:&quot;Le superadmin ne cree que des comptes 'syndic' ou 'superadmin'. Les gestionnaires sont crees par chaque syndic via /team, et les proprietaires via la gestion des proprietaires de l'ACP.&quot;}&#10;assert 400 in (200, 201)&#10; +  where 400 = &lt;Response [400]&gt;.status_code&quot;">E   AssertionError: Create owner failed: 400 {"detail":"Le superadmin ne cree que des comptes 'syndic' ou 'superadmin'. Les gestionnaires sont crees par chaque syndic via /team, et les proprietaires via la gestion des proprietaires de l'ACP."}
    assert 400 in (200, 201)
     +  where 400 = &lt;Response [400]&gt;.status_code</error></testcase><testcase classname="tests.test_iter10_rbac.TestOwnerAdminPathsForbidden" name="test_owner_post_demo_seed_403" time="0.000"><error message="failed on setup with &quot;AssertionError: Create owner failed: 400 {&quot;detail&quot;:&quot;Le superadmin ne cree que des comptes 'syndic' ou 'superadmin'. Les gestionnaires sont crees par chaque syndic via /team, et les proprietaires via la gestion des proprietaires de l'ACP.&quot;}&#10;assert 400 in (200, 201)&#10; +  where 400 = &lt;Response [400]&gt;.status_code&quot;">E   AssertionError: Create owner failed: 400 {"detail":"Le superadmin ne cree que des comptes 'syndic' ou 'superadmin'. Les gestionnaires sont crees par chaque syndic via /team, et les proprietaires via la gestion des proprietaires de l'ACP."}
    assert 400 in (200, 201)
     +  where 400 = &lt;Response [400]&gt;.status_code</error></testcase><testcase classname="tests.test_iter10_rbac.TestOwnerAdminPathsForbidden" name="test_owner_post_admin_users_403" time="0.000"><error message="failed on setup with &quot;AssertionError: Create owner failed: 400 {&quot;detail&quot;:&quot;Le superadmin ne cree que des comptes 'syndic' ou 'superadmin'. Les gestionnaires sont crees par chaque syndic via /team, et les proprietaires via la gestion des proprietaires de l'ACP.&quot;}&#10;assert 400 in (200, 201)&#10; +  where 400 = &lt;Response [400]&gt;.status_code&quot;">E   AssertionError: Create owner failed: 400 {"detail":"Le superadmin ne cree que des comptes 'syndic' ou 'superadmin'. Les gestionnaires sont crees par chaque syndic via /team, et les proprietaires via la gestion des proprietaires de l'ACP."}
    assert 400 in (200, 201)
     +  where 400 = &lt;Response [400]&gt;.status_code</error></testcase><testcase classname="tests.test_iter10_rbac.TestOwnerAdminPathsForbidden" name="test_owner_get_admin_users_403" time="0.000"><error message="failed on setup with &quot;AssertionError: Create owner failed: 400 {&quot;detail&quot;:&quot;Le superadmin ne cree que des comptes 'syndic' ou 'superadmin'. Les gestionnaires sont crees par chaque syndic via /team, et les proprietaires via la gestion des proprietaires de l'ACP.&quot;}&#10;assert 400 in (200, 201)&#10; +  where 400 = &lt;Response [400]&gt;.status_code&quot;">E   AssertionError: Create owner failed: 400 {"detail":"Le superadmin ne cree que des comptes 'syndic' ou 'superadmin'. Les gestionnaires sont crees par chaque syndic via /team, et les proprietaires via la gestion des proprietaires de l'ACP."}
    assert 400 in (200, 201)
     +  where 400 = &lt;Response [400]&gt;.status_code</error></testcase><testcase classname="tests.test_iter10_rbac.TestGestionnaireReadWriteAccess" name="test_manager_get_coproprietes_200" time="0.000"><error message="failed on setup with &quot;AssertionError: Create owner failed: 400 {&quot;detail&quot;:&quot;Le superadmin ne cree que des comptes 'syndic' ou 'superadmin'. Les gestionnaires sont crees par chaque syndic via /team, et les proprietaires via la gestion des proprietaires de l'ACP.&quot;}&#10;assert 400 in (200, 201)&#10; +  where 400 = &lt;Response [400]&gt;.status_code&quot;">E   AssertionError: Create owner failed: 400 {"detail":"Le superadmin ne cree que des comptes 'syndic' ou 'superadmin'. Les gestionnaires sont crees par chaque syndic via /team, et les proprietaires via la gestion des proprietaires de l'ACP."}
    assert 400 in (200, 201)
     +  where 400 = &lt;Response [400]&gt;.status_code</error></testcase><testcase classname="tests.test_iter10_rbac.TestGestionnaireReadWriteAccess" name="test_manager_post_owners_allowed" time="0.000"><error message="failed on setup with &quot;AssertionError: Create owner failed: 400 {&quot;detail&quot;:&quot;Le superadmin ne cree que des comptes 'syndic' ou 'superadmin'. Les gestionnaires sont crees par chaque syndic via /team, et les proprietaires via la gestion des proprietaires de l'ACP.&quot;}&#10;assert 400 in (200, 201)&#10; +  where 400 = &lt;Response [400]&gt;.status_code&quot;">E   AssertionError: Create owner failed: 400 {"detail":"Le superadmin ne cree que des comptes 'syndic' ou 'superadmin'. Les gestionnaires sont crees par chaque syndic via /team, et les proprietaires via la gestion des proprietaires de l'ACP."}
    assert 400 in (200, 201)
     +  where 400 = &lt;Response [400]&gt;.status_code</error></testcase><testcase classname="tests.test_iter10_rbac.TestGestionnaireReadWriteAccess" name="test_manager_post_invoices_not_403" time="0.000"><error message="failed on setup with &quot;AssertionError: Create owner failed: 400 {&quot;detail&quot;:&quot;Le superadmin ne cree que des comptes 'syndic' ou 'superadmin'. Les gestionnaires sont crees par chaque syndic via /team, et les proprietaires via la gestion des proprietaires de l'ACP.&quot;}&#10;assert 400 in (200, 201)&#10; +  where 400 = &lt;Response [400]&gt;.status_code&quot;">E   AssertionError: Create owner failed: 400 {"detail":"Le superadmin ne cree que des comptes 'syndic' ou 'superadmin'. Les gestionnaires sont crees par chaque syndic via /team, et les proprietaires via la gestion des proprietaires de l'ACP."}
    assert 400 in (200, 201)
     +  where 400 = &lt;Response [400]&gt;.status_code</error></testcase><testcase classname="tests.test_iter10_rbac.TestGestionnaireReadWriteAccess" name="test_manager_delete_lot_not_403" time="0.000"><error message="failed on setup with &quot;AssertionError: Create owner failed: 400 {&quot;detail&quot;:&quot;Le superadmin ne cree que des comptes 'syndic' ou 'superadmin'. Les gestionnaires sont crees par chaque syndic via /team, et les proprietaires via la gestion des proprietaires de l'ACP.&quot;}&#10;assert 400 in (200, 201)&#10; +  where 400 = &lt;Response [400]&gt;.status_code&quot;">E   AssertionError: Create owner failed: 400 {"detail":"Le superadmin ne cree que des comptes 'syndic' ou 'superadmin'. Les gestionnaires sont crees par chaque syndic via /team, et les proprietaires via la gestion des proprietaires de l'ACP."}
    assert 400 in (200, 201)
     +  where 400 = &lt;Response [400]&gt;.status_code</error></testcase><testcase classname="tests.test_iter10_rbac.TestGestionnaireAdminPathsForbidden" name="test_manager_post_admin_users_403" time="0.000"><error message="failed on setup with &quot;AssertionError: Create owner failed: 400 {&quot;detail&quot;:&quot;Le superadmin ne cree que des comptes 'syndic' ou 'superadmin'. Les gestionnaires sont crees par chaque syndic via /team, et les proprietaires via la gestion des proprietaires de l'ACP.&quot;}&#10;assert 400 in (200, 201)&#10; +  where 400 = &lt;Response [400]&gt;.status_code&quot;">E   AssertionError: Create owner failed: 400 {"detail":"Le superadmin ne cree que des comptes 'syndic' ou 'superadmin'. Les gestionnaires sont crees par chaque syndic via /team, et les proprietaires via la gestion des proprietaires de l'ACP."}
    assert 400 in (200, 201)
     +  where 400 = &lt;Response [400]&gt;.status_code</error></testcase><testcase classname="tests.test_iter10_rbac.TestGestionnaireAdminPathsForbidden" name="test_manager_post_demo_seed_403" time="0.000"><error message="failed on setup with &quot;AssertionError: Create owner failed: 400 {&quot;detail&quot;:&quot;Le superadmin ne cree que des comptes 'syndic' ou 'superadmin'. Les gestionnaires sont crees par chaque syndic via /team, et les proprietaires via la gestion des proprietaires de l'ACP.&quot;}&#10;assert 400 in (200, 201)&#10; +  where 400 = &lt;Response [400]&gt;.status_code&quot;">E   AssertionError: Create owner failed: 400 {"detail":"Le superadmin ne cree que des comptes 'syndic' ou 'superadmin'. Les gestionnaires sont crees par chaque syndic via /team, et les proprietaires via la gestion des proprietaires de l'ACP."}
    assert 400 in (200, 201)
     +  where 400 = &lt;Response [400]&gt;.status_code</error></testcase><testcase classname="tests.test_iter10_rbac.TestGestionnaireAdminPathsForbidden" name="test_manager_get_admin_users_403" time="0.000"><error message="failed on setup with &quot;AssertionError: Create owner failed: 400 {&quot;detail&quot;:&quot;Le superadmin ne cree que des comptes 'syndic' ou 'superadmin'. Les gestionnaires sont crees par chaque syndic via /team, et les proprietaires via la gestion des proprietaires de l'ACP.&quot;}&#10;assert 400 in (200, 201)&#10; +  where 400 = &lt;Response [400]&gt;.status_code&quot;">E   AssertionError: Create owner failed: 400 {"detail":"Le superadmin ne cree que des comptes 'syndic' ou 'superadmin'. Les gestionnaires sont crees par chaque syndic via /team, et les proprietaires via la gestion des proprietaires de l'ACP."}
    assert 400 in (200, 201)
     +  where 400 = &lt;Response [400]&gt;.status_code</error></testcase><testcase classname="tests.test_iter10_rbac.TestGestionnaireAdminPathsForbidden" name="test_manager_delete_copro_acceptable" time="0.000"><error message="failed on setup with &quot;AssertionError: Create owner failed: 400 {&quot;detail&quot;:&quot;Le superadmin ne cree que des comptes 'syndic' ou 'superadmin'. Les gestionnaires sont crees par chaque syndic via /team, et les proprietaires via la gestion des proprietaires de l'ACP.&quot;}&#10;assert 400 in (200, 201)&#10; +  where 400 = &lt;Response [400]&gt;.status_code&quot;">E   AssertionError: Create owner failed: 400 {"detail":"Le superadmin ne cree que des comptes 'syndic' ou 'superadmin'. Les gestionnaires sont crees par chaque syndic via /team, et les proprietaires via la gestion des proprietaires de l'ACP."}
    assert 400 in (200, 201)
     +  where 400 = &lt;Response [400]&gt;.status_code</error></testcase><testcase classname="tests.test_iter10_rbac.TestSuperadminFullAccess" name="test_admin_get_coproprietes" time="0.051" /><testcase classname="tests.test_iter10_rbac.TestSuperadminFullAccess" name="test_admin_get_admin_users" time="0.052" /><testcase classname="tests.test_iter10_rbac.TestSuperadminFullAccess" name="test_admin_demo_seed" time="0.068" /><testcase classname="tests.test_iter10_rbac.TestSuperadminFullAccess" name="test_admin_get_owners" time="0.050" /><testcase classname="tests.test_iter10_rbac.TestSuperadminFullAccess" name="test_admin_get_banking_summary" time="0.096" /><testcase classname="tests.test_iter10_rbac.TestSuperadminFullAccess" name="test_admin_get_reports" time="0.051" /><testcase classname="tests.test_iter10_rbac.TestKnownIssues" name="test_auth_me_returns_id_not_underscore" time="0.047" /><testcase classname="tests.test_iter10_rbac.TestKnownIssues" name="test_demo_seed_always_returns_counts" time="0.103" /><testcase classname="tests.test_iter11_owner_portal.TestOwnerPortalEndpoints" name="test_login_sets_cookie_and_role_owner" time="0.515"><error message="failed on setup with &quot;AssertionError: Login failed for sophie.martin@example.be: 401 {&quot;detail&quot;:&quot;Identifiants invalides&quot;}&#10;assert 401 == 200&#10; +  where 401 = &lt;Response [401]&gt;.status_code&quot;">E   AssertionError: Login failed for sophie.martin@example.be: 401 {"detail":"Identifiants invalides"}
    assert 401 == 200
     +  where 401 = &lt;Response [401]&gt;.status_code</error></testcase><testcase classname="tests.test_iter11_owner_portal.TestOwnerPortalEndpoints" name="test_owner_me" time="0.000"><error message="failed on setup with &quot;AssertionError: Login failed for sophie.martin@example.be: 401 {&quot;detail&quot;:&quot;Identifiants invalides&quot;}&#10;assert 401 == 200&#10; +  where 401 = &lt;Response [401]&gt;.status_code&quot;">E   AssertionError: Login failed for sophie.martin@example.be: 401 {"detail":"Identifiants invalides"}
    assert 401 == 200
     +  where 401 = &lt;Response [401]&gt;.status_code</error></testcase><testcase classname="tests.test_iter11_owner_portal.TestOwnerPortalEndpoints" name="test_owner_dashboard" time="0.000"><error message="failed on setup with &quot;AssertionError: Login failed for sophie.martin@example.be: 401 {&quot;detail&quot;:&quot;Identifiants invalides&quot;}&#10;assert 401 == 200&#10; +  where 401 = &lt;Response [401]&gt;.status_code&quot;">E   AssertionError: Login failed for sophie.martin@example.be: 401 {"detail":"Identifiants invalides"}
    assert 401 == 200
     +  where 401 = &lt;Response [401]&gt;.status_code</error></testcase><testcase classname="tests.test_iter11_owner_portal.TestOwnerPortalEndpoints" name="test_owner_coproprietes" time="0.000"><error message="failed on setup with &quot;AssertionError: Login failed for sophie.martin@example.be: 401 {&quot;detail&quot;:&quot;Identifiants invalides&quot;}&#10;assert 401 == 200&#10; +  where 401 = &lt;Response [401]&gt;.status_code&quot;">E   AssertionError: Login failed for sophie.martin@example.be: 401 {"detail":"Identifiants invalides"}
    assert 401 == 200
     +  where 401 = &lt;Response [401]&gt;.status_code</error></testcase><testcase classname="tests.test_iter11_owner_portal.TestOwnerPortalEndpoints" name="test_owner_fund_calls" time="0.000"><error message="failed on setup with &quot;AssertionError: Login failed for sophie.martin@example.be: 401 {&quot;detail&quot;:&quot;Identifiants invalides&quot;}&#10;assert 401 == 200&#10; +  where 401 = &lt;Response [401]&gt;.status_code&quot;">E   AssertionError: Login failed for sophie.martin@example.be: 401 {"detail":"Identifiants invalides"}
    assert 401 == 200
     +  where 401 = &lt;Response [401]&gt;.status_code</error></testcase><testcase classname="tests.test_iter11_owner_portal.TestOwnerPortalEndpoints" name="test_owner_invoices" time="0.000"><error message="failed on setup with &quot;AssertionError: Login failed for sophie.martin@example.be: 401 {&quot;detail&quot;:&quot;Identifiants invalides&quot;}&#10;assert 401 == 200&#10; +  where 401 = &lt;Response [401]&gt;.status_code&quot;">E   AssertionError: Login failed for sophie.martin@example.be: 401 {"detail":"Identifiants invalides"}
    assert 401 == 200
     +  where 401 = &lt;Response [401]&gt;.status_code</error></testcase><testcase classname="tests.test_iter11_owner_portal.TestOwnerPortalEndpoints" name="test_owner_documents" time="0.000"><error message="failed on setup with &quot;AssertionError: Login failed for sophie.martin@example.be: 401 {&quot;detail&quot;:&quot;Identifiants invalides&quot;}&#10;assert 401 == 200&#10; +  where 401 = &lt;Response [401]&gt;.status_code&quot;">E   AssertionError: Login failed for sophie.martin@example.be: 401 {"detail":"Identifiants invalides"}
    assert 401 == 200
     +  where 401 = &lt;Response [401]&gt;.status_code</error></testcase><testcase classname="tests.test_iter11_owner_portal.TestOwnerPortalEndpoints" name="test_owner_situation_authorised" time="0.000"><error message="failed on setup with &quot;AssertionError: Login failed for sophie.martin@example.be: 401 {&quot;detail&quot;:&quot;Identifiants invalides&quot;}&#10;assert 401 == 200&#10; +  where 401 = &lt;Response [401]&gt;.status_code&quot;">E   AssertionError: Login failed for sophie.martin@example.be: 401 {"detail":"Identifiants invalides"}
    assert 401 == 200
     +  where 401 = &lt;Response [401]&gt;.status_code</error></testcase><testcase classname="tests.test_iter11_owner_portal.TestOwnerPortalEndpoints" name="test_owner_situation_forbidden_other_acp" time="0.000"><error message="failed on setup with &quot;AssertionError: Login failed for sophie.martin@example.be: 401 {&quot;detail&quot;:&quot;Identifiants invalides&quot;}&#10;assert 401 == 200&#10; +  where 401 = &lt;Response [401]&gt;.status_code&quot;">E   AssertionError: Login failed for sophie.martin@example.be: 401 {"detail":"Identifiants invalides"}
    assert 401 == 200
     +  where 401 = &lt;Response [401]&gt;.status_code</error></testcase><testcase classname="tests.test_iter11_owner_portal.TestOwnerNoMatch" name="test_orphan_owner_me_404" time="0.057"><error message="failed on setup with &quot;AssertionError: {&quot;detail&quot;:&quot;Le superadmin ne cree que des comptes 'syndic' ou 'superadmin'. Les gestionnaires sont crees par chaque syndic via /team, et les proprietaires via la gestion des proprietaires de l'ACP.&quot;}&#10;assert 400 in (200, 201)&#10; +  where 400 = &lt;Response [400]&gt;.status_code&quot;">E   AssertionError: {"detail":"Le superadmin ne cree que des comptes 'syndic' ou 'superadmin'. Les gestionnaires sont crees par chaque syndic via /team, et les proprietaires via la gestion des proprietaires de l'ACP."}
    assert 400 in (200, 201)
     +  where 400 = &lt;Response [400]&gt;.status_code</error></testcase><testcase classname="tests.test_iter11_owner_portal.TestOwnerNoMatch" name="test_orphan_owner_dashboard_404" time="0.000"><error message="failed on setup with &quot;AssertionError: {&quot;detail&quot;:&quot;Le superadmin ne cree que des comptes 'syndic' ou 'superadmin'. Les gestionnaires sont crees par chaque syndic via /team, et les proprietaires via la gestion des proprietaires de l'ACP.&quot;}&#10;assert 400 in (200, 201)&#10; +  where 400 = &lt;Response [400]&gt;.status_code&quot;">E   AssertionError: {"detail":"Le superadmin ne cree que des comptes 'syndic' ou 'superadmin'. Les gestionnaires sont crees par chaque syndic via /team, et les proprietaires via la gestion des proprietaires de l'ACP."}
    assert 400 in (200, 201)
     +  where 400 = &lt;Response [400]&gt;.status_code</error></testcase><testcase classname="tests.test_iter11_owner_portal.TestOwnerRBACWhitelist" name="test_owner_forbidden_paths[/api/owners]" time="0.000"><error message="failed on setup with &quot;AssertionError: Login failed for sophie.martin@example.be: 401 {&quot;detail&quot;:&quot;Identifiants invalides&quot;}&#10;assert 401 == 200&#10; +  where 401 = &lt;Response [401]&gt;.status_code&quot;">E   AssertionError: Login failed for sophie.martin@example.be: 401 {"detail":"Identifiants invalides"}
    assert 401 == 200
     +  where 401 = &lt;Response [401]&gt;.status_code</error></testcase><testcase classname="tests.test_iter11_owner_portal.TestOwnerRBACWhitelist" name="test_owner_forbidden_paths[/api/admin/users]" time="0.000"><error message="failed on setup with &quot;AssertionError: Login failed for sophie.martin@example.be: 401 {&quot;detail&quot;:&quot;Identifiants invalides&quot;}&#10;assert 401 == 200&#10; +  where 401 = &lt;Response [401]&gt;.status_code&quot;">E   AssertionError: Login failed for sophie.martin@example.be: 401 {"detail":"Identifiants invalides"}
    assert 401 == 200
     +  where 401 = &lt;Response [401]&gt;.status_code</error></testcase><testcase classname="tests.test_iter11_owner_portal.TestOwnerRBACWhitelist" name="test_owner_forbidden_paths[/api/accounting/pcmn]" time="0.000"><error message="failed on setup with &quot;AssertionError: Login failed for sophie.martin@example.be: 401 {&quot;detail&quot;:&quot;Identifiants invalides&quot;}&#10;assert 401 == 200&#10; +  where 401 = &lt;Response [401]&gt;.status_code&quot;">E   AssertionError: Login failed for sophie.martin@example.be: 401 {"detail":"Identifiants invalides"}
    assert 401 == 200
     +  where 401 = &lt;Response [401]&gt;.status_code</error></testcase><testcase classname="tests.test_iter11_owner_portal.TestOwnerRBACWhitelist" name="test_owner_forbidden_paths[/api/invoices]" time="0.000"><error message="failed on setup with &quot;AssertionError: Login failed for sophie.martin@example.be: 401 {&quot;detail&quot;:&quot;Identifiants invalides&quot;}&#10;assert 401 == 200&#10; +  where 401 = &lt;Response [401]&gt;.status_code&quot;">E   AssertionError: Login failed for sophie.martin@example.be: 401 {"detail":"Identifiants invalides"}
    assert 401 == 200
     +  where 401 = &lt;Response [401]&gt;.status_code</error></testcase><testcase classname="tests.test_iter11_owner_portal.TestOwnerRBACWhitelist" name="test_owner_forbidden_paths[/api/lots]" time="0.000"><error message="failed on setup with &quot;AssertionError: Login failed for sophie.martin@example.be: 401 {&quot;detail&quot;:&quot;Identifiants invalides&quot;}&#10;assert 401 == 200&#10; +  where 401 = &lt;Response [401]&gt;.status_code&quot;">E   AssertionError: Login failed for sophie.martin@example.be: 401 {"detail":"Identifiants invalides"}
    assert 401 == 200
     +  where 401 = &lt;Response [401]&gt;.status_code</error></testcase><testcase classname="tests.test_iter11_owner_portal.TestOwnerRBACWhitelist" name="test_owner_forbidden_paths[/api/banking/transactions]" time="0.000"><error message="failed on setup with &quot;AssertionError: Login failed for sophie.martin@example.be: 401 {&quot;detail&quot;:&quot;Identifiants invalides&quot;}&#10;assert 401 == 200&#10; +  where 401 = &lt;Response [401]&gt;.status_code&quot;">E   AssertionError: Login failed for sophie.martin@example.be: 401 {"detail":"Identifiants invalides"}
    assert 401 == 200
     +  where 401 = &lt;Response [401]&gt;.status_code</error></testcase><testcase classname="tests.test_iter11_owner_portal.TestOwnerRBACWhitelist" name="test_owner_forbidden_paths[/api/reports/bilan]" time="0.000"><error message="failed on setup with &quot;AssertionError: Login failed for sophie.martin@example.be: 401 {&quot;detail&quot;:&quot;Identifiants invalides&quot;}&#10;assert 401 == 200&#10; +  where 401 = &lt;Response [401]&gt;.status_code&quot;">E   AssertionError: Login failed for sophie.martin@example.be: 401 {"detail":"Identifiants invalides"}
    assert 401 == 200
     +  where 401 = &lt;Response [401]&gt;.status_code</error></testcase><testcase classname="tests.test_iter11_owner_portal.TestOwnerRBACWhitelist" name="test_owner_allowed_coproprietes" time="0.000"><error message="failed on setup with &quot;AssertionError: Login failed for sophie.martin@example.be: 401 {&quot;detail&quot;:&quot;Identifiants invalides&quot;}&#10;assert 401 == 200&#10; +  where 401 = &lt;Response [401]&gt;.status_code&quot;">E   AssertionError: Login failed for sophie.martin@example.be: 401 {"detail":"Identifiants invalides"}
    assert 401 == 200
     +  where 401 = &lt;Response [401]&gt;.status_code</error></testcase><testcase classname="tests.test_iter11_owner_portal.TestOwnerRBACWhitelist" name="test_owner_allowed_auth_me" time="0.000"><error message="failed on setup with &quot;AssertionError: Login failed for sophie.martin@example.be: 401 {&quot;detail&quot;:&quot;Identifiants invalides&quot;}&#10;assert 401 == 200&#10; +  where 401 = &lt;Response [401]&gt;.status_code&quot;">E   AssertionError: Login failed for sophie.martin@example.be: 401 {"detail":"Identifiants invalides"}
    assert 401 == 200
     +  where 401 = &lt;Response [401]&gt;.status_code</error></testcase><testcase classname="tests.test_iter11_owner_portal.TestOwnerRBACWhitelist" name="test_owner_post_owner_route_forbidden" time="0.000"><error message="failed on setup with &quot;AssertionError: Login failed for sophie.martin@example.be: 401 {&quot;detail&quot;:&quot;Identifiants invalides&quot;}&#10;assert 401 == 200&#10; +  where 401 = &lt;Response [401]&gt;.status_code&quot;">E   AssertionError: Login failed for sophie.martin@example.be: 401 {"detail":"Identifiants invalides"}
    assert 401 == 200
     +  where 401 = &lt;Response [401]&gt;.status_code</error></testcase><testcase classname="tests.test_iter11_owner_portal.TestOwnerRBACWhitelist" name="test_owner_put_lots_forbidden" time="0.000"><error message="failed on setup with &quot;AssertionError: Login failed for sophie.martin@example.be: 401 {&quot;detail&quot;:&quot;Identifiants invalides&quot;}&#10;assert 401 == 200&#10; +  where 401 = &lt;Response [401]&gt;.status_code&quot;">E   AssertionError: Login failed for sophie.martin@example.be: 401 {"detail":"Identifiants invalides"}
    assert 401 == 200
     +  where 401 = &lt;Response [401]&gt;.status_code</error></testcase><testcase classname="tests.test_iter11_owner_portal.TestRegressionOtherRoles" name="test_gestionnaire_can_read_coproprietes" time="0.062"><error message="failed on setup with &quot;AssertionError: {&quot;detail&quot;:&quot;Le superadmin ne cree que des comptes 'syndic' ou 'superadmin'. Les gestionnaires sont crees par chaque syndic via /team, et les proprietaires via la gestion des proprietaires de l'ACP.&quot;}&#10;assert 400 in (200, 201)&#10; +  where 400 = &lt;Response [400]&gt;.status_code&quot;">E   AssertionError: {"detail":"Le superadmin ne cree que des comptes 'syndic' ou 'superadmin'. Les gestionnaires sont crees par chaque syndic via /team, et les proprietaires via la gestion des proprietaires de l'ACP."}
    assert 400 in (200, 201)
     +  where 400 = &lt;Response [400]&gt;.status_code</error></testcase><testcase classname="tests.test_iter11_owner_portal.TestRegressionOtherRoles" name="test_gestionnaire_can_read_invoices" time="0.000"><error message="failed on setup with &quot;AssertionError: {&quot;detail&quot;:&quot;Le superadmin ne cree que des comptes 'syndic' ou 'superadmin'. Les gestionnaires sont crees par chaque syndic via /team, et les proprietaires via la gestion des proprietaires de l'ACP.&quot;}&#10;assert 400 in (200, 201)&#10; +  where 400 = &lt;Response [400]&gt;.status_code&quot;">E   AssertionError: {"detail":"Le superadmin ne cree que des comptes 'syndic' ou 'superadmin'. Les gestionnaires sont crees par chaque syndic via /team, et les proprietaires via la gestion des proprietaires de l'ACP."}
    assert 400 in (200, 201)
     +  where 400 = &lt;Response [400]&gt;.status_code</error></testcase><testcase classname="tests.test_iter11_owner_portal.TestRegressionOtherRoles" name="test_gestionnaire_can_read_owners" time="0.000"><error message="failed on setup with &quot;AssertionError: {&quot;detail&quot;:&quot;Le superadmin ne cree que des comptes 'syndic' ou 'superadmin'. Les gestionnaires sont crees par chaque syndic via /team, et les proprietaires via la gestion des proprietaires de l'ACP.&quot;}&#10;assert 400 in (200, 201)&#10; +  where 400 = &lt;Response [400]&gt;.status_code&quot;">E   AssertionError: {"detail":"Le superadmin ne cree que des comptes 'syndic' ou 'superadmin'. Les gestionnaires sont crees par chaque syndic via /team, et les proprietaires via la gestion des proprietaires de l'ACP."}
    assert 400 in (200, 201)
     +  where 400 = &lt;Response [400]&gt;.status_code</error></testcase><testcase classname="tests.test_iter11_owner_portal.TestRegressionOtherRoles" name="test_gestionnaire_can_read_lots" time="0.000"><error message="failed on setup with &quot;AssertionError: {&quot;detail&quot;:&quot;Le superadmin ne cree que des comptes 'syndic' ou 'superadmin'. Les gestionnaires sont crees par chaque syndic via /team, et les proprietaires via la gestion des proprietaires de l'ACP.&quot;}&#10;assert 400 in (200, 201)&#10; +  where 400 = &lt;Response [400]&gt;.status_code&quot;">E   AssertionError: {"detail":"Le superadmin ne cree que des comptes 'syndic' ou 'superadmin'. Les gestionnaires sont crees par chaque syndic via /team, et les proprietaires via la gestion des proprietaires de l'ACP."}
    assert 400 in (200, 201)
     +  where 400 = &lt;Response [400]&gt;.status_code</error></testcase><testcase classname="tests.test_iter11_owner_portal.TestRegressionOtherRoles" name="test_gestionnaire_can_read_banking" time="0.000"><error message="failed on setup with &quot;AssertionError: {&quot;detail&quot;:&quot;Le superadmin ne cree que des comptes 'syndic' ou 'superadmin'. Les gestionnaires sont crees par chaque syndic via /team, et les proprietaires via la gestion des proprietaires de l'ACP.&quot;}&#10;assert 400 in (200, 201)&#10; +  where 400 = &lt;Response [400]&gt;.status_code&quot;">E   AssertionError: {"detail":"Le superadmin ne cree que des comptes 'syndic' ou 'superadmin'. Les gestionnaires sont crees par chaque syndic via /team, et les proprietaires via la gestion des proprietaires de l'ACP."}
    assert 400 in (200, 201)
     +  where 400 = &lt;Response [400]&gt;.status_code</error></testcase><testcase classname="tests.test_iter11_owner_portal.TestRegressionOtherRoles" name="test_gestionnaire_admin_users_forbidden" time="0.000"><error message="failed on setup with &quot;AssertionError: {&quot;detail&quot;:&quot;Le superadmin ne cree que des comptes 'syndic' ou 'superadmin'. Les gestionnaires sont crees par chaque syndic via /team, et les proprietaires via la gestion des proprietaires de l'ACP.&quot;}&#10;assert 400 in (200, 201)&#10; +  where 400 = &lt;Response [400]&gt;.status_code&quot;">E   AssertionError: {"detail":"Le superadmin ne cree que des comptes 'syndic' ou 'superadmin'. Les gestionnaires sont crees par chaque syndic via /team, et les proprietaires via la gestion des proprietaires de l'ACP."}
    assert 400 in (200, 201)
     +  where 400 = &lt;Response [400]&gt;.status_code</error></testcase><testcase classname="tests.test_iter11_owner_portal.TestRegressionOtherRoles" name="test_superadmin_full_access" time="0.575" /><testcase classname="tests.test_iter11_owner_portal.TestRegressionOtherRoles" name="test_superadmin_cannot_use_owner_portal" time="0.113" /><testcase classname="tests.test_iter12_features.TestReportsRubriques" name="test_bilan_rubriques_structure" time="0.369"><failure message="AssertionError: {&quot;detail&quot;:&quot;copropriete_id requis - chinese walls strict : aucune ACP n'est selectionnee.&quot;}&#10;assert 400 == 200&#10; +  where 400 = &lt;Response [400]&gt;.status_code">E   AssertionError: {"detail":"copropriete_id requis - chinese walls strict : aucune ACP n'est selectionnee."}
    assert 400 == 200
     +  where 400 = &lt;Response [400]&gt;.status_code</failure></testcase><testcase classname="tests.test_iter12_features.TestReportsRubriques" name="test_resultat_rubriques_structure" time="0.044"><failure message="AssertionError: {&quot;detail&quot;:&quot;copropriete_id requis - chinese walls strict : aucune ACP n'est selectionnee.&quot;}&#10;assert 400 == 200&#10; +  where 400 = &lt;Response [400]&gt;.status_code">E   AssertionError: {"detail":"copropriete_id requis - chinese walls strict : aucune ACP n'est selectionnee."}
    assert 400 == 200
     +  where 400 = &lt;Response [400]&gt;.status_code</failure></testcase><testcase classname="tests.test_iter12_features.TestExcelExports" name="test_export_balance_tiers_owners" time="0.068" /><testcase classname="tests.test_iter12_features.TestExcelExports" name="test_export_bilan_xlsx" time="0.072" /><testcase classname="tests.test_iter12_features.TestExcelExports" name="test_export_grand_livre_xlsx" time="0.506" /><testcase classname="tests.test_iter12_features.TestReminders" name="test_late_payments_structure" time="0.079" /><testcase classname="tests.test_iter12_features.TestReminders" name="test_late_payments_count_positive" time="0.076" /><testcase classname="tests.test_iter12_features.TestReminders" name="test_reminder_letter_pdf" time="0.249" /><testcase classname="tests.test_iter12_features.TestInvoiceAIExtract" name="test_invoice_ai_extract_pdf" time="5.543" /><testcase classname="tests.test_iter12_features.TestEntryAttachments" name="test_entry_attachment_lifecycle" time="0.096"><failure message="AssertionError: {&quot;detail&quot;:&quot;Aucun exercice fiscal ouvert ne couvre la date du 15/01/2024. Pour saisir cette ecriture, creez d'abord l'exercice correspondant dans Comptabilite &gt; Exercices fiscaux.&quot;}&#10;assert 400 in (200, 201)&#10; +  where 400 = &lt;Response [400]&gt;.status_code">E   AssertionError: {"detail":"Aucun exercice fiscal ouvert ne couvre la date du 15/01/2024. Pour saisir cette ecriture, creez d'abord l'exercice correspondant dans Comptabilite &gt; Exercices fiscaux."}
    assert 400 in (200, 201)
     +  where 400 = &lt;Response [400]&gt;.status_code</failure></testcase><testcase classname="tests.test_iter12_features.TestInvoiceAttachments" name="test_invoice_attachment_lifecycle" time="0.046"><skipped type="pytest.skip" message="No suppliers in DB to create invoice">/app/backend/tests/test_iter12_features.py:288: No suppliers in DB to create invoice</skipped></testcase><testcase classname="tests.test_iter12_features.TestOwnerRBAC" name="test_owner_forbidden_reminders" time="0.073"><skipped type="pytest.skip" message="Cannot create owner user: 400 {&quot;detail&quot;:&quot;Le superadmin ne cree que des comptes 'syndic' ou 'superadmin'. Les gestionnaires sont crees par chaque syndic via /team, et les proprietaires via la gestion des proprietaires de l'ACP.&quot;}">/app/backend/tests/test_iter12_features.py:348: Cannot create owner user: 400 {"detail":"Le superadmin ne cree que des comptes 'syndic' ou 'superadmin'. Les gestionnaires sont crees par chaque syndic via /team, et les proprietaires via la gestion des proprietaires de l'ACP."}</skipped></testcase><testcase classname="tests.test_iter12_features.TestOwnerRBAC" name="test_owner_forbidden_exports" time="0.000"><skipped type="pytest.skip" message="Cannot create owner user: 400 {&quot;detail&quot;:&quot;Le superadmin ne cree que des comptes 'syndic' ou 'superadmin'. Les gestionnaires sont crees par chaque syndic via /team, et les proprietaires via la gestion des proprietaires de l'ACP.&quot;}">/app/backend/tests/test_iter12_features.py:352: Cannot create owner user: 400 {"detail":"Le superadmin ne cree que des comptes 'syndic' ou 'superadmin'. Les gestionnaires sont crees par chaque syndic via /team, et les proprietaires via la gestion des proprietaires de l'ACP."}</skipped></testcase><testcase classname="tests.test_iter12_features.TestOwnerRBAC" name="test_owner_forbidden_invoice_ai" time="0.000"><skipped type="pytest.skip" message="Cannot create owner user: 400 {&quot;detail&quot;:&quot;Le superadmin ne cree que des comptes 'syndic' ou 'superadmin'. Les gestionnaires sont crees par chaque syndic via /team, et les proprietaires via la gestion des proprietaires de l'ACP.&quot;}">/app/backend/tests/test_iter12_features.py:356: Cannot create owner user: 400 {"detail":"Le superadmin ne cree que des comptes 'syndic' ou 'superadmin'. Les gestionnaires sont crees par chaque syndic via /team, et les proprietaires via la gestion des proprietaires de l'ACP."}</skipped></testcase><testcase classname="tests.test_iter12_features.TestRegression" name="test_login" time="0.343" /><testcase classname="tests.test_iter12_features.TestRegression" name="test_coproprietes" time="0.062" /><testcase classname="tests.test_iter12_features.TestRegression" name="test_owners" time="0.051" /><testcase classname="tests.test_iter12_features.TestRegression" name="test_invoices" time="0.056" /><testcase classname="tests.test_iter12_features.TestRegression" name="test_accounting_entries" time="0.044" /><testcase classname="tests.test_iter12_features.TestRegression" name="test_balance" time="0.050"><failure message="assert 400 == 200&#10; +  where 400 = &lt;Response [400]&gt;.status_code">E   assert 400 == 200
     +  where 400 = &lt;Response [400]&gt;.status_code</failure></testcase><testcase classname="tests.test_iter13_budget_wizard.TestPreviousYearExpenses" name="test_no_closed_fy_returns_empty" time="0.471" /><testcase classname="tests.test_iter13_budget_wizard.TestPreviousYearExpenses" name="test_excludes_fund_call_entries" time="0.046" /><testcase classname="tests.test_iter13_budget_wizard.TestBudgetApprovalFlow" name="test_full_approve_flow" time="0.393"><failure message="assert 200 == 400&#10; +  where 200 = &lt;Response [200]&gt;.status_code">E   assert 200 == 400
     +  where 200 = &lt;Response [200]&gt;.status_code</failure></testcase><testcase classname="tests.test_iter13_budget_wizard.TestBudgetApprovalFlow" name="test_approve_empty_budget_400" time="0.150" /><testcase classname="tests.test_iter13_budget_wizard.TestFundCallsWizard" name="test_preview_draft_budget_400" time="0.145" /><testcase classname="tests.test_iter13_budget_wizard.TestFundCallsWizard" name="test_preview_quarterly_with_reserve" time="0.167" /><testcase classname="tests.test_iter13_budget_wizard.TestFundCallsWizard" name="test_generate_persists_calls" time="0.547" /><testcase classname="tests.test_iter13_budget_wizard.TestFundCallsWizard" name="test_frequency_3_dates" time="0.054" /><testcase classname="tests.test_iter13_budget_wizard.TestFundCallsWizard" name="test_frequency_invalid_400" time="0.155" /><testcase classname="tests.test_iter13_budget_wizard.TestRBAC" name="test_owner_cannot_preview" time="0.050"><skipped type="pytest.skip" message="Cannot create owner user: 400 {&quot;detail&quot;:&quot;Le superadmin ne cree que des comptes 'syndic' ou 'superadmin'. Les gestionnaires sont crees par chaque syndic via /team, et les proprietaires via la gestion des proprietaires de l'ACP.&quot;}">/app/backend/tests/test_iter13_budget_wizard.py:402: Cannot create owner user: 400 {"detail":"Le superadmin ne cree que des comptes 'syndic' ou 'superadmin'. Les gestionnaires sont crees par chaque syndic via /team, et les proprietaires via la gestion des proprietaires de l'ACP."}</skipped></testcase><testcase classname="tests.test_iter13_budget_wizard.TestRBAC" name="test_owner_cannot_generate" time="0.000"><skipped type="pytest.skip" message="Cannot create owner user: 400 {&quot;detail&quot;:&quot;Le superadmin ne cree que des comptes 'syndic' ou 'superadmin'. Les gestionnaires sont crees par chaque syndic via /team, et les proprietaires via la gestion des proprietaires de l'ACP.&quot;}">/app/backend/tests/test_iter13_budget_wizard.py:414: Cannot create owner user: 400 {"detail":"Le superadmin ne cree que des comptes 'syndic' ou 'superadmin'. Les gestionnaires sont crees par chaque syndic via /team, et les proprietaires via la gestion des proprietaires de l'ACP."}</skipped></testcase><testcase classname="tests.test_iter13_budget_wizard.TestRBAC" name="test_owner_cannot_approve" time="0.000"><skipped type="pytest.skip" message="Cannot create owner user: 400 {&quot;detail&quot;:&quot;Le superadmin ne cree que des comptes 'syndic' ou 'superadmin'. Les gestionnaires sont crees par chaque syndic via /team, et les proprietaires via la gestion des proprietaires de l'ACP.&quot;}">/app/backend/tests/test_iter13_budget_wizard.py:421: Cannot create owner user: 400 {"detail":"Le superadmin ne cree que des comptes 'syndic' ou 'superadmin'. Les gestionnaires sont crees par chaque syndic via /team, et les proprietaires via la gestion des proprietaires de l'ACP."}</skipped></testcase><testcase classname="tests.test_iter13_budget_wizard.TestRegression" name="test_list_budgets" time="0.052" /><testcase classname="tests.test_iter13_budget_wizard.TestRegression" name="test_list_fiscal_years" time="0.049" /><testcase classname="tests.test_iter13_budget_wizard.TestRegression" name="test_list_fund_calls" time="0.109" /><testcase classname="tests.test_iter14_regenerate_from_budget.TestRegenerateErrors" name="test_404_budget_inexistant" time="0.413" /><testcase classname="tests.test_iter14_regenerate_from_budget.TestRegenerateErrors" name="test_400_budget_non_approuve" time="0.188" /><testcase classname="tests.test_iter14_regenerate_from_budget.TestRegenerateFlow" name="test_regenerate_response_shape" time="1.010" /><testcase classname="tests.test_iter14_regenerate_from_budget.TestRegenerateFlow" name="test_preserve_paid_call" time="0.845" /><testcase classname="tests.test_iter14_regenerate_from_budget.TestRegenerateFlow" name="test_calls_before_start_date_untouched" time="0.564" /><testcase classname="tests.test_iter14_regenerate_from_budget.TestRegenerateFlow" name="test_idempotence" time="0.574" /><testcase classname="tests.test_iter14_regenerate_from_budget.TestRBAC" name="test_owner_cannot_regenerate" time="0.044"><skipped type="pytest.skip" message="Cannot create owner: 400 {&quot;detail&quot;:&quot;Le superadmin ne cree que des comptes 'syndic' ou 'superadmin'. Les gestionnaires sont crees par chaque syndic via /team, et les proprietaires via la gestion des proprietaires de l'ACP.&quot;}">/app/backend/tests/test_iter14_regenerate_from_budget.py:338: Cannot create owner: 400 {"detail":"Le superadmin ne cree que des comptes 'syndic' ou 'superadmin'. Les gestionnaires sont crees par chaque syndic via /team, et les proprietaires via la gestion des proprietaires de l'ACP."}</skipped></testcase><testcase classname="tests.test_iter14_regenerate_from_budget.TestRegressionGenerate" name="test_generate_includes_lines_reserve_budget_id" time="0.586" /><testcase classname="tests.test_iter15_tier_accounts.TestMigration" name="test_migrate_endpoint_returns_expected_shape" time="0.645" /><testcase classname="tests.test_iter15_tier_accounts.TestMigration" name="test_migrate_is_idempotent" time="0.446" /><testcase classname="tests.test_iter15_tier_accounts.TestMigration" name="test_migrated_accounts_have_correct_attributes" time="0.059"><failure message="AssertionError: Bad number format: 41000001&#10;assert None&#10; +  where None = &lt;function match at 0xfc870bc279c0&gt;('^(40000|40010|44000)\\d{3}$', '41000001')&#10; +    where &lt;function match at 0xfc870bc279c0&gt; = re.match">E   AssertionError: Bad number format: 41000001
    assert None
     +  where None = &lt;function match at 0xfc870bc279c0&gt;('^(40000|40010|44000)\\d{3}$', '41000001')
     +    where &lt;function match at 0xfc870bc279c0&gt; = re.match</failure></testcase><testcase classname="tests.test_iter15_tier_accounts.TestOwnerTierAccounts" name="test_create_owner_auto_assigns_tier_accounts" time="0.059"><failure message="AssertionError: Bad provisions number: 41010009&#10;assert None&#10; +  where None = &lt;function match at 0xfc870bc279c0&gt;('^40000\\d{3}$', '41010009')&#10; +    where &lt;function match at 0xfc870bc279c0&gt; = re.match">E   AssertionError: Bad provisions number: 41010009
    assert None
     +  where None = &lt;function match at 0xfc870bc279c0&gt;('^40000\\d{3}$', '41010009')
     +    where &lt;function match at 0xfc870bc279c0&gt; = re.match</failure></testcase><testcase classname="tests.test_iter15_tier_accounts.TestOwnerTierAccounts" name="test_owner_assign_is_idempotent" time="0.489" /><testcase classname="tests.test_iter15_tier_accounts.TestSupplierTierAccounts" name="test_create_supplier_auto_assigns_tier_account" time="0.113" /><testcase classname="tests.test_iter15_tier_accounts.TestSupplierTierAccounts" name="test_supplier_sequence_no_gap" time="0.057" /><testcase classname="tests.test_iter15_tier_accounts.TestBalanceTiersOwners" name="test_balance_tiers_owners_includes_tier_accounts" time="0.057"><failure message="AssertionError: 41010007&#10;assert None&#10; +  where None = &lt;function match at 0xfc870bc279c0&gt;('^40000\\d{3}$', '41010007')&#10; +    where &lt;function match at 0xfc870bc279c0&gt; = re.match">E   AssertionError: 41010007
    assert None
     +  where None = &lt;function match at 0xfc870bc279c0&gt;('^40000\\d{3}$', '41010007')
     +    where &lt;function match at 0xfc870bc279c0&gt; = re.match</failure></testcase><testcase classname="tests.test_iter15_tier_accounts.TestBalanceTiersOwners" name="test_balance_tiers_owners_response_fields" time="0.051" /><testcase classname="tests.test_iter15_tier_accounts.TestBalanceTiersSuppliers" name="test_orphan_supplier_appears_with_orphan_flag" time="0.050"><failure message="AssertionError: Create invoice failed: 400 {&quot;detail&quot;:&quot;Compte comptable requis : selectionnez soit une nature de depense (elle derivera automatiquement le compte PCMN), soit saisissez directement un numero de compte (ex: 6140 Assurance incendie, 61300 Honoraires syndic). Une facture ne peut jamais etre enregistree sans compte : la comptabilite PCMN belge l'interdit.&quot;}&#10;assert 400 == 200&#10; +  where 400 = &lt;Response [400]&gt;.status_code">E   AssertionError: Create invoice failed: 400 {"detail":"Compte comptable requis : selectionnez soit une nature de depense (elle derivera automatiquement le compte PCMN), soit saisissez directement un numero de compte (ex: 6140 Assurance incendie, 61300 Honoraires syndic). Une facture ne peut jamais etre enregistree sans compte : la comptabilite PCMN belge l'interdit."}
    assert 400 == 200
     +  where 400 = &lt;Response [400]&gt;.status_code</failure></testcase><testcase classname="tests.test_iter15_tier_accounts.TestBalanceTiersSuppliers" name="test_case_insensitive_match_supplier" time="0.099"><failure message="assert 400 == 200&#10; +  where 400 = &lt;Response [400]&gt;.status_code">E   assert 400 == 200
     +  where 400 = &lt;Response [400]&gt;.status_code</failure></testcase><testcase classname="tests.test_iter15_tier_accounts.TestRBAC" name="test_owner_cannot_call_migrate" time="0.067"><failure message="AssertionError: Cannot create owner user: {&quot;detail&quot;:&quot;Le superadmin ne cree que des comptes 'syndic' ou 'superadmin'. Les gestionnaires sont crees par chaque syndic via /team, et les proprietaires via la gestion des proprietaires de l'ACP.&quot;}&#10;assert 400 == 200&#10; +  where 400 = &lt;Response [400]&gt;.status_code">E   AssertionError: Cannot create owner user: {"detail":"Le superadmin ne cree que des comptes 'syndic' ou 'superadmin'. Les gestionnaires sont crees par chaque syndic via /team, et les proprietaires via la gestion des proprietaires de l'ACP."}
    assert 400 == 200
     +  where 400 = &lt;Response [400]&gt;.status_code</failure></testcase><testcase classname="tests.test_iter15_tier_accounts.TestRegression" name="test_owners_list" time="0.053" /><testcase classname="tests.test_iter15_tier_accounts.TestRegression" name="test_suppliers_list" time="0.048" /><testcase classname="tests.test_iter15_tier_accounts.TestRegression" name="test_balance_report" time="0.050" /><testcase classname="tests.test_iter15_tier_accounts.TestRegression" name="test_invoices_crud" time="0.256"><failure message="assert 400 == 200&#10; +  where 400 = &lt;Response [400]&gt;.status_code">E   assert 400 == 200
     +  where 400 = &lt;Response [400]&gt;.status_code</failure></testcase><testcase classname="tests.test_iter16_auto_entries.TestAutoEntryAC" name="test_create_invoice_creates_AC_entry" time="0.602" /><testcase classname="tests.test_iter16_auto_entries.TestAutoEntryAC" name="test_update_invoice_recreates_AC" time="0.164" /><testcase classname="tests.test_iter16_auto_entries.TestAutoEntryAC" name="test_delete_invoice_removes_AC" time="0.112"><failure message="AssertionError: AC entry not deleted&#10;assert not [{'auto_generated': True, 'copropriete_id': 'f7625a68-2918-4950-b41f-bb046e86a8ee', 'created_at': '2026-07-22T11:41:44.152592+00:00', 'date': '2026-02-01', ...}]">E   AssertionError: AC entry not deleted
    assert not [{'auto_generated': True, 'copropriete_id': 'f7625a68-2918-4950-b41f-bb046e86a8ee', 'created_at': '2026-07-22T11:41:44.152592+00:00', 'date': '2026-02-01', ...}]</failure></testcase><testcase classname="tests.test_iter16_auto_entries.TestAutoEntryVE" name="test_create_fund_call_creates_VE_entry" time="0.210"><failure message="assert []">E   assert []</failure></testcase><testcase classname="tests.test_iter16_auto_entries.TestAutoEntryVE" name="test_delete_fund_call_removes_VE" time="0.109"><failure message="AssertionError: VE entry not deleted&#10;assert not [{'auto_generated': True, 'copropriete_id': 'f7625a68-2918-4950-b41f-bb046e86a8ee', 'created_at': '2026-07-22T11:41:44.476752+00:00', 'date': '2026-02-15', ...}]">E   AssertionError: VE entry not deleted
    assert not [{'auto_generated': True, 'copropriete_id': 'f7625a68-2918-4950-b41f-bb046e86a8ee', 'created_at': '2026-07-22T11:41:44.476752+00:00', 'date': '2026-02-15', ...}]</failure></testcase><testcase classname="tests.test_iter16_auto_entries.TestAutoEntryFI" name="test_lettrage_creates_FI_entry" time="0.258"><failure message="AssertionError: lines=[{'account_number': '55103400', 'account_name': 'Banque compte courant 7034', 'debit': 300.0, 'credit': 0.0, 'third_party_id': None, 'third_party_name': ''}, {'account_number': '41010011', 'account_name': 'Acompte de fonds de roulement appele - TEST_Owner_A2', 'debit': 0.0, 'credit': 300.0, 'third_party_id': '168a4632-69d3-4eb9-bbe5-9061d3d50417', 'third_party_name': 'TEST_Owner_A2', 'line_description': 'TEST_Owner_A2'}]&#10;assert ([])">E   AssertionError: lines=[{'account_number': '55103400', 'account_name': 'Banque compte courant 7034', 'debit': 300.0, 'credit': 0.0, 'third_party_id': None, 'third_party_name': ''}, {'account_number': '41010011', 'account_name': 'Acompte de fonds de roulement appele - TEST_Owner_A2', 'debit': 0.0, 'credit': 300.0, 'third_party_id': '168a4632-69d3-4eb9-bbe5-9061d3d50417', 'third_party_name': 'TEST_Owner_A2', 'line_description': 'TEST_Owner_A2'}]
    assert ([])</failure></testcase><testcase classname="tests.test_iter16_auto_entries.TestAutoEntryFI" name="test_unlettrage_removes_FI" time="0.116"><failure message="AssertionError: FI entry not deleted by unlettrage&#10;assert not [{'auto_generated': True, 'bank_statement_id': '', 'copropriete_id': 'f7625a68-2918-4950-b41f-bb046e86a8ee', 'created_...: '', 'copropriete_id': 'f7625a68-2918-4950-b41f-bb046e86a8ee', 'created_at': '2026-07-22T11:41:44.844290+00:00', ...}]">E   AssertionError: FI entry not deleted by unlettrage
    assert not [{'auto_generated': True, 'bank_statement_id': '', 'copropriete_id': 'f7625a68-2918-4950-b41f-bb046e86a8ee', 'created_...: '', 'copropriete_id': 'f7625a68-2918-4950-b41f-bb046e86a8ee', 'created_at': '2026-07-22T11:41:44.844290+00:00', ...}]</failure></testcase><testcase classname="tests.test_iter16_auto_entries.TestAutoEntryFI" name="test_delete_txn_removes_FI" time="0.249"><failure message="AssertionError: assert not [{'auto_generated': True, 'bank_statement_id': '', 'copropriete_id': 'f7625a68-2918-4950-b41f-bb046e86a8ee', 'created_...: '', 'copropriete_id': 'f7625a68-2918-4950-b41f-bb046e86a8ee', 'created_at': '2026-07-22T11:41:45.122644+00:00', ...}]">E   AssertionError: assert not [{'auto_generated': True, 'bank_statement_id': '', 'copropriete_id': 'f7625a68-2918-4950-b41f-bb046e86a8ee', 'created_...: '', 'copropriete_id': 'f7625a68-2918-4950-b41f-bb046e86a8ee', 'created_at': '2026-07-22T11:41:45.122644+00:00', ...}]</failure></testcase><testcase classname="tests.test_iter16_auto_entries.TestAutoEntryProtection" name="test_cannot_delete_auto_entry_manually" time="0.210" /><testcase classname="tests.test_iter16_auto_entries.TestFiscalExpenses" name="test_expenses_endpoint_shape" time="0.049" /><testcase classname="tests.test_iter16_auto_entries.TestFiscalExpenses" name="test_expenses_account_filter" time="0.056" /><testcase classname="tests.test_iter16_auto_entries.TestRegularization" name="test_dry_run_returns_summary" time="0.199" /><testcase classname="tests.test_iter16_auto_entries.TestRegularization" name="test_persist_creates_two_OD_entries" time="0.158" /><testcase classname="tests.test_iter16_auto_entries.TestRegularization" name="test_delete_regularize_removes_entries_and_resets" time="0.382" /><testcase classname="tests.test_iter16_auto_entries.TestRBAC" name="test_owner_cannot_list_expenses" time="0.733" /><testcase classname="tests.test_iter16_auto_entries.TestRBAC" name="test_owner_cannot_regularize" time="0.085" /><testcase classname="tests.test_iter17_expense_categories.TestExpenseCategoriesCRUD" name="test_create_and_list" time="0.582" /><testcase classname="tests.test_iter17_expense_categories.TestExpenseCategoriesCRUD" name="test_multiple_categories_allowed_same_account" time="0.050" /><testcase classname="tests.test_iter17_expense_categories.TestExpenseCategoriesCRUD" name="test_must_be_class6" time="0.100"><failure message="AssertionError: expected 400 for non-class-6, got 200: {&quot;id&quot;:&quot;ca472d13-8a89-4c39-a437-a355332adaaa&quot;,&quot;name&quot;:&quot;TEST_iter17_fa12f7_class7&quot;,&quot;account_number&quot;:&quot;70&quot;,&quot;description&quot;:&quot;&quot;,&quot;copropriete_id&quot;:&quot;f7625a68-2918-4950-b41f-bb046e86a8ee&quot;,&quot;default_occupant_pct&quot;:0.0,&quot;default_proprietaire_pct&quot;:100.0,&quot;code&quot;:&quot;&quot;,&quot;vat_code&quot;:&quot;&quot;,&quot;kind&quot;:&quot;produit&quot;,&quot;default_distribution_key_id&quot;:&quot;&quot;,&quot;account_name&quot;:&quot;Acomptes&quot;,&quot;created_at&quot;:&quot;2026-07-22T11:41:47.882322+00:00&quot;}&#10;assert 200 == 400&#10; +  where 200 = &lt;Response [200]&gt;.status_code">E   AssertionError: expected 400 for non-class-6, got 200: {"id":"ca472d13-8a89-4c39-a437-a355332adaaa","name":"TEST_iter17_fa12f7_class7","account_number":"70","description":"","copropriete_id":"f7625a68-2918-4950-b41f-bb046e86a8ee","default_occupant_pct":0.0,"default_proprietaire_pct":100.0,"code":"","vat_code":"","kind":"produit","default_distribution_key_id":"","account_name":"Acomptes","created_at":"2026-07-22T11:41:47.882322+00:00"}
    assert 200 == 400
     +  where 200 = &lt;Response [200]&gt;.status_code</failure></testcase><testcase classname="tests.test_iter17_expense_categories.TestExpenseCategoriesCRUD" name="test_update_reassign_and_invalid_class" time="0.151"><failure message="AssertionError: expected 400 invalid class, got 200: {&quot;id&quot;:&quot;3e354638-edc7-47c8-aeaa-7a8e18c0d46f&quot;,&quot;name&quot;:&quot;TEST_iter17_fa12f7_cat2&quot;,&quot;account_number&quot;:&quot;70&quot;,&quot;description&quot;:&quot;&quot;,&quot;copropriete_id&quot;:&quot;f7625a68-2918-4950-b41f-bb046e86a8ee&quot;,&quot;default_occupant_pct&quot;:0.0,&quot;default_proprietaire_pct&quot;:100.0,&quot;code&quot;:&quot;&quot;,&quot;vat_code&quot;:&quot;&quot;,&quot;kind&quot;:&quot;&quot;,&quot;default_distribution_key_id&quot;:&quot;&quot;,&quot;account_name&quot;:&quot;Entretien et petites réparations de bâtiment, jardin et environs&quot;,&quot;created_at&quot;:&quot;2026-07-22T11:41:47.931485+00:00&quot;}&#10;assert 200 == 400&#10; +  where 200 = &lt;Response [200]&gt;.status_code">E   AssertionError: expected 400 invalid class, got 200: {"id":"3e354638-edc7-47c8-aeaa-7a8e18c0d46f","name":"TEST_iter17_fa12f7_cat2","account_number":"70","description":"","copropriete_id":"f7625a68-2918-4950-b41f-bb046e86a8ee","default_occupant_pct":0.0,"default_proprietaire_pct":100.0,"code":"","vat_code":"","kind":"","default_distribution_key_id":"","account_name":"Entretien et petites réparations de bâtiment, jardin et environs","created_at":"2026-07-22T11:41:47.931485+00:00"}
    assert 200 == 400
     +  where 200 = &lt;Response [200]&gt;.status_code</failure></testcase><testcase classname="tests.test_iter17_expense_categories.TestExpenseCategoriesCRUD" name="test_delete_blocked_if_used" time="0.208" /><testcase classname="tests.test_iter17_expense_categories.TestInvoiceCategoryDerivation" name="test_create_with_category_overrides_account" time="0.107" /><testcase classname="tests.test_iter17_expense_categories.TestInvoiceCategoryDerivation" name="test_update_category_changes_account" time="0.154" /><testcase classname="tests.test_iter17_expense_categories.TestInvoiceCategoryDerivation" name="test_regression_invoice_without_category" time="0.054" /><testcase classname="tests.test_iter17_expense_categories.TestDistributionKeysUsage" name="test_usage_endpoint_shape" time="0.258" /><testcase classname="tests.test_iter17_expense_categories.TestDistributionKeysUsage" name="test_put_conflict_without_force" time="0.051" /><testcase classname="tests.test_iter17_expense_categories.TestDistributionKeysUsage" name="test_put_force_detaches" time="0.108" /><testcase classname="tests.test_iter17_expense_categories.TestDistributionKeysUsage" name="test_delete_blocked_if_used" time="0.158" /><testcase classname="tests.test_iter17_expense_categories.TestAutoEntryManualEdit" name="test_put_auto_marks_manually_edited" time="0.159" /><testcase classname="tests.test_iter17_expense_categories.TestAutoEntryManualEdit" name="test_delete_auto_without_edit_blocked" time="0.161" /><testcase classname="tests.test_iter17_expense_categories.TestAutoEntryManualEdit" name="test_delete_auto_after_edit_allowed" time="0.052" /><testcase classname="tests.test_iter17_expense_categories.TestAutoEntryManualEdit" name="test_update_source_skips_manually_edited" time="0.270"><failure message="AssertionError: manually_edited entry was overwritten by source update&#10;assert 0 == 1&#10; +  where 0 = len([])">E   AssertionError: manually_edited entry was overwritten by source update
    assert 0 == 1
     +  where 0 = len([])</failure></testcase><testcase classname="tests.test_iter17_expense_categories.TestRBACOwner" name="test_owner_cannot_list_categories" time="0.696" /><testcase classname="tests.test_iter17_expense_categories.TestRBACOwner" name="test_owner_cannot_create_category" time="0.045" /><testcase classname="tests.test_iter17_expense_categories.TestRBACOwner" name="test_owner_cannot_get_dist_key_usage" time="0.881" /><testcase classname="tests.test_iter18_pcmn_new.TestPCMNList" name="test_pcmn_count_337" time="0.367"><failure message="AssertionError: Expected &gt;=337 accounts, got 13&#10;assert 13 &gt;= 337&#10; +  where 13 = len([{'active': True, 'class_num': 4, 'copropriete_id': '6748ca1a-216d-4002-8417-799287238736', 'is_tier_account': True, ....e': True, 'class_num': 4, 'copropriete_id': '6748ca1a-216d-4002-8417-799287238736', 'is_tier_account': True, ...}, ...])">E   AssertionError: Expected &gt;=337 accounts, got 13
    assert 13 &gt;= 337
     +  where 13 = len([{'active': True, 'class_num': 4, 'copropriete_id': '6748ca1a-216d-4002-8417-799287238736', 'is_tier_account': True, ....e': True, 'class_num': 4, 'copropriete_id': '6748ca1a-216d-4002-8417-799287238736', 'is_tier_account': True, ...}, ...])</failure></testcase><testcase classname="tests.test_iter18_pcmn_new.TestPCMNList" name="test_pcmn_filter_class_num" time="0.048"><failure message="assert 0 &gt; 0&#10; +  where 0 = len([])">E   assert 0 &gt; 0
     +  where 0 = len([])</failure></testcase><testcase classname="tests.test_iter18_pcmn_new.TestPCMNList" name="test_pcmn_614_615_active_by_default" time="0.047"><failure message="KeyError: '614000'">E   KeyError: '614000'</failure></testcase><testcase classname="tests.test_iter18_pcmn_new.TestMigration" name="test_migrate_pcmn_import_idempotent" time="0.095"><failure message="assert 0 &gt;= 337">E   assert 0 &gt;= 337</failure></testcase><testcase classname="tests.test_iter18_pcmn_new.TestCustomPCMN" name="test_create_custom_account_auto_class_type" time="0.049" /><testcase classname="tests.test_iter18_pcmn_new.TestCustomPCMN" name="test_create_custom_class1_balance" time="0.048" /><testcase classname="tests.test_iter18_pcmn_new.TestCustomPCMN" name="test_duplicate_create_refused" time="0.096" /><testcase classname="tests.test_iter18_pcmn_new.TestCustomPCMN" name="test_put_updates_account" time="0.095" /><testcase classname="tests.test_iter18_pcmn_new.TestCustomPCMN" name="test_toggle_active" time="0.096" /><testcase classname="tests.test_iter18_pcmn_new.TestCustomPCMN" name="test_delete_custom_success" time="0.098" /><testcase classname="tests.test_iter18_pcmn_new.TestCustomPCMN" name="test_delete_official_refused" time="0.047"><failure message="assert 404 == 400&#10; +  where 404 = &lt;Response [404]&gt;.status_code">E   assert 404 == 400
     +  where 404 = &lt;Response [404]&gt;.status_code</failure></testcase><testcase classname="tests.test_iter18_pcmn_new.TestCustomPCMN" name="test_delete_official_with_force" time="0.302"><skipped type="pytest.skip" message="693 not seeded">/app/backend/tests/test_iter18_pcmn_new.py:170: 693 not seeded</skipped></testcase><testcase classname="tests.test_iter18_pcmn_new.TestPDFListeDepenses" name="test_pdf_basic" time="0.055"><failure message="AssertionError: {&quot;detail&quot;:&quot;Copropriete non trouvee&quot;}&#10;assert 404 == 200&#10; +  where 404 = &lt;Response [404]&gt;.status_code">E   AssertionError: {"detail":"Copropriete non trouvee"}
    assert 404 == 200
     +  where 404 = &lt;Response [404]&gt;.status_code</failure></testcase><testcase classname="tests.test_iter18_pcmn_new.TestPDFListeDepenses" name="test_pdf_with_account_filter" time="0.047"><failure message="assert 404 == 200&#10; +  where 404 = &lt;Response [404]&gt;.status_code">E   assert 404 == 200
     +  where 404 = &lt;Response [404]&gt;.status_code</failure></testcase><testcase classname="tests.test_iter18_pcmn_new.TestRegression" name="test_decompte_pdf_still_works" time="0.099"><failure message="AssertionError: {&quot;detail&quot;:&quot;L'exercice 'Exercice 2026' n'est pas cloture (statut: inconnu). Le decompte annuel definitif est genere uniquement apres cloture de l'exercice. Pour une previsualisation, utilisez le mode `preview=true`.&quot;}&#10;assert 400 == 200&#10; +  where 400 = &lt;Response [400]&gt;.status_code">E   AssertionError: {"detail":"L'exercice 'Exercice 2026' n'est pas cloture (statut: inconnu). Le decompte annuel definitif est genere uniquement apres cloture de l'exercice. Pour une previsualisation, utilisez le mode `preview=true`."}
    assert 400 == 200
     +  where 400 = &lt;Response [400]&gt;.status_code</failure></testcase><testcase classname="tests.test_iter18_pcmn_new.TestRegression" name="test_compat_accounts_present" time="0.046"><failure message="AssertionError: Compat account 400000 missing&#10;assert '400000' in {'44000001', '44000002', '44000003', '44000004', '44000005', '44000006', ...}">E   AssertionError: Compat account 400000 missing
    assert '400000' in {'44000001', '44000002', '44000003', '44000004', '44000005', '44000006', ...}</failure></testcase><testcase classname="tests.test_iter18_pcmn_new.TestRegression" name="test_create_acp_seeds_337" time="0.164" /><testcase classname="tests.test_iter19_private_fee_roulement.TestPrivateFeeInvoice" name="test_create_private_fee_invoice_4lines" time="0.119"><error message="failed on setup with &quot;AssertionError: Login failed: 429 {&quot;error&quot;:&quot;Rate limit exceeded: 10 per 1 minute&quot;}&#10;assert 429 == 200&#10; +  where 429 = &lt;Response [429]&gt;.status_code&quot;">E   AssertionError: Login failed: 429 {"error":"Rate limit exceeded: 10 per 1 minute"}
    assert 429 == 200
     +  where 429 = &lt;Response [429]&gt;.status_code</error></testcase><testcase classname="tests.test_iter19_private_fee_roulement.TestPrivateFeeInvoice" name="test_create_private_fee_missing_owner_400" time="0.000"><error message="failed on setup with &quot;AssertionError: Login failed: 429 {&quot;error&quot;:&quot;Rate limit exceeded: 10 per 1 minute&quot;}&#10;assert 429 == 200&#10; +  where 429 = &lt;Response [429]&gt;.status_code&quot;">E   AssertionError: Login failed: 429 {"error":"Rate limit exceeded: 10 per 1 minute"}
    assert 429 == 200
     +  where 429 = &lt;Response [429]&gt;.status_code</error></testcase><testcase classname="tests.test_iter19_private_fee_roulement.TestPrivateFeeInvoice" name="test_create_private_fee_invalid_owner_404" time="0.000"><error message="failed on setup with &quot;AssertionError: Login failed: 429 {&quot;error&quot;:&quot;Rate limit exceeded: 10 per 1 minute&quot;}&#10;assert 429 == 200&#10; +  where 429 = &lt;Response [429]&gt;.status_code&quot;">E   AssertionError: Login failed: 429 {"error":"Rate limit exceeded: 10 per 1 minute"}
    assert 429 == 200
     +  where 429 = &lt;Response [429]&gt;.status_code</error></testcase><testcase classname="tests.test_iter19_private_fee_roulement.TestPrivateFeeInvoice" name="test_update_normal_to_private_fee_regenerates_entry" time="0.000"><error message="failed on setup with &quot;AssertionError: Login failed: 429 {&quot;error&quot;:&quot;Rate limit exceeded: 10 per 1 minute&quot;}&#10;assert 429 == 200&#10; +  where 429 = &lt;Response [429]&gt;.status_code&quot;">E   AssertionError: Login failed: 429 {"error":"Rate limit exceeded: 10 per 1 minute"}
    assert 429 == 200
     +  where 429 = &lt;Response [429]&gt;.status_code</error></testcase><testcase classname="tests.test_iter19_private_fee_roulement.TestPrivateFeeInvoice" name="test_create_normal_invoice_regression_2lines" time="0.000"><error message="failed on setup with &quot;AssertionError: Login failed: 429 {&quot;error&quot;:&quot;Rate limit exceeded: 10 per 1 minute&quot;}&#10;assert 429 == 200&#10; +  where 429 = &lt;Response [429]&gt;.status_code&quot;">E   AssertionError: Login failed: 429 {"error":"Rate limit exceeded: 10 per 1 minute"}
    assert 429 == 200
     +  where 429 = &lt;Response [429]&gt;.status_code</error></testcase><testcase classname="tests.test_iter19_private_fee_roulement.TestRoulementBudgetWizard" name="test_preview_roulement_only" time="0.000"><error message="failed on setup with &quot;AssertionError: Login failed: 429 {&quot;error&quot;:&quot;Rate limit exceeded: 10 per 1 minute&quot;}&#10;assert 429 == 200&#10; +  where 429 = &lt;Response [429]&gt;.status_code&quot;">E   AssertionError: Login failed: 429 {"error":"Rate limit exceeded: 10 per 1 minute"}
    assert 429 == 200
[...]
prietes" time="0.049" /><testcase classname="tests.test_iter9_auth_middleware" name="test_valid_cookie_allows_pcmn" time="0.201" /><testcase classname="tests.test_iter9_auth_middleware" name="test_valid_cookie_allows_documents_categories" time="0.054" /><testcase classname="tests.test_iter9_auth_middleware" name="test_valid_cookie_allows_auth_me" time="0.048" /><testcase classname="tests.test_iter9_auth_middleware" name="test_bearer_token_in_header_works" time="0.101" /><testcase classname="tests.test_iter9_auth_middleware" name="test_bearer_token_invalid_returns_401" time="0.096" /><testcase classname="tests.test_iter9_auth_middleware" name="test_bearer_token_allows_auth_me" time="0.116" /><testcase classname="tests.test_iter9_auth_middleware" name="test_options_preflight_on_protected_route_passes" time="0.069" /><testcase classname="tests.test_iter9_auth_middleware" name="test_options_preflight_on_login_passes" time="0.067" /><testcase classname="tests.test_iter9_auth_middleware" name="test_regression_create_and_delete_acp_with_auth" time="0.112" /><testcase classname="tests.test_iter9_auth_middleware" name="test_non_api_path_is_not_blocked" time="0.091" /><testcase classname="tests.test_iter_compte_resultat_dedup" name="test_compte_resultat_total_charges_and_produits" time="0.376" /><testcase classname="tests.test_iter_compte_resultat_dedup" name="test_compte_resultat_accounts_no_duplication" time="0.049" /><testcase classname="tests.test_iter_compte_resultat_dedup" name="test_bilan_compte_499_and_finlead" time="0.050" /><testcase classname="tests.test_iter_compte_resultat_dedup" name="test_expenses_total" time="0.052" /><testcase classname="tests.test_iter_compte_resultat_dedup" name="test_coherence_resultat_bilan_expenses" time="0.092" /><testcase classname="tests.test_iter_compte_resultat_dedup" name="test_bilan_after_distribution_balanced" time="0.052" /><testcase classname="tests.test_new_features.TestAuthRole" name="test_login_returns_superadmin" time="0.117"><error message="failed on setup with &quot;AssertionError: Login failed: 429 {&quot;error&quot;:&quot;Rate limit exceeded: 10 per 1 minute&quot;}&#10;assert 429 == 200&#10; +  where 429 = &lt;Response [429]&gt;.status_code&quot;">E   AssertionError: Login failed: 429 {"error":"Rate limit exceeded: 10 per 1 minute"}
    assert 429 == 200
     +  where 429 = &lt;Response [429]&gt;.status_code</error></testcase><testcase classname="tests.test_new_features.TestCoproprietes" name="test_list_requires_auth" time="0.090" /><testcase classname="tests.test_new_features.TestCoproprietes" name="test_create_copro" time="0.000"><error message="failed on setup with &quot;AssertionError: Login failed: 429 {&quot;error&quot;:&quot;Rate limit exceeded: 10 per 1 minute&quot;}&#10;assert 429 == 200&#10; +  where 429 = &lt;Response [429]&gt;.status_code&quot;">E   AssertionError: Login failed: 429 {"error":"Rate limit exceeded: 10 per 1 minute"}
    assert 429 == 200
     +  where 429 = &lt;Response [429]&gt;.status_code</error></testcase><testcase classname="tests.test_new_features.TestCoproprietes" name="test_list_after_create" time="0.000"><error message="failed on setup with &quot;AssertionError: Login failed: 429 {&quot;error&quot;:&quot;Rate limit exceeded: 10 per 1 minute&quot;}&#10;assert 429 == 200&#10; +  where 429 = &lt;Response [429]&gt;.status_code&quot;">E   AssertionError: Login failed: 429 {"error":"Rate limit exceeded: 10 per 1 minute"}
    assert 429 == 200
     +  where 429 = &lt;Response [429]&gt;.status_code</error></testcase><testcase classname="tests.test_new_features.TestCoproprietes" name="test_delete_copro" time="0.000"><error message="failed on setup with &quot;AssertionError: Login failed: 429 {&quot;error&quot;:&quot;Rate limit exceeded: 10 per 1 minute&quot;}&#10;assert 429 == 200&#10; +  where 429 = &lt;Response [429]&gt;.status_code&quot;">E   AssertionError: Login failed: 429 {"error":"Rate limit exceeded: 10 per 1 minute"}
    assert 429 == 200
     +  where 429 = &lt;Response [429]&gt;.status_code</error></testcase><testcase classname="tests.test_new_features.TestSuppliers" name="test_create_supplier" time="0.000"><error message="failed on setup with &quot;AssertionError: Login failed: 429 {&quot;error&quot;:&quot;Rate limit exceeded: 10 per 1 minute&quot;}&#10;assert 429 == 200&#10; +  where 429 = &lt;Response [429]&gt;.status_code&quot;">E   AssertionError: Login failed: 429 {"error":"Rate limit exceeded: 10 per 1 minute"}
    assert 429 == 200
     +  where 429 = &lt;Response [429]&gt;.status_code</error></testcase><testcase classname="tests.test_new_features.TestSuppliers" name="test_get_supplier" time="0.000"><error message="failed on setup with &quot;AssertionError: Login failed: 429 {&quot;error&quot;:&quot;Rate limit exceeded: 10 per 1 minute&quot;}&#10;assert 429 == 200&#10; +  where 429 = &lt;Response [429]&gt;.status_code&quot;">E   AssertionError: Login failed: 429 {"error":"Rate limit exceeded: 10 per 1 minute"}
    assert 429 == 200
     +  where 429 = &lt;Response [429]&gt;.status_code</error></testcase><testcase classname="tests.test_new_features.TestSuppliers" name="test_list_suppliers" time="0.000"><error message="failed on setup with &quot;AssertionError: Login failed: 429 {&quot;error&quot;:&quot;Rate limit exceeded: 10 per 1 minute&quot;}&#10;assert 429 == 200&#10; +  where 429 = &lt;Response [429]&gt;.status_code&quot;">E   AssertionError: Login failed: 429 {"error":"Rate limit exceeded: 10 per 1 minute"}
    assert 429 == 200
     +  where 429 = &lt;Response [429]&gt;.status_code</error></testcase><testcase classname="tests.test_new_features.TestSuppliers" name="test_update_supplier" time="0.000"><error message="failed on setup with &quot;AssertionError: Login failed: 429 {&quot;error&quot;:&quot;Rate limit exceeded: 10 per 1 minute&quot;}&#10;assert 429 == 200&#10; +  where 429 = &lt;Response [429]&gt;.status_code&quot;">E   AssertionError: Login failed: 429 {"error":"Rate limit exceeded: 10 per 1 minute"}
    assert 429 == 200
     +  where 429 = &lt;Response [429]&gt;.status_code</error></testcase><testcase classname="tests.test_new_features.TestSuppliers" name="test_delete_supplier" time="0.000"><error message="failed on setup with &quot;AssertionError: Login failed: 429 {&quot;error&quot;:&quot;Rate limit exceeded: 10 per 1 minute&quot;}&#10;assert 429 == 200&#10; +  where 429 = &lt;Response [429]&gt;.status_code&quot;">E   AssertionError: Login failed: 429 {"error":"Rate limit exceeded: 10 per 1 minute"}
    assert 429 == 200
     +  where 429 = &lt;Response [429]&gt;.status_code</error></testcase><testcase classname="tests.test_new_features.TestFiscal" name="test_create_fiscal_year" time="0.000"><error message="failed on setup with &quot;AssertionError: Login failed: 429 {&quot;error&quot;:&quot;Rate limit exceeded: 10 per 1 minute&quot;}&#10;assert 429 == 200&#10; +  where 429 = &lt;Response [429]&gt;.status_code&quot;">E   AssertionError: Login failed: 429 {"error":"Rate limit exceeded: 10 per 1 minute"}
    assert 429 == 200
     +  where 429 = &lt;Response [429]&gt;.status_code</error></testcase><testcase classname="tests.test_new_features.TestFiscal" name="test_list_years" time="0.000"><error message="failed on setup with &quot;AssertionError: Login failed: 429 {&quot;error&quot;:&quot;Rate limit exceeded: 10 per 1 minute&quot;}&#10;assert 429 == 200&#10; +  where 429 = &lt;Response [429]&gt;.status_code&quot;">E   AssertionError: Login failed: 429 {"error":"Rate limit exceeded: 10 per 1 minute"}
    assert 429 == 200
     +  where 429 = &lt;Response [429]&gt;.status_code</error></testcase><testcase classname="tests.test_new_features.TestFiscal" name="test_create_budget" time="0.000"><error message="failed on setup with &quot;AssertionError: Login failed: 429 {&quot;error&quot;:&quot;Rate limit exceeded: 10 per 1 minute&quot;}&#10;assert 429 == 200&#10; +  where 429 = &lt;Response [429]&gt;.status_code&quot;">E   AssertionError: Login failed: 429 {"error":"Rate limit exceeded: 10 per 1 minute"}
    assert 429 == 200
     +  where 429 = &lt;Response [429]&gt;.status_code</error></testcase><testcase classname="tests.test_new_features.TestFiscal" name="test_budget_comparison" time="0.000"><error message="failed on setup with &quot;AssertionError: Login failed: 429 {&quot;error&quot;:&quot;Rate limit exceeded: 10 per 1 minute&quot;}&#10;assert 429 == 200&#10; +  where 429 = &lt;Response [429]&gt;.status_code&quot;">E   AssertionError: Login failed: 429 {"error":"Rate limit exceeded: 10 per 1 minute"}
    assert 429 == 200
     +  where 429 = &lt;Response [429]&gt;.status_code</error></testcase><testcase classname="tests.test_new_features.TestFiscal" name="test_close_year" time="0.000"><error message="failed on setup with &quot;AssertionError: Login failed: 429 {&quot;error&quot;:&quot;Rate limit exceeded: 10 per 1 minute&quot;}&#10;assert 429 == 200&#10; +  where 429 = &lt;Response [429]&gt;.status_code&quot;">E   AssertionError: Login failed: 429 {"error":"Rate limit exceeded: 10 per 1 minute"}
    assert 429 == 200
     +  where 429 = &lt;Response [429]&gt;.status_code</error></testcase><testcase classname="tests.test_new_features.TestFiscal" name="test_reopen_year" time="0.000"><error message="failed on setup with &quot;AssertionError: Login failed: 429 {&quot;error&quot;:&quot;Rate limit exceeded: 10 per 1 minute&quot;}&#10;assert 429 == 200&#10; +  where 429 = &lt;Response [429]&gt;.status_code&quot;">E   AssertionError: Login failed: 429 {"error":"Rate limit exceeded: 10 per 1 minute"}
    assert 429 == 200
     +  where 429 = &lt;Response [429]&gt;.status_code</error></testcase><testcase classname="tests.test_new_features.TestFiscal" name="test_zz_cleanup" time="0.000"><error message="failed on setup with &quot;AssertionError: Login failed: 429 {&quot;error&quot;:&quot;Rate limit exceeded: 10 per 1 minute&quot;}&#10;assert 429 == 200&#10; +  where 429 = &lt;Response [429]&gt;.status_code&quot;">E   AssertionError: Login failed: 429 {"error":"Rate limit exceeded: 10 per 1 minute"}
    assert 429 == 200
     +  where 429 = &lt;Response [429]&gt;.status_code</error></testcase><testcase classname="tests.test_new_features.TestOwnersVCS" name="test_create_owner_with_vcs" time="0.000"><error message="failed on setup with &quot;AssertionError: Login failed: 429 {&quot;error&quot;:&quot;Rate limit exceeded: 10 per 1 minute&quot;}&#10;assert 429 == 200&#10; +  where 429 = &lt;Response [429]&gt;.status_code&quot;">E   AssertionError: Login failed: 429 {"error":"Rate limit exceeded: 10 per 1 minute"}
    assert 429 == 200
     +  where 429 = &lt;Response [429]&gt;.status_code</error></testcase><testcase classname="tests.test_new_features.TestOwnersVCS" name="test_lookup_vcs" time="0.000"><error message="failed on setup with &quot;AssertionError: Login failed: 429 {&quot;error&quot;:&quot;Rate limit exceeded: 10 per 1 minute&quot;}&#10;assert 429 == 200&#10; +  where 429 = &lt;Response [429]&gt;.status_code&quot;">E   AssertionError: Login failed: 429 {"error":"Rate limit exceeded: 10 per 1 minute"}
    assert 429 == 200
     +  where 429 = &lt;Response [429]&gt;.status_code</error></testcase><testcase classname="tests.test_new_features.TestOwnersVCS" name="test_zz_cleanup_owner" time="0.000"><error message="failed on setup with &quot;AssertionError: Login failed: 429 {&quot;error&quot;:&quot;Rate limit exceeded: 10 per 1 minute&quot;}&#10;assert 429 == 200&#10; +  where 429 = &lt;Response [429]&gt;.status_code&quot;">E   AssertionError: Login failed: 429 {"error":"Rate limit exceeded: 10 per 1 minute"}
    assert 429 == 200
     +  where 429 = &lt;Response [429]&gt;.status_code</error></testcase><testcase classname="tests.test_new_features.TestFundCalls" name="test_create_fund_call" time="0.000"><error message="failed on setup with &quot;AssertionError: Login failed: 429 {&quot;error&quot;:&quot;Rate limit exceeded: 10 per 1 minute&quot;}&#10;assert 429 == 200&#10; +  where 429 = &lt;Response [429]&gt;.status_code&quot;">E   AssertionError: Login failed: 429 {"error":"Rate limit exceeded: 10 per 1 minute"}
    assert 429 == 200
     +  where 429 = &lt;Response [429]&gt;.status_code</error></testcase><testcase classname="tests.test_new_features.TestFundCalls" name="test_get_fund_call" time="0.000"><error message="failed on setup with &quot;AssertionError: Login failed: 429 {&quot;error&quot;:&quot;Rate limit exceeded: 10 per 1 minute&quot;}&#10;assert 429 == 200&#10; +  where 429 = &lt;Response [429]&gt;.status_code&quot;">E   AssertionError: Login failed: 429 {"error":"Rate limit exceeded: 10 per 1 minute"}
    assert 429 == 200
     +  where 429 = &lt;Response [429]&gt;.status_code</error></testcase><testcase classname="tests.test_new_features.TestFundCalls" name="test_generate_entries" time="0.000"><error message="failed on setup with &quot;AssertionError: Login failed: 429 {&quot;error&quot;:&quot;Rate limit exceeded: 10 per 1 minute&quot;}&#10;assert 429 == 200&#10; +  where 429 = &lt;Response [429]&gt;.status_code&quot;">E   AssertionError: Login failed: 429 {"error":"Rate limit exceeded: 10 per 1 minute"}
    assert 429 == 200
     +  where 429 = &lt;Response [429]&gt;.status_code</error></testcase><testcase classname="tests.test_new_features.TestFundCalls" name="test_list_calls" time="0.000"><error message="failed on setup with &quot;AssertionError: Login failed: 429 {&quot;error&quot;:&quot;Rate limit exceeded: 10 per 1 minute&quot;}&#10;assert 429 == 200&#10; +  where 429 = &lt;Response [429]&gt;.status_code&quot;">E   AssertionError: Login failed: 429 {"error":"Rate limit exceeded: 10 per 1 minute"}
    assert 429 == 200
     +  where 429 = &lt;Response [429]&gt;.status_code</error></testcase><testcase classname="tests.test_new_features.TestFundCalls" name="test_zz_cleanup_call" time="0.000"><error message="failed on setup with &quot;AssertionError: Login failed: 429 {&quot;error&quot;:&quot;Rate limit exceeded: 10 per 1 minute&quot;}&#10;assert 429 == 200&#10; +  where 429 = &lt;Response [429]&gt;.status_code&quot;">E   AssertionError: Login failed: 429 {"error":"Rate limit exceeded: 10 per 1 minute"}
    assert 429 == 200
     +  where 429 = &lt;Response [429]&gt;.status_code</error></testcase><testcase classname="tests.test_new_features.TestReports" name="test_grand_livre" time="0.000"><error message="failed on setup with &quot;AssertionError: Login failed: 429 {&quot;error&quot;:&quot;Rate limit exceeded: 10 per 1 minute&quot;}&#10;assert 429 == 200&#10; +  where 429 = &lt;Response [429]&gt;.status_code&quot;">E   AssertionError: Login failed: 429 {"error":"Rate limit exceeded: 10 per 1 minute"}
    assert 429 == 200
     +  where 429 = &lt;Response [429]&gt;.status_code</error></testcase><testcase classname="tests.test_new_features.TestReports" name="test_balance" time="0.000"><error message="failed on setup with &quot;AssertionError: Login failed: 429 {&quot;error&quot;:&quot;Rate limit exceeded: 10 per 1 minute&quot;}&#10;assert 429 == 200&#10; +  where 429 = &lt;Response [429]&gt;.status_code&quot;">E   AssertionError: Login failed: 429 {"error":"Rate limit exceeded: 10 per 1 minute"}
    assert 429 == 200
     +  where 429 = &lt;Response [429]&gt;.status_code</error></testcase><testcase classname="tests.test_new_features.TestReports" name="test_bilan" time="0.000"><error message="failed on setup with &quot;AssertionError: Login failed: 429 {&quot;error&quot;:&quot;Rate limit exceeded: 10 per 1 minute&quot;}&#10;assert 429 == 200&#10; +  where 429 = &lt;Response [429]&gt;.status_code&quot;">E   AssertionError: Login failed: 429 {"error":"Rate limit exceeded: 10 per 1 minute"}
    assert 429 == 200
     +  where 429 = &lt;Response [429]&gt;.status_code</error></testcase><testcase classname="tests.test_new_features.TestReports" name="test_resultat" time="0.000"><error message="failed on setup with &quot;AssertionError: Login failed: 429 {&quot;error&quot;:&quot;Rate limit exceeded: 10 per 1 minute&quot;}&#10;assert 429 == 200&#10; +  where 429 = &lt;Response [429]&gt;.status_code&quot;">E   AssertionError: Login failed: 429 {"error":"Rate limit exceeded: 10 per 1 minute"}
    assert 429 == 200
     +  where 429 = &lt;Response [429]&gt;.status_code</error></testcase><testcase classname="tests.test_new_features.TestReports" name="test_decompte" time="0.000"><error message="failed on setup with &quot;AssertionError: Login failed: 429 {&quot;error&quot;:&quot;Rate limit exceeded: 10 per 1 minute&quot;}&#10;assert 429 == 200&#10; +  where 429 = &lt;Response [429]&gt;.status_code&quot;">E   AssertionError: Login failed: 429 {"error":"Rate limit exceeded: 10 per 1 minute"}
    assert 429 == 200
     +  where 429 = &lt;Response [429]&gt;.status_code</error></testcase><testcase classname="tests.test_new_features.TestReports" name="test_decompte_pdf" time="0.000"><error message="failed on setup with &quot;AssertionError: Login failed: 429 {&quot;error&quot;:&quot;Rate limit exceeded: 10 per 1 minute&quot;}&#10;assert 429 == 200&#10; +  where 429 = &lt;Response [429]&gt;.status_code&quot;">E   AssertionError: Login failed: 429 {"error":"Rate limit exceeded: 10 per 1 minute"}
    assert 429 == 200
     +  where 429 = &lt;Response [429]&gt;.status_code</error></testcase><testcase classname="tests.test_new_features.TestAdminUsers" name="test_list_users" time="0.000"><error message="failed on setup with &quot;AssertionError: Login failed: 429 {&quot;error&quot;:&quot;Rate limit exceeded: 10 per 1 minute&quot;}&#10;assert 429 == 200&#10; +  where 429 = &lt;Response [429]&gt;.status_code&quot;">E   AssertionError: Login failed: 429 {"error":"Rate limit exceeded: 10 per 1 minute"}
    assert 429 == 200
     +  where 429 = &lt;Response [429]&gt;.status_code</error></testcase><testcase classname="tests.test_new_features.TestAdminUsers" name="test_create_user" time="0.000"><error message="failed on setup with &quot;AssertionError: Login failed: 429 {&quot;error&quot;:&quot;Rate limit exceeded: 10 per 1 minute&quot;}&#10;assert 429 == 200&#10; +  where 429 = &lt;Response [429]&gt;.status_code&quot;">E   AssertionError: Login failed: 429 {"error":"Rate limit exceeded: 10 per 1 minute"}
    assert 429 == 200
     +  where 429 = &lt;Response [429]&gt;.status_code</error></testcase><testcase classname="tests.test_new_features.TestAdminUsers" name="test_update_user" time="0.000"><error message="failed on setup with &quot;AssertionError: Login failed: 429 {&quot;error&quot;:&quot;Rate limit exceeded: 10 per 1 minute&quot;}&#10;assert 429 == 200&#10; +  where 429 = &lt;Response [429]&gt;.status_code&quot;">E   AssertionError: Login failed: 429 {"error":"Rate limit exceeded: 10 per 1 minute"}
    assert 429 == 200
     +  where 429 = &lt;Response [429]&gt;.status_code</error></testcase><testcase classname="tests.test_new_features.TestAdminUsers" name="test_delete_user" time="0.000"><error message="failed on setup with &quot;AssertionError: Login failed: 429 {&quot;error&quot;:&quot;Rate limit exceeded: 10 per 1 minute&quot;}&#10;assert 429 == 200&#10; +  where 429 = &lt;Response [429]&gt;.status_code&quot;">E   AssertionError: Login failed: 429 {"error":"Rate limit exceeded: 10 per 1 minute"}
    assert 429 == 200
     +  where 429 = &lt;Response [429]&gt;.status_code</error></testcase><testcase classname="tests.test_new_features.TestAdminUsers" name="test_unauthorized_admin" time="0.100" /><testcase classname="tests.test_new_features.TestJournals" name="test_create_balanced_entry" time="0.247"><error message="failed on setup with &quot;AssertionError: Login failed: 429 {&quot;error&quot;:&quot;Rate limit exceeded: 10 per 1 minute&quot;}&#10;assert 429 == 200&#10; +  where 429 = &lt;Response [429]&gt;.status_code&quot;">E   AssertionError: Login failed: 429 {"error":"Rate limit exceeded: 10 per 1 minute"}
    assert 429 == 200
     +  where 429 = &lt;Response [429]&gt;.status_code</error></testcase></testsuite></testsuites>