<?xml version="1.0" encoding="utf-8"?><testsuites name="pytest tests"><testsuite name="pytest" errors="0" failures="0" skipped="0" tests="10" time="1.279" timestamp="2026-07-23T09:22:31.871721+00:00" hostname="agent-env-29701678-5fac-4f31-a1ba-1fe2556d2397"><testcase classname="tests.test_iter63_code_corrections.TestDeleteStatementPreview" name="test_delete_preview_nonexistent_returns_404" time="0.431" /><testcase classname="tests.test_iter63_code_corrections.TestDeleteStatementPreview" name="test_delete_preview_returns_correct_structure" time="0.236" /><testcase classname="tests.test_iter63_code_corrections.TestDeleteStatement" name="test_delete_statement_works" time="0.147" /><testcase classname="tests.test_iter63_code_corrections.TestDeleteStatement" name="test_delete_nonexistent_statement_returns_404" time="0.048" /><testcase classname="tests.test_iter63_code_corrections.TestCodeStructureVerification" name="test_resolve_bank_account_has_direct_pcmn_match_step" time="0.000" /><testcase classname="tests.test_iter63_code_corrections.TestCodeStructureVerification" name="test_commit_journals_skips_remap_for_55x_58" time="0.000" /><testcase classname="tests.test_iter63_code_corrections.TestCodeStructureVerification" name="test_build_gpe_lines_helper_exists" time="0.000" /><testcase classname="tests.test_iter63_code_corrections.TestCodeStructureVerification" name="test_commit_invoices_includes_lines_field" time="0.000" /><testcase classname="tests.test_iter63_code_corrections.TestCodeStructureVerification" name="test_set_private_fee_allocations_calls_generate_purchase_entry" time="0.000" /><testcase classname="tests.test_iter63_code_corrections.TestDeletePreviewWithTransactions" name="test_delete_preview_counts_transactions" time="0.280" /></testsuite></testsuites>