<?xml version="1.0" encoding="utf-8"?><testsuites name="pytest tests"><testsuite name="pytest" errors="0" failures="0" skipped="0" tests="6" time="3.176" timestamp="2026-07-24T08:45:01.161495+00:00" hostname="agent-env-29701678-5fac-4f31-a1ba-1fe2556d2397"><testcase classname="backend.tests.test_iter70_purge_syndic.TestPurgeEndpointValidation" name="test_purge_returns_404_for_invalid_user_id" time="0.528" /><testcase classname="backend.tests.test_iter70_purge_syndic.TestPurgeEndpointValidation" name="test_purge_returns_404_for_malformed_user_id" time="0.045" /><testcase classname="backend.tests.test_iter70_purge_syndic.TestPurgeEndpointValidation" name="test_purge_returns_400_if_confirm_email_mismatch" time="0.495" /><testcase classname="backend.tests.test_iter70_purge_syndic.TestPurgeEndpointValidation" name="test_purge_returns_message_when_no_acps" time="0.377" /><testcase classname="backend.tests.test_iter70_purge_syndic.TestFullPurgeFlow" name="test_full_purge_flow" time="1.160" /><testcase classname="backend.tests.test_iter70_purge_syndic.TestPurgeWithoutBody" name="test_purge_without_confirm_email" time="0.438" /></testsuite></testsuites>