<?xml version="1.0" encoding="utf-8"?><testsuites name="pytest tests"><testsuite name="pytest" errors="0" failures="0" skipped="0" tests="19" time="2.468" timestamp="2026-07-26T16:10:31.272007+00:00" hostname="agent-env-8988babc-2dbe-43b5-b5b8-af37a98d9af3"><testcase classname="backend.tests.test_iter90fs_tickets" name="test_statuses_endpoint" time="0.507" /><testcase classname="backend.tests.test_iter90fs_tickets" name="test_ticket_created_event_persisted" time="0.178" /><testcase classname="backend.tests.test_iter90fs_tickets" name="test_list_isolation_alpha_sees_own" time="0.084" /><testcase classname="backend.tests.test_iter90fs_tickets" name="test_list_isolation_beta_no_alpha" time="0.379" /><testcase classname="backend.tests.test_iter90fs_tickets" name="test_admin_sees_all" time="0.375" /><testcase classname="backend.tests.test_iter90fs_tickets" name="test_beta_get_alpha_ticket_403" time="0.049" /><testcase classname="backend.tests.test_iter90fs_tickets" name="test_syndic_cannot_change_status" time="0.050" /><testcase classname="backend.tests.test_iter90fs_tickets" name="test_admin_change_status_ok" time="0.105" /><testcase classname="backend.tests.test_iter90fs_tickets" name="test_admin_invalid_status" time="0.051" /><testcase classname="backend.tests.test_iter90fs_tickets" name="test_syndic_can_comment_own" time="0.052" /><testcase classname="backend.tests.test_iter90fs_tickets" name="test_admin_can_comment_any" time="0.051" /><testcase classname="backend.tests.test_iter90fs_tickets" name="test_empty_comment_400" time="0.048" /><testcase classname="backend.tests.test_iter90fs_tickets" name="test_beta_cannot_comment_alpha" time="0.048" /><testcase classname="backend.tests.test_iter90fs_tickets" name="test_download_attachment_ok" time="0.051" /><testcase classname="backend.tests.test_iter90fs_tickets" name="test_download_attachment_cross_syndic_403" time="0.049" /><testcase classname="backend.tests.test_iter90fs_tickets" name="test_assign_by_admin" time="0.096" /><testcase classname="backend.tests.test_iter90fs_tickets" name="test_assign_by_syndic_403" time="0.048" /><testcase classname="backend.tests.test_iter90fs_tickets" name="test_create_short_title" time="0.052" /><testcase classname="backend.tests.test_iter90fs_tickets" name="test_create_short_description" time="0.047" /></testsuite></testsuites>