<?xml version="1.0" encoding="utf-8"?><testsuites name="pytest tests"><testsuite name="pytest" errors="0" failures="0" skipped="0" tests="5" time="0.918" timestamp="2026-07-20T14:45:28.204160+00:00" hostname="agent-env-f93a4f05-0d6e-4e35-91d9-fb01e8f40791"><testcase classname="tests.test_iter90iw_supplier_list_column_and_name_first_matching" name="test_list_suppliers_returns_tier_account_number" time="0.823" /><testcase classname="tests.test_iter90iw_supplier_list_column_and_name_first_matching" name="test_reconcile_prefers_name_match_over_account" time="0.046" /><testcase classname="tests.test_iter90iw_supplier_list_column_and_name_first_matching" name="test_reconcile_falls_back_to_account_match_when_no_name_match" time="0.016" /><testcase classname="tests.test_iter90iw_supplier_list_column_and_name_first_matching" name="test_commit_invoices_prefers_name_match_over_aux" time="0.000" /><testcase classname="tests.test_iter90iw_supplier_list_column_and_name_first_matching" name="test_resolve_third_party_prefers_name_match" time="0.000" /></testsuite></testsuites>