<?xml version="1.0" encoding="utf-8"?><testsuites name="pytest tests"><testsuite name="pytest" errors="0" failures="0" skipped="0" tests="8" time="2.281" timestamp="2026-07-27T07:07:53.784645+00:00" hostname="agent-env-8988babc-2dbe-43b5-b5b8-af37a98d9af3"><testcase classname="backend.tests.test_iter91def" name="test_iter91e_dedupe_dry_run" time="0.423" /><testcase classname="backend.tests.test_iter91def" name="test_iter91e_dedupe_missing_copro" time="0.063" /><testcase classname="backend.tests.test_iter91def" name="test_iter91e_dedupe_execute_no_merges" time="0.069" /><testcase classname="backend.tests.test_iter91def" name="test_iter91e_dedupe_unauthorized" time="0.104" /><testcase classname="backend.tests.test_iter91def" name="test_iter91f_preview_detects_orphan_and_ignores_mapped" time="0.118" /><testcase classname="backend.tests.test_iter91def" name="test_iter91f_preview_empty_when_no_owner_accounts" time="0.059" /><testcase classname="backend.tests.test_iter91def" name="test_iter91d_expenses_list_pdf_merges_synthese_and_detail" time="1.292" /><testcase classname="backend.tests.test_iter91def" name="test_iter91d_via_communication_flow_reachable" time="0.056" /></testsuite></testsuites>