<?xml version="1.0" encoding="utf-8"?><testsuites name="pytest tests"><testsuite name="pytest" errors="0" failures="0" skipped="0" tests="12" time="7.094" timestamp="2026-07-24T09:11:22.299694+00:00" hostname="agent-env-29701678-5fac-4f31-a1ba-1fe2556d2397"><testcase classname="backend.tests.test_iter72_purge_5th_source.TestPurgeSyndic5thSource" name="test_purge_requires_superadmin" time="1.246" /><testcase classname="backend.tests.test_iter72_purge_5th_source.TestPurgeSyndic5thSource" name="test_purge_requires_email_confirmation" time="0.694" /><testcase classname="backend.tests.test_iter72_purge_5th_source.TestPurgeSyndic5thSource" name="test_purge_nonexistent_user_returns_404" time="0.403" /><testcase classname="backend.tests.test_iter72_purge_5th_source.TestPurgeSyndic5thSource" name="test_purge_syndic_without_acps" time="0.705" /><testcase classname="backend.tests.test_iter72_purge_5th_source.TestPurgeSyndic5thSource" name="test_purge_response_includes_owner_user_accounts_count" time="0.686" /><testcase classname="backend.tests.test_iter72_purge_5th_source.TestPurgeSyndic5thSource" name="test_purge_response_includes_owner_access_audit_count" time="0.688" /><testcase classname="backend.tests.test_iter72_purge_5th_source.TestPurgeWithFullData" name="test_full_purge_scenario" time="0.826" /><testcase classname="backend.tests.test_iter72_purge_5th_source.TestOwnersEndpointAfterPurge" name="test_owners_endpoint_with_include_unassigned" time="0.439" /><testcase classname="backend.tests.test_iter72_purge_5th_source.TestPurgeCodeReview" name="test_verify_5_sources_in_code" time="0.319" /><testcase classname="backend.tests.test_iter72_purge_5th_source.TestPurgeCodeReview" name="test_verify_owner_access_audit_deletion" time="0.320" /><testcase classname="backend.tests.test_iter72_purge_5th_source.TestPurgeCodeReview" name="test_verify_owner_user_accounts_deletion" time="0.325" /><testcase classname="backend.tests.test_iter72_purge_5th_source.TestPurgeCodeReview" name="test_verify_response_includes_new_counts" time="0.343" /></testsuite></testsuites>