<?xml version="1.0" encoding="utf-8"?><testsuites name="pytest tests"><testsuite name="pytest" errors="0" failures="0" skipped="0" tests="4" time="2.093" timestamp="2026-07-27T11:55:33.386955+00:00" hostname="agent-env-8988babc-2dbe-43b5-b5b8-af37a98d9af3"><testcase classname="backend.tests.test_iter92g_delete_copro.TestDeleteCoproIter92g" name="test_syndic_cannot_delete_returns_403" time="0.983" /><testcase classname="backend.tests.test_iter92g_delete_copro.TestDeleteCoproIter92g" name="test_superadmin_can_delete_returns_200" time="0.193" /><testcase classname="backend.tests.test_iter92g_delete_copro.TestDeleteCoproIter92g" name="test_whitelist_email_can_delete_returns_200" time="0.619" /><testcase classname="backend.tests.test_iter92g_delete_copro.TestArchiveRegression" name="test_syndic_can_still_archive" time="0.165" /></testsuite></testsuites>