<?xml version="1.0" encoding="utf-8"?><testsuites name="pytest tests"><testsuite name="pytest" errors="0" failures="0" skipped="0" tests="4" time="0.792" timestamp="2026-07-30T09:04:03.483662+00:00" hostname="agent-env-8988babc-2dbe-43b5-b5b8-af37a98d9af3"><testcase classname="backend.tests.test_iter93bi_needs_owner_filter.TestNeedsOwnerFilter" name="test_invoices_with_import_session_id" time="0.475" /><testcase classname="backend.tests.test_iter93bi_needs_owner_filter.TestNeedsOwnerFilter" name="test_invoices_filter_param_ignored_by_backend" time="0.115" /><testcase classname="backend.tests.test_iter93bi_needs_owner_filter.TestNeedsOwnerFilter" name="test_session_has_private_fee_invoice" time="0.060" /><testcase classname="backend.tests.test_iter93bi_needs_owner_filter.TestNeedsOwnerFilter" name="test_no_500_when_only_filter_param" time="0.059" /></testsuite></testsuites>