<?xml version="1.0" encoding="utf-8"?><testsuites name="pytest tests"><testsuite name="pytest" errors="0" failures="2" skipped="0" tests="35" time="7.696" timestamp="2026-05-18T05:07:16.222266+00:00" hostname="agent-env-bc735e88-5058-40fe-862b-475bd0d6368f"><testcase classname="backend.tests.test_iter23_banking_statements.TestDefaultStatus" name="test_default_status_draft" time="0.506" /><testcase classname="backend.tests.test_iter23_banking_statements.TestComputedBalance" name="test_get_returns_balance_fields" time="0.252" /><testcase classname="backend.tests.test_iter23_banking_statements.TestComputedBalance" name="test_credit_debit_signs_mixed" time="0.299" /><testcase classname="backend.tests.test_iter23_banking_statements.TestComputedBalance" name="test_unbalanced_when_closing_wrong" time="0.202" /><testcase classname="backend.tests.test_iter23_banking_statements.TestPostStatement" name="test_post_refuses_unbalanced_with_clear_message" time="0.253" /><testcase classname="backend.tests.test_iter23_banking_statements.TestPostStatement" name="test_post_success_balanced" time="0.254" /><testcase classname="backend.tests.test_iter23_banking_statements.TestPostStatement" name="test_post_refuses_if_already_posted" time="0.249" /><testcase classname="backend.tests.test_iter23_banking_statements.TestPostStatement" name="test_post_404_on_unknown" time="0.051" /><testcase classname="backend.tests.test_iter23_banking_statements.TestUnpostStatement" name="test_unpost_returns_to_draft" time="0.312" /><testcase classname="backend.tests.test_iter23_banking_statements.TestUnpostStatement" name="test_unpost_404_on_unknown" time="0.051" /><testcase classname="backend.tests.test_iter23_banking_statements.TestUpdateStatement" name="test_put_updates_all_fields" time="0.198" /><testcase classname="backend.tests.test_iter23_banking_statements.TestUpdateStatement" name="test_put_404_on_unknown" time="0.049" /><testcase classname="backend.tests.test_iter23_banking_statements.TestRoundingTolerance" name="test_diff_below_001_is_balanced" time="0.245" /><testcase classname="backend.tests.test_iter23_banking_statements.TestRoundingTolerance" name="test_diff_above_001_is_not_balanced" time="0.383" /><testcase classname="backend.tests.test_iter23_banking_statements.TestRegressionIter22Cascade" name="test_delete_statement_removes_txns_and_auto_entries" time="0.384" /><testcase classname="backend.tests.test_iter23_banking_statements.TestRegressionIter21IbanResolution" name="test_bank_entry_uses_pcmn_number" time="0.255" /><testcase classname="backend.tests.test_iter23_banking_statements.TestRegressionIter20BalanceTiers" name="test_balance_tiers_owners_available" time="0.054" /><testcase classname="backend.tests.test_iter22_orphan_cleanup_balance_tiers.TestDeleteStatementCascade" name="test_delete_statement_removes_fi_auto_entries" time="0.717" /><testcase classname="backend.tests.test_iter22_orphan_cleanup_balance_tiers.TestCleanupOrphanEntries" name="test_cleanup_returns_proper_shape_and_is_idempotent" time="0.099" /><testcase classname="backend.tests.test_iter22_orphan_cleanup_balance_tiers.TestCleanupOrphanEntries" name="test_cleanup_detects_bank_txn_orphan" time="0.482" /><testcase classname="backend.tests.test_iter22_orphan_cleanup_balance_tiers.TestBalanceTiersSuppliers" name="test_endpoint_shape_and_fields" time="0.048" /><testcase classname="backend.tests.test_iter22_orphan_cleanup_balance_tiers.TestBalanceTiersSuppliers" name="test_alex_benoit_balance_314_60" time="0.047"><failure message="AssertionError: Balance Alex BENOIT=614.6, expected 314.60&#10;assert 300.0 &lt; 0.01&#10; +  where 300.0 = abs((614.6 - 314.6))">E   AssertionError: Balance Alex BENOIT=614.6, expected 314.60
    assert 300.0 &lt; 0.01
     +  where 300.0 = abs((614.6 - 314.6))</failure></testcase><testcase classname="backend.tests.test_iter22_orphan_cleanup_balance_tiers.TestSituationSupplier" name="test_alex_benoit_movements" time="0.045"><failure message="assert 300.0 &lt; 0.01&#10; +  where 300.0 = abs((614.6 - 314.6))">E   assert 300.0 &lt; 0.01
     +  where 300.0 = abs((614.6 - 314.6))</failure></testcase><testcase classname="backend.tests.test_iter22_orphan_cleanup_balance_tiers.TestManualODImpactsBalance" name="test_manual_od_debit_decreases_credit_balance" time="0.190" /><testcase classname="backend.tests.test_iter22_orphan_cleanup_balance_tiers.TestRegressionIter21" name="test_bank_entry_uses_pcmn" time="0.192" /><testcase classname="backend.tests.test_iter22_orphan_cleanup_balance_tiers.TestRegressionIter20" name="test_owners_balance_endpoint" time="0.049" /><testcase classname="backend.tests.test_iter22_orphan_cleanup_balance_tiers.TestRegressionIter19" name="test_private_fee_endpoint_alive" time="0.048" /><testcase classname="backend.tests.test_iter21_bank_pcmn_resolution.TestIter21BankPcmnResolution" name="test_credit_known_iban_courant_uses_pcmn_55103400" time="0.641" /><testcase classname="backend.tests.test_iter21_bank_pcmn_resolution.TestIter21BankPcmnResolution" name="test_credit_known_iban_epargne_uses_pcmn_55076900" time="0.159" /><testcase classname="backend.tests.test_iter21_bank_pcmn_resolution.TestIter21BankPcmnResolution" name="test_unknown_iban_falls_back_to_550000" time="0.158" /><testcase classname="backend.tests.test_iter21_bank_pcmn_resolution.TestIter21BankPcmnResolution" name="test_no_iban_falls_back_to_550000" time="0.160" /><testcase classname="backend.tests.test_iter21_bank_pcmn_resolution.TestIter21BankPcmnResolution" name="test_debit_supplier_payment_dr_supplier_cr_bank_pcmn" time="0.211" /><testcase classname="backend.tests.test_iter21_bank_pcmn_resolution.TestIter21BankPcmnResolution" name="test_account_name_is_real_pcmn_name" time="0.168" /><testcase classname="backend.tests.test_iter21_bank_pcmn_resolution.TestRegressionIter20" name="test_balance_tiers_owners_returns_expected_fields" time="0.060" /><testcase classname="backend.tests.test_iter21_bank_pcmn_resolution.TestRegressionIter18" name="test_pcmn_count_337" time="0.133" /></testsuite></testsuites>