<?xml version="1.0" encoding="utf-8"?><testsuites name="pytest tests"><testsuite name="pytest" errors="0" failures="0" skipped="0" tests="8" time="1.816" timestamp="2026-05-17T21:09:56.495389+00:00" hostname="agent-env-bc735e88-5058-40fe-862b-475bd0d6368f"><testcase classname="tests.test_iter21_bank_pcmn_resolution.TestIter21BankPcmnResolution" name="test_credit_known_iban_courant_uses_pcmn_55103400" time="0.640" /><testcase classname="tests.test_iter21_bank_pcmn_resolution.TestIter21BankPcmnResolution" name="test_credit_known_iban_epargne_uses_pcmn_55076900" time="0.166" /><testcase classname="tests.test_iter21_bank_pcmn_resolution.TestIter21BankPcmnResolution" name="test_unknown_iban_falls_back_to_550000" time="0.161" /><testcase classname="tests.test_iter21_bank_pcmn_resolution.TestIter21BankPcmnResolution" name="test_no_iban_falls_back_to_550000" time="0.157" /><testcase classname="tests.test_iter21_bank_pcmn_resolution.TestIter21BankPcmnResolution" name="test_debit_supplier_payment_dr_supplier_cr_bank_pcmn" time="0.220" /><testcase classname="tests.test_iter21_bank_pcmn_resolution.TestIter21BankPcmnResolution" name="test_account_name_is_real_pcmn_name" time="0.180" /><testcase classname="tests.test_iter21_bank_pcmn_resolution.TestRegressionIter20" name="test_balance_tiers_owners_returns_expected_fields" time="0.069" /><testcase classname="tests.test_iter21_bank_pcmn_resolution.TestRegressionIter18" name="test_pcmn_count_337" time="0.141" /></testsuite></testsuites>