<?xml version="1.0" encoding="utf-8"?><testsuites name="pytest tests"><testsuite name="pytest" errors="0" failures="0" skipped="0" tests="16" time="3.694" timestamp="2026-05-17T19:06:03.333197+00:00" hostname="agent-env-bc735e88-5058-40fe-862b-475bd0d6368f"><testcase classname="tests.test_iter16_auto_entries.TestAutoEntryAC" name="test_create_invoice_creates_AC_entry" time="0.634" /><testcase classname="tests.test_iter16_auto_entries.TestAutoEntryAC" name="test_update_invoice_recreates_AC" time="0.164" /><testcase classname="tests.test_iter16_auto_entries.TestAutoEntryAC" name="test_delete_invoice_removes_AC" time="0.101" /><testcase classname="tests.test_iter16_auto_entries.TestAutoEntryVE" name="test_create_fund_call_creates_VE_entry" time="0.154" /><testcase classname="tests.test_iter16_auto_entries.TestAutoEntryVE" name="test_delete_fund_call_removes_VE" time="0.120" /><testcase classname="tests.test_iter16_auto_entries.TestAutoEntryFI" name="test_lettrage_creates_FI_entry" time="0.210" /><testcase classname="tests.test_iter16_auto_entries.TestAutoEntryFI" name="test_unlettrage_removes_FI" time="0.111" /><testcase classname="tests.test_iter16_auto_entries.TestAutoEntryFI" name="test_delete_txn_removes_FI" time="0.214" /><testcase classname="tests.test_iter16_auto_entries.TestAutoEntryProtection" name="test_cannot_delete_auto_entry_manually" time="0.217" /><testcase classname="tests.test_iter16_auto_entries.TestFiscalExpenses" name="test_expenses_endpoint_shape" time="0.050" /><testcase classname="tests.test_iter16_auto_entries.TestFiscalExpenses" name="test_expenses_account_filter" time="0.050" /><testcase classname="tests.test_iter16_auto_entries.TestRegularization" name="test_dry_run_returns_summary" time="0.214" /><testcase classname="tests.test_iter16_auto_entries.TestRegularization" name="test_persist_creates_two_OD_entries" time="0.152" /><testcase classname="tests.test_iter16_auto_entries.TestRegularization" name="test_delete_regularize_removes_entries_and_resets" time="0.403" /><testcase classname="tests.test_iter16_auto_entries.TestRBAC" name="test_owner_cannot_list_expenses" time="0.698" /><testcase classname="tests.test_iter16_auto_entries.TestRBAC" name="test_owner_cannot_regularize" time="0.107" /></testsuite></testsuites>