<?xml version="1.0" encoding="utf-8"?><testsuites name="pytest tests"><testsuite name="pytest" errors="0" failures="0" skipped="0" tests="30" time="6.554" timestamp="2026-05-18T04:40:12.319242+00:00" hostname="agent-env-bc735e88-5058-40fe-862b-475bd0d6368f"><testcase classname="backend.tests.test_iter21_bank_pcmn_resolution.TestIter21BankPcmnResolution" name="test_credit_known_iban_courant_uses_pcmn_55103400" time="0.638" /><testcase classname="backend.tests.test_iter21_bank_pcmn_resolution.TestIter21BankPcmnResolution" name="test_credit_known_iban_epargne_uses_pcmn_55076900" time="0.155" /><testcase classname="backend.tests.test_iter21_bank_pcmn_resolution.TestIter21BankPcmnResolution" name="test_unknown_iban_falls_back_to_550000" time="0.153" /><testcase classname="backend.tests.test_iter21_bank_pcmn_resolution.TestIter21BankPcmnResolution" name="test_no_iban_falls_back_to_550000" time="0.155" /><testcase classname="backend.tests.test_iter21_bank_pcmn_resolution.TestIter21BankPcmnResolution" name="test_debit_supplier_payment_dr_supplier_cr_bank_pcmn" time="0.221" /><testcase classname="backend.tests.test_iter21_bank_pcmn_resolution.TestIter21BankPcmnResolution" name="test_account_name_is_real_pcmn_name" time="0.152" /><testcase classname="backend.tests.test_iter21_bank_pcmn_resolution.TestRegressionIter20" name="test_balance_tiers_owners_returns_expected_fields" time="0.053" /><testcase classname="backend.tests.test_iter21_bank_pcmn_resolution.TestRegressionIter18" name="test_pcmn_count_337" time="0.076" /><testcase classname="backend.tests.test_iter20_balance_tiers_and_wizard.TestP0BalanceTiers" name="test_balance_tiers_owners_fields_present" time="0.464" /><testcase classname="backend.tests.test_iter20_balance_tiers_and_wizard.TestP0BalanceTiers" name="test_manual_od_on_dubois_appears_in_movements_and_balance" time="0.389" /><testcase classname="backend.tests.test_iter20_balance_tiers_and_wizard.TestP0BalanceTiers" name="test_total_called_includes_reserve" time="0.267" /><testcase classname="backend.tests.test_iter20_balance_tiers_and_wizard.TestP1WizardIndependentSeries" name="test_preview_independent_series_6_calls" time="0.056" /><testcase classname="backend.tests.test_iter20_balance_tiers_and_wizard.TestP1WizardIndependentSeries" name="test_preview_legacy_when_frequency_zero" time="0.053" /><testcase classname="backend.tests.test_iter20_balance_tiers_and_wizard.TestP1WizardIndependentSeries" name="test_generate_persists_independent_with_correct_call_type_and_ve" time="0.328" /><testcase classname="backend.tests.test_iter20_balance_tiers_and_wizard.TestP1WizardIndependentSeries" name="test_each_fund_supports_all_frequencies" time="0.055" /><testcase classname="backend.tests.test_iter20_balance_tiers_and_wizard.TestP3SupplierBCE" name="test_supplier_post_and_search_by_bce" time="0.105" /><testcase classname="backend.tests.test_iter20_balance_tiers_and_wizard.TestP3SupplierBCE" name="test_supplier_put_bce" time="0.108" /><testcase classname="backend.tests.test_iter20_balance_tiers_and_wizard.TestRegressionIter19" name="test_private_fee_invoice_4_lines" time="0.647" /><testcase classname="backend.tests.test_iter19_private_fee_roulement.TestPrivateFeeInvoice" name="test_create_private_fee_invoice_4lines" time="0.477" /><testcase classname="backend.tests.test_iter19_private_fee_roulement.TestPrivateFeeInvoice" name="test_create_private_fee_missing_owner_400" time="0.048" /><testcase classname="backend.tests.test_iter19_private_fee_roulement.TestPrivateFeeInvoice" name="test_create_private_fee_invalid_owner_404" time="0.046" /><testcase classname="backend.tests.test_iter19_private_fee_roulement.TestPrivateFeeInvoice" name="test_update_normal_to_private_fee_regenerates_entry" time="0.202" /><testcase classname="backend.tests.test_iter19_private_fee_roulement.TestPrivateFeeInvoice" name="test_create_normal_invoice_regression_2lines" time="0.106" /><testcase classname="backend.tests.test_iter19_private_fee_roulement.TestRoulementBudgetWizard" name="test_preview_roulement_only" time="0.100" /><testcase classname="backend.tests.test_iter19_private_fee_roulement.TestRoulementBudgetWizard" name="test_preview_reserve_plus_roulement_sums" time="0.054" /><testcase classname="backend.tests.test_iter19_private_fee_roulement.TestRoulementBudgetWizard" name="test_generate_persists_and_ve_has_account_100" time="0.241" /><testcase classname="backend.tests.test_iter19_private_fee_roulement.TestRoulementBudgetWizard" name="test_generate_without_roulement_regression" time="0.106" /><testcase classname="backend.tests.test_iter19_private_fee_roulement.TestOtherRegression" name="test_pcmn_toggle_active" time="0.158" /><testcase classname="backend.tests.test_iter19_private_fee_roulement.TestOtherRegression" name="test_pdf_depenses" time="0.248" /><testcase classname="backend.tests.test_iter19_private_fee_roulement.TestOtherRegression" name="test_reset_financial_data" time="0.598" /></testsuite></testsuites>