<?xml version="1.0" encoding="utf-8"?><testsuites name="pytest tests"><testsuite name="pytest" errors="0" failures="0" skipped="0" tests="16" time="2.814" timestamp="2026-05-17T18:46:52.116599+00:00" hostname="agent-env-bc735e88-5058-40fe-862b-475bd0d6368f"><testcase classname="backend.tests.test_iter15_tier_accounts.TestMigration" name="test_migrate_endpoint_returns_expected_shape" time="0.443" /><testcase classname="backend.tests.test_iter15_tier_accounts.TestMigration" name="test_migrate_is_idempotent" time="0.194" /><testcase classname="backend.tests.test_iter15_tier_accounts.TestMigration" name="test_migrated_accounts_have_correct_attributes" time="0.047" /><testcase classname="backend.tests.test_iter15_tier_accounts.TestOwnerTierAccounts" name="test_create_owner_auto_assigns_tier_accounts" time="0.095" /><testcase classname="backend.tests.test_iter15_tier_accounts.TestOwnerTierAccounts" name="test_owner_assign_is_idempotent" time="0.243" /><testcase classname="backend.tests.test_iter15_tier_accounts.TestSupplierTierAccounts" name="test_create_supplier_auto_assigns_tier_account" time="0.101" /><testcase classname="backend.tests.test_iter15_tier_accounts.TestSupplierTierAccounts" name="test_supplier_sequence_no_gap" time="0.051" /><testcase classname="backend.tests.test_iter15_tier_accounts.TestBalanceTiersOwners" name="test_balance_tiers_owners_includes_tier_accounts" time="0.052" /><testcase classname="backend.tests.test_iter15_tier_accounts.TestBalanceTiersOwners" name="test_balance_tiers_owners_response_fields" time="0.046" /><testcase classname="backend.tests.test_iter15_tier_accounts.TestBalanceTiersSuppliers" name="test_orphan_supplier_appears_with_orphan_flag" time="0.089" /><testcase classname="backend.tests.test_iter15_tier_accounts.TestBalanceTiersSuppliers" name="test_case_insensitive_match_supplier" time="0.132" /><testcase classname="backend.tests.test_iter15_tier_accounts.TestRBAC" name="test_owner_cannot_call_migrate" time="0.642" /><testcase classname="backend.tests.test_iter15_tier_accounts.TestRegression" name="test_owners_list" time="0.043" /><testcase classname="backend.tests.test_iter15_tier_accounts.TestRegression" name="test_suppliers_list" time="0.044" /><testcase classname="backend.tests.test_iter15_tier_accounts.TestRegression" name="test_balance_report" time="0.046" /><testcase classname="backend.tests.test_iter15_tier_accounts.TestRegression" name="test_invoices_crud" time="0.447" /></testsuite></testsuites>