<?xml version="1.0" encoding="utf-8"?><testsuites name="pytest tests"><testsuite name="pytest" errors="0" failures="0" skipped="0" tests="5" time="2.989" timestamp="2026-07-14T11:58:00.870673+00:00" hostname="agent-env-7a3531f7-517c-4a67-a0b9-ba38083d8b16"><testcase classname="backend.tests.test_iter90fo_health_audit_perf_and_correctness" name="test_owner_balance_and_orphans_correctness" time="0.015" /><testcase classname="backend.tests.test_iter90fo_health_audit_perf_and_correctness" name="test_multi_tenant_isolation" time="0.011" /><testcase classname="backend.tests.test_iter90fo_health_audit_perf_and_correctness" name="test_performance_bounded" time="0.017" /><testcase classname="backend.tests.test_iter90fo_invoice_edit_category_sync.TestLegacySingleLineInvoiceEditSyncs" name="test_editing_top_level_category_syncs_stale_legacy_line" time="2.704" /><testcase classname="backend.tests.test_iter90fo_invoice_edit_category_sync.TestLegacySingleLineInvoiceEditSyncs" name="test_genuine_multiline_invoice_lines_untouched_by_partial_put" time="0.077" /></testsuite></testsuites>