<?xml version="1.0" encoding="utf-8"?><testsuites name="pytest tests"><testsuite name="pytest" errors="0" failures="0" skipped="0" tests="19" time="4.393" timestamp="2026-05-17T19:33:51.124613+00:00" hostname="agent-env-bc735e88-5058-40fe-862b-475bd0d6368f"><testcase classname="backend.tests.test_iter17_expense_categories.TestExpenseCategoriesCRUD" name="test_create_and_list" time="0.786" /><testcase classname="backend.tests.test_iter17_expense_categories.TestExpenseCategoriesCRUD" name="test_one_to_one_strict_same_acp" time="0.054" /><testcase classname="backend.tests.test_iter17_expense_categories.TestExpenseCategoriesCRUD" name="test_must_be_class6" time="0.104" /><testcase classname="backend.tests.test_iter17_expense_categories.TestExpenseCategoriesCRUD" name="test_update_conflict_and_invalid_class" time="0.153" /><testcase classname="backend.tests.test_iter17_expense_categories.TestExpenseCategoriesCRUD" name="test_delete_blocked_if_used" time="0.209" /><testcase classname="backend.tests.test_iter17_expense_categories.TestInvoiceCategoryDerivation" name="test_create_with_category_overrides_account" time="0.104" /><testcase classname="backend.tests.test_iter17_expense_categories.TestInvoiceCategoryDerivation" name="test_update_category_changes_account" time="0.154" /><testcase classname="backend.tests.test_iter17_expense_categories.TestInvoiceCategoryDerivation" name="test_regression_invoice_without_category" time="0.054" /><testcase classname="backend.tests.test_iter17_expense_categories.TestDistributionKeysUsage" name="test_usage_endpoint_shape" time="0.222" /><testcase classname="backend.tests.test_iter17_expense_categories.TestDistributionKeysUsage" name="test_put_conflict_without_force" time="0.053" /><testcase classname="backend.tests.test_iter17_expense_categories.TestDistributionKeysUsage" name="test_put_force_detaches" time="0.108" /><testcase classname="backend.tests.test_iter17_expense_categories.TestDistributionKeysUsage" name="test_delete_blocked_if_used" time="0.158" /><testcase classname="backend.tests.test_iter17_expense_categories.TestAutoEntryManualEdit" name="test_put_auto_marks_manually_edited" time="0.157" /><testcase classname="backend.tests.test_iter17_expense_categories.TestAutoEntryManualEdit" name="test_delete_auto_without_edit_blocked" time="0.158" /><testcase classname="backend.tests.test_iter17_expense_categories.TestAutoEntryManualEdit" name="test_delete_auto_after_edit_allowed" time="0.052" /><testcase classname="backend.tests.test_iter17_expense_categories.TestAutoEntryManualEdit" name="test_update_source_skips_manually_edited" time="0.273" /><testcase classname="backend.tests.test_iter17_expense_categories.TestRBACOwner" name="test_owner_cannot_list_categories" time="0.706" /><testcase classname="backend.tests.test_iter17_expense_categories.TestRBACOwner" name="test_owner_cannot_create_category" time="0.051" /><testcase classname="backend.tests.test_iter17_expense_categories.TestRBACOwner" name="test_owner_cannot_get_dist_key_usage" time="0.768" /></testsuite></testsuites>