<?xml version="1.0" encoding="utf-8"?><testsuites name="pytest tests"><testsuite name="pytest" errors="0" failures="0" skipped="0" tests="7" time="0.299" timestamp="2026-06-19T13:14:54.843120+00:00" hostname="agent-env-bc735e88-5058-40fe-862b-475bd0d6368f"><testcase classname="tests.test_iter33_decompte_finlead" name="test_pdf_grouping_lot_key_account" time="0.071" /><testcase classname="tests.test_iter33_decompte_finlead" name="test_pdf_quotites_displayed_correctly" time="0.021" /><testcase classname="tests.test_iter33_decompte_finlead" name="test_pdf_recap_locataire_section_present_when_occupant" time="0.027" /><testcase classname="tests.test_iter33_decompte_finlead" name="test_pdf_recap_locataire_hidden_when_no_occupant" time="0.021" /><testcase classname="tests.test_iter33_decompte_finlead" name="test_pdf_columns_show_part_proprietaire_and_occupant" time="0.024" /><testcase classname="tests.test_iter33_decompte_finlead" name="test_pdf_section_numbering" time="0.025" /><testcase classname="tests.test_iter33_decompte_finlead" name="test_pdf_multiple_distribution_keys" time="0.028" /></testsuite></testsuites>