<?xml version="1.0" encoding="utf-8"?><testsuites name="pytest tests"><testsuite name="pytest" errors="0" failures="0" skipped="0" tests="9" time="1.784" timestamp="2026-05-18T05:52:30.564425+00:00" hostname="agent-env-bc735e88-5058-40fe-862b-475bd0d6368f"><testcase classname="backend.tests.test_iter26_reserve_classe1.TestMigrationEndpoint" name="test_owner_forbidden" time="0.540" /><testcase classname="backend.tests.test_iter26_reserve_classe1.TestMigrationEndpoint" name="test_admin_returns_shape" time="0.375" /><testcase classname="backend.tests.test_iter26_reserve_classe1.TestMigrationEndpoint" name="test_idempotent_second_call" time="0.097" /><testcase classname="backend.tests.test_iter26_reserve_classe1.TestMigrationEndpoint" name="test_404_when_copro_unknown" time="0.051" /><testcase classname="backend.tests.test_iter26_reserve_classe1.TestNoLegacyReserveAccount" name="test_no_701000_in_auto_ve_fund_call" time="0.054" /><testcase classname="backend.tests.test_iter26_reserve_classe1.TestGenerateFromBudgetCredits" name="test_reserve_call_credits_160" time="0.286" /><testcase classname="backend.tests.test_iter26_reserve_classe1.TestLegacyGenerateEntries" name="test_legacy_endpoint_credits_160_for_reserve" time="0.198" /><testcase classname="backend.tests.test_iter26_reserve_classe1.TestBilanPassif" name="test_160_and_100_present_in_passif" time="0.048" /><testcase classname="backend.tests.test_iter26_reserve_classe1.TestBilanPassif" name="test_no_160_or_100_in_actif" time="0.047" /></testsuite></testsuites>