<?xml version="1.0" encoding="utf-8"?><testsuites name="pytest tests"><testsuite name="pytest" errors="0" failures="0" skipped="0" tests="3" time="1.666" timestamp="2026-06-21T10:00:13.214415+00:00" hostname="agent-env-bc735e88-5058-40fe-862b-475bd0d6368f"><testcase classname="backend.tests.test_iter34_opening_balance" name="test_parse_pdf_balance_standalone" time="0.847" /><testcase classname="backend.tests.test_iter34_opening_balance" name="test_sniff_pdf_balance_in_session" time="0.251" /><testcase classname="backend.tests.test_iter34_opening_balance" name="test_commit_opening_balance_and_rollback" time="0.498" /></testsuite></testsuites>