<?xml version="1.0" encoding="utf-8"?><testsuites name="pytest tests"><testsuite name="pytest" errors="0" failures="0" skipped="0" tests="13" time="2.006" timestamp="2026-06-19T10:53:41.293806+00:00" hostname="agent-env-bc735e88-5058-40fe-862b-475bd0d6368f"><testcase classname="backend.tests.test_iter31_occupant_proprietaire.TestExpenseCategoryRepartition" name="test_create_60_40_ok" time="0.578" /><testcase classname="backend.tests.test_iter31_occupant_proprietaire.TestExpenseCategoryRepartition" name="test_get_returns_pct_fields" time="0.048" /><testcase classname="backend.tests.test_iter31_occupant_proprietaire.TestExpenseCategoryRepartition" name="test_create_sum_not_100_rejected" time="0.045" /><testcase classname="backend.tests.test_iter31_occupant_proprietaire.TestExpenseCategoryRepartition" name="test_update_sum_not_100_rejected" time="0.047" /><testcase classname="backend.tests.test_iter31_occupant_proprietaire.TestExpenseCategoryRepartition" name="test_update_pct_persists" time="0.137" /><testcase classname="backend.tests.test_iter31_occupant_proprietaire.TestInvoiceRepartition" name="test_create_inherits_from_category" time="0.094" /><testcase classname="backend.tests.test_iter31_occupant_proprietaire.TestInvoiceRepartition" name="test_create_override_pct" time="0.046" /><testcase classname="backend.tests.test_iter31_occupant_proprietaire.TestInvoiceRepartition" name="test_update_preserves_existing_when_not_in_payload" time="0.185" /><testcase classname="backend.tests.test_iter31_occupant_proprietaire.TestJournalEntryRepartition" name="test_charge_line_inherits_from_category" time="0.095" /><testcase classname="backend.tests.test_iter31_occupant_proprietaire.TestJournalEntryRepartition" name="test_charge_line_no_category_defaults_0_100" time="0.094" /><testcase classname="backend.tests.test_iter31_occupant_proprietaire.TestJournalEntryRepartition" name="test_explicit_occupant_only_autocomplete" time="0.090" /><testcase classname="backend.tests.test_iter31_occupant_proprietaire.TestJournalEntryRepartition" name="test_both_provided_sum_not_100_rejected" time="0.045" /><testcase classname="backend.tests.test_iter31_occupant_proprietaire.TestJournalEntryRepartition" name="test_update_preserves_and_recalculates" time="0.439" /></testsuite></testsuites>