<?xml version="1.0" encoding="utf-8"?><testsuites name="pytest tests"><testsuite name="pytest" errors="0" failures="0" skipped="0" tests="11" time="1.952" timestamp="2026-06-19T07:18:23.194895+00:00" hostname="agent-env-bc735e88-5058-40fe-862b-475bd0d6368f"><testcase classname="backend.tests.test_iter27_private_fee_split_decompte_lock_balance_tiers.TestPrivateFeeSplitEntries" name="test_creates_two_entries_AC_and_OD" time="0.481" /><testcase classname="backend.tests.test_iter27_private_fee_split_decompte_lock_balance_tiers.TestPrivateFeeSplitEntries" name="test_filter_AC_returns_AC_only" time="0.235" /><testcase classname="backend.tests.test_iter27_private_fee_split_decompte_lock_balance_tiers.TestPrivateFeeSplitEntries" name="test_delete_invoice_removes_both_entries" time="0.188" /><testcase classname="backend.tests.test_iter27_private_fee_split_decompte_lock_balance_tiers.TestDecompteFiscalYearLock" name="test_decompte_pdf_blocks_open_fiscal_year" time="0.162" /><testcase classname="backend.tests.test_iter27_private_fee_split_decompte_lock_balance_tiers.TestDecompteFiscalYearLock" name="test_decompte_pdf_400_without_copropriete_id" time="0.129" /><testcase classname="backend.tests.test_iter27_private_fee_split_decompte_lock_balance_tiers.TestDecompteFiscalYearLock" name="test_decompte_pdf_fallback_also_blocks" time="0.044" /><testcase classname="backend.tests.test_iter27_private_fee_split_decompte_lock_balance_tiers.TestDecompteFiscalYearLock" name="test_owner_decompte_pdf_blocks_open_fiscal_year" time="0.425" /><testcase classname="backend.tests.test_iter27_private_fee_split_decompte_lock_balance_tiers.TestBalanceTiersPdf" name="test_balance_tiers_pdf_ok" time="0.065" /><testcase classname="backend.tests.test_iter27_private_fee_split_decompte_lock_balance_tiers.TestBalanceTiersPdf" name="test_balance_tiers_pdf_400_without_copropriete_id" time="0.046" /><testcase classname="backend.tests.test_iter27_private_fee_split_decompte_lock_balance_tiers.TestBalanceTiersPdf" name="test_balance_tiers_pdf_400_when_all" time="0.046" /><testcase classname="backend.tests.test_iter27_private_fee_split_decompte_lock_balance_tiers.TestBalanceTiersPdf" name="test_balance_tiers_pdf_404_unknown_acp" time="0.044" /></testsuite></testsuites>