<?xml version="1.0" encoding="utf-8"?><testsuites name="pytest tests"><testsuite name="pytest" errors="0" failures="0" skipped="0" tests="12" time="1.182" timestamp="2026-06-19T13:17:37.262452+00:00" hostname="agent-env-bc735e88-5058-40fe-862b-475bd0d6368f"><testcase classname="tests.test_iter33_e2e_decompte_pdf" name="test_decompte_pdf_returns_valid_pdf" time="0.545" /><testcase classname="tests.test_iter33_e2e_decompte_pdf" name="test_decompte_pdf_has_finlead_columns_and_structure" time="0.108" /><testcase classname="tests.test_iter33_e2e_decompte_pdf" name="test_decompte_pdf_section_numbering_and_recap_locataire" time="0.071" /><testcase classname="tests.test_iter33_e2e_decompte_pdf" name="test_decompte_pdf_400_when_fy_not_closed" time="0.090" /><testcase classname="tests.test_iter33_e2e_decompte_pdf" name="test_bulk_delete_fund_calls_endpoint_exists_and_validates" time="0.048" /><testcase classname="tests.test_iter33_decompte_finlead" name="test_pdf_grouping_lot_key_account" time="0.030" /><testcase classname="tests.test_iter33_decompte_finlead" name="test_pdf_quotites_displayed_correctly" time="0.021" /><testcase classname="tests.test_iter33_decompte_finlead" name="test_pdf_recap_locataire_section_present_when_occupant" time="0.027" /><testcase classname="tests.test_iter33_decompte_finlead" name="test_pdf_recap_locataire_hidden_when_no_occupant" time="0.021" /><testcase classname="tests.test_iter33_decompte_finlead" name="test_pdf_columns_show_part_proprietaire_and_occupant" time="0.024" /><testcase classname="tests.test_iter33_decompte_finlead" name="test_pdf_section_numbering" time="0.026" /><testcase classname="tests.test_iter33_decompte_finlead" name="test_pdf_multiple_distribution_keys" time="0.027" /></testsuite></testsuites>