<?xml version="1.0" encoding="utf-8"?><testsuites name="pytest tests"><testsuite name="pytest" errors="0" failures="0" skipped="0" tests="17" time="2.435" timestamp="2026-05-17T19:54:12.743721+00:00" hostname="agent-env-bc735e88-5058-40fe-862b-475bd0d6368f"><testcase classname="backend.tests.test_iter18_pcmn_new.TestPCMNList" name="test_pcmn_count_337" time="0.596" /><testcase classname="backend.tests.test_iter18_pcmn_new.TestPCMNList" name="test_pcmn_filter_class_num" time="0.065" /><testcase classname="backend.tests.test_iter18_pcmn_new.TestPCMNList" name="test_pcmn_614_615_active_by_default" time="0.074" /><testcase classname="backend.tests.test_iter18_pcmn_new.TestMigration" name="test_migrate_pcmn_import_idempotent" time="0.102" /><testcase classname="backend.tests.test_iter18_pcmn_new.TestCustomPCMN" name="test_create_custom_account_auto_class_type" time="0.046" /><testcase classname="backend.tests.test_iter18_pcmn_new.TestCustomPCMN" name="test_create_custom_class1_balance" time="0.050" /><testcase classname="backend.tests.test_iter18_pcmn_new.TestCustomPCMN" name="test_duplicate_create_refused" time="0.099" /><testcase classname="backend.tests.test_iter18_pcmn_new.TestCustomPCMN" name="test_put_updates_account" time="0.104" /><testcase classname="backend.tests.test_iter18_pcmn_new.TestCustomPCMN" name="test_toggle_active" time="0.099" /><testcase classname="backend.tests.test_iter18_pcmn_new.TestCustomPCMN" name="test_delete_custom_success" time="0.099" /><testcase classname="backend.tests.test_iter18_pcmn_new.TestCustomPCMN" name="test_delete_official_refused" time="0.047" /><testcase classname="backend.tests.test_iter18_pcmn_new.TestCustomPCMN" name="test_delete_official_with_force" time="0.416" /><testcase classname="backend.tests.test_iter18_pcmn_new.TestPDFListeDepenses" name="test_pdf_basic" time="0.131" /><testcase classname="backend.tests.test_iter18_pcmn_new.TestPDFListeDepenses" name="test_pdf_with_account_filter" time="0.060" /><testcase classname="backend.tests.test_iter18_pcmn_new.TestRegression" name="test_decompte_pdf_still_works" time="0.115" /><testcase classname="backend.tests.test_iter18_pcmn_new.TestRegression" name="test_compat_accounts_present" time="0.059" /><testcase classname="backend.tests.test_iter18_pcmn_new.TestRegression" name="test_create_acp_seeds_337" time="0.179" /></testsuite></testsuites>