<?xml version="1.0" encoding="utf-8"?><testsuites name="pytest tests"><testsuite name="pytest" errors="0" failures="0" skipped="0" tests="17" time="4.855" timestamp="2026-06-19T09:51:13.138443+00:00" hostname="agent-env-bc735e88-5058-40fe-862b-475bd0d6368f"><testcase classname="backend.tests.test_iter30_superadmin_profile_revoke.TestAdminUsersAccess" name="test_get_users_as_superadmin_returns_list" time="0.487" /><testcase classname="backend.tests.test_iter30_superadmin_profile_revoke.TestAdminUsersAccess" name="test_get_users_no_auth_returns_401" time="0.096" /><testcase classname="backend.tests.test_iter30_superadmin_profile_revoke.TestAdminUsersAccess" name="test_get_users_as_owner_returns_403" time="0.645" /><testcase classname="backend.tests.test_iter30_superadmin_profile_revoke.TestAdminUsersAccess" name="test_post_user_as_owner_returns_403" time="0.045" /><testcase classname="backend.tests.test_iter30_superadmin_profile_revoke.TestAdminUsersAccess" name="test_put_user_as_owner_returns_403" time="0.045" /><testcase classname="backend.tests.test_iter30_superadmin_profile_revoke.TestAdminUsersAccess" name="test_delete_user_as_owner_returns_403" time="0.047" /><testcase classname="backend.tests.test_iter30_superadmin_profile_revoke.TestAuthMeUpdate" name="test_no_auth_returns_401" time="0.089" /><testcase classname="backend.tests.test_iter30_superadmin_profile_revoke.TestAuthMeUpdate" name="test_empty_payload_returns_400" time="0.046" /><testcase classname="backend.tests.test_iter30_superadmin_profile_revoke.TestAuthMeUpdate" name="test_name_only_empty_string_returns_400" time="0.046" /><testcase classname="backend.tests.test_iter30_superadmin_profile_revoke.TestAuthMeUpdate" name="test_update_name_ok" time="0.091" /><testcase classname="backend.tests.test_iter30_superadmin_profile_revoke.TestAuthMeUpdate" name="test_new_password_missing_current_returns_400" time="0.044" /><testcase classname="backend.tests.test_iter30_superadmin_profile_revoke.TestAuthMeUpdate" name="test_new_password_short_returns_400" time="0.043" /><testcase classname="backend.tests.test_iter30_superadmin_profile_revoke.TestAuthMeUpdate" name="test_wrong_current_password_returns_400" time="0.266" /><testcase classname="backend.tests.test_iter30_superadmin_profile_revoke.TestAuthMeUpdate" name="test_change_password_ok_and_login_with_new" time="2.029" /><testcase classname="backend.tests.test_iter30_superadmin_profile_revoke.TestBudgetRevokeCascade" name="test_revoke_budget_with_no_paid_calls_cascades" time="0.354" /><testcase classname="backend.tests.test_iter30_superadmin_profile_revoke.TestBudgetRevokeCascade" name="test_revoke_budget_returns_400_when_calls_paid_without_force" time="0.172" /><testcase classname="backend.tests.test_iter30_superadmin_profile_revoke.TestCoproprieteEdit" name="test_edit_acp_preserves_pcmn_for_bank_accounts" time="0.221" /></testsuite></testsuites>