<?xml version="1.0" encoding="utf-8"?><testsuites name="pytest tests"><testsuite name="pytest" errors="19" failures="0" skipped="0" tests="35" time="3.518" timestamp="2026-05-17T19:54:20.315181+00:00" hostname="agent-env-bc735e88-5058-40fe-862b-475bd0d6368f"><testcase classname="backend.tests.test_iter17_expense_categories.TestExpenseCategoriesCRUD" name="test_create_and_list" time="0.001"><error message="failed on setup with &quot;requests.exceptions.MissingSchema: Invalid URL '/api/auth/login': No scheme supplied. Perhaps you meant https:///api/auth/login?&quot;">E   requests.exceptions.MissingSchema: Invalid URL '/api/auth/login': No scheme supplied. Perhaps you meant https:///api/auth/login?</error></testcase><testcase classname="backend.tests.test_iter17_expense_categories.TestExpenseCategoriesCRUD" name="test_one_to_one_strict_same_acp" time="0.000"><error message="failed on setup with &quot;requests.exceptions.MissingSchema: Invalid URL '/api/auth/login': No scheme supplied. Perhaps you meant https:///api/auth/login?&quot;">E   requests.exceptions.MissingSchema: Invalid URL '/api/auth/login': No scheme supplied. Perhaps you meant https:///api/auth/login?</error></testcase><testcase classname="backend.tests.test_iter17_expense_categories.TestExpenseCategoriesCRUD" name="test_must_be_class6" time="0.000"><error message="failed on setup with &quot;requests.exceptions.MissingSchema: Invalid URL '/api/auth/login': No scheme supplied. Perhaps you meant https:///api/auth/login?&quot;">E   requests.exceptions.MissingSchema: Invalid URL '/api/auth/login': No scheme supplied. Perhaps you meant https:///api/auth/login?</error></testcase><testcase classname="backend.tests.test_iter17_expense_categories.TestExpenseCategoriesCRUD" name="test_update_conflict_and_invalid_class" time="0.000"><error message="failed on setup with &quot;requests.exceptions.MissingSchema: Invalid URL '/api/auth/login': No scheme supplied. Perhaps you meant https:///api/auth/login?&quot;">E   requests.exceptions.MissingSchema: Invalid URL '/api/auth/login': No scheme supplied. Perhaps you meant https:///api/auth/login?</error></testcase><testcase classname="backend.tests.test_iter17_expense_categories.TestExpenseCategoriesCRUD" name="test_delete_blocked_if_used" time="0.000"><error message="failed on setup with &quot;requests.exceptions.MissingSchema: Invalid URL '/api/auth/login': No scheme supplied. Perhaps you meant https:///api/auth/login?&quot;">E   requests.exceptions.MissingSchema: Invalid URL '/api/auth/login': No scheme supplied. Perhaps you meant https:///api/auth/login?</error></testcase><testcase classname="backend.tests.test_iter17_expense_categories.TestInvoiceCategoryDerivation" name="test_create_with_category_overrides_account" time="0.000"><error message="failed on setup with &quot;requests.exceptions.MissingSchema: Invalid URL '/api/auth/login': No scheme supplied. Perhaps you meant https:///api/auth/login?&quot;">E   requests.exceptions.MissingSchema: Invalid URL '/api/auth/login': No scheme supplied. Perhaps you meant https:///api/auth/login?</error></testcase><testcase classname="backend.tests.test_iter17_expense_categories.TestInvoiceCategoryDerivation" name="test_update_category_changes_account" time="0.000"><error message="failed on setup with &quot;requests.exceptions.MissingSchema: Invalid URL '/api/auth/login': No scheme supplied. Perhaps you meant https:///api/auth/login?&quot;">E   requests.exceptions.MissingSchema: Invalid URL '/api/auth/login': No scheme supplied. Perhaps you meant https:///api/auth/login?</error></testcase><testcase classname="backend.tests.test_iter17_expense_categories.TestInvoiceCategoryDerivation" name="test_regression_invoice_without_category" time="0.000"><error message="failed on setup with &quot;requests.exceptions.MissingSchema: Invalid URL '/api/auth/login': No scheme supplied. Perhaps you meant https:///api/auth/login?&quot;">E   requests.exceptions.MissingSchema: Invalid URL '/api/auth/login': No scheme supplied. Perhaps you meant https:///api/auth/login?</error></testcase><testcase classname="backend.tests.test_iter17_expense_categories.TestDistributionKeysUsage" name="test_usage_endpoint_shape" time="0.000"><error message="failed on setup with &quot;requests.exceptions.MissingSchema: Invalid URL '/api/auth/login': No scheme supplied. Perhaps you meant https:///api/auth/login?&quot;">E   requests.exceptions.MissingSchema: Invalid URL '/api/auth/login': No scheme supplied. Perhaps you meant https:///api/auth/login?</error></testcase><testcase classname="backend.tests.test_iter17_expense_categories.TestDistributionKeysUsage" name="test_put_conflict_without_force" time="0.000"><error message="failed on setup with &quot;requests.exceptions.MissingSchema: Invalid URL '/api/auth/login': No scheme supplied. Perhaps you meant https:///api/auth/login?&quot;">E   requests.exceptions.MissingSchema: Invalid URL '/api/auth/login': No scheme supplied. Perhaps you meant https:///api/auth/login?</error></testcase><testcase classname="backend.tests.test_iter17_expense_categories.TestDistributionKeysUsage" name="test_put_force_detaches" time="0.000"><error message="failed on setup with &quot;requests.exceptions.MissingSchema: Invalid URL '/api/auth/login': No scheme supplied. Perhaps you meant https:///api/auth/login?&quot;">E   requests.exceptions.MissingSchema: Invalid URL '/api/auth/login': No scheme supplied. Perhaps you meant https:///api/auth/login?</error></testcase><testcase classname="backend.tests.test_iter17_expense_categories.TestDistributionKeysUsage" name="test_delete_blocked_if_used" time="0.000"><error message="failed on setup with &quot;requests.exceptions.MissingSchema: Invalid URL '/api/auth/login': No scheme supplied. Perhaps you meant https:///api/auth/login?&quot;">E   requests.exceptions.MissingSchema: Invalid URL '/api/auth/login': No scheme supplied. Perhaps you meant https:///api/auth/login?</error></testcase><testcase classname="backend.tests.test_iter17_expense_categories.TestAutoEntryManualEdit" name="test_put_auto_marks_manually_edited" time="0.000"><error message="failed on setup with &quot;requests.exceptions.MissingSchema: Invalid URL '/api/auth/login': No scheme supplied. Perhaps you meant https:///api/auth/login?&quot;">E   requests.exceptions.MissingSchema: Invalid URL '/api/auth/login': No scheme supplied. Perhaps you meant https:///api/auth/login?</error></testcase><testcase classname="backend.tests.test_iter17_expense_categories.TestAutoEntryManualEdit" name="test_delete_auto_without_edit_blocked" time="0.000"><error message="failed on setup with &quot;requests.exceptions.MissingSchema: Invalid URL '/api/auth/login': No scheme supplied. Perhaps you meant https:///api/auth/login?&quot;">E   requests.exceptions.MissingSchema: Invalid URL '/api/auth/login': No scheme supplied. Perhaps you meant https:///api/auth/login?</error></testcase><testcase classname="backend.tests.test_iter17_expense_categories.TestAutoEntryManualEdit" name="test_delete_auto_after_edit_allowed" time="0.000"><error message="failed on setup with &quot;requests.exceptions.MissingSchema: Invalid URL '/api/auth/login': No scheme supplied. Perhaps you meant https:///api/auth/login?&quot;">E   requests.exceptions.MissingSchema: Invalid URL '/api/auth/login': No scheme supplied. Perhaps you meant https:///api/auth/login?</error></testcase><testcase classname="backend.tests.test_iter17_expense_categories.TestAutoEntryManualEdit" name="test_update_source_skips_manually_edited" time="0.000"><error message="failed on setup with &quot;requests.exceptions.MissingSchema: Invalid URL '/api/auth/login': No scheme supplied. Perhaps you meant https:///api/auth/login?&quot;">E   requests.exceptions.MissingSchema: Invalid URL '/api/auth/login': No scheme supplied. Perhaps you meant https:///api/auth/login?</error></testcase><testcase classname="backend.tests.test_iter17_expense_categories.TestRBACOwner" name="test_owner_cannot_list_categories" time="0.000"><error message="failed on setup with &quot;requests.exceptions.MissingSchema: Invalid URL '/api/auth/login': No scheme supplied. Perhaps you meant https:///api/auth/login?&quot;">E   requests.exceptions.MissingSchema: Invalid URL '/api/auth/login': No scheme supplied. Perhaps you meant https:///api/auth/login?</error></testcase><testcase classname="backend.tests.test_iter17_expense_categories.TestRBACOwner" name="test_owner_cannot_create_category" time="0.000"><error message="failed on setup with &quot;requests.exceptions.MissingSchema: Invalid URL '/api/auth/login': No scheme supplied. Perhaps you meant https:///api/auth/login?&quot;">E   requests.exceptions.MissingSchema: Invalid URL '/api/auth/login': No scheme supplied. Perhaps you meant https:///api/auth/login?</error></testcase><testcase classname="backend.tests.test_iter17_expense_categories.TestRBACOwner" name="test_owner_cannot_get_dist_key_usage" time="0.000"><error message="failed on setup with &quot;requests.exceptions.MissingSchema: Invalid URL '/api/auth/login': No scheme supplied. Perhaps you meant https:///api/auth/login?&quot;">E   requests.exceptions.MissingSchema: Invalid URL '/api/auth/login': No scheme supplied. Perhaps you meant https:///api/auth/login?</error></testcase><testcase classname="backend.tests.test_iter16_auto_entries.TestAutoEntryAC" name="test_create_invoice_creates_AC_entry" time="0.571" /><testcase classname="backend.tests.test_iter16_auto_entries.TestAutoEntryAC" name="test_update_invoice_recreates_AC" time="0.165" /><testcase classname="backend.tests.test_iter16_auto_entries.TestAutoEntryAC" name="test_delete_invoice_removes_AC" time="0.098" /><testcase classname="backend.tests.test_iter16_auto_entries.TestAutoEntryVE" name="test_create_fund_call_creates_VE_entry" time="0.151" /><testcase classname="backend.tests.test_iter16_auto_entries.TestAutoEntryVE" name="test_delete_fund_call_removes_VE" time="0.103" /><testcase classname="backend.tests.test_iter16_auto_entries.TestAutoEntryFI" name="test_lettrage_creates_FI_entry" time="0.204" /><testcase classname="backend.tests.test_iter16_auto_entries.TestAutoEntryFI" name="test_unlettrage_removes_FI" time="0.106" /><testcase classname="backend.tests.test_iter16_auto_entries.TestAutoEntryFI" name="test_delete_txn_removes_FI" time="0.205" /><testcase classname="backend.tests.test_iter16_auto_entries.TestAutoEntryProtection" name="test_cannot_delete_auto_entry_manually" time="0.214" /><testcase classname="backend.tests.test_iter16_auto_entries.TestFiscalExpenses" name="test_expenses_endpoint_shape" time="0.054" /><testcase classname="backend.tests.test_iter16_auto_entries.TestFiscalExpenses" name="test_expenses_account_filter" time="0.049" /><testcase classname="backend.tests.test_iter16_auto_entries.TestRegularization" name="test_dry_run_returns_summary" time="0.199" /><testcase classname="backend.tests.test_iter16_auto_entries.TestRegularization" name="test_persist_creates_two_OD_entries" time="0.154" /><testcase classname="backend.tests.test_iter16_auto_entries.TestRegularization" name="test_delete_regularize_removes_entries_and_resets" time="0.392" /><testcase classname="backend.tests.test_iter16_auto_entries.TestRBAC" name="test_owner_cannot_list_expenses" time="0.665" /><testcase classname="backend.tests.test_iter16_auto_entries.TestRBAC" name="test_owner_cannot_regularize" time="0.100" /></testsuite></testsuites>