<?xml version="1.0" encoding="utf-8"?><testsuites name="pytest tests"><testsuite name="pytest" errors="0" failures="0" skipped="0" tests="31" time="3.289" timestamp="2026-05-16T21:22:58.238510+00:00" hostname="agent-env-bc735e88-5058-40fe-862b-475bd0d6368f"><testcase classname="backend.tests.backend_test.TestAuth" name="test_login_success" time="0.627" /><testcase classname="backend.tests.backend_test.TestAuth" name="test_login_invalid" time="0.325" /><testcase classname="backend.tests.backend_test.TestAuth" name="test_me" time="0.052" /><testcase classname="backend.tests.backend_test.TestAuth" name="test_register" time="0.324" /><testcase classname="backend.tests.backend_test.TestAuth" name="test_dashboard_stats" time="0.052" /><testcase classname="backend.tests.backend_test.TestOwnersLotsTenants" name="test_create_owner" time="0.048" /><testcase classname="backend.tests.backend_test.TestOwnersLotsTenants" name="test_list_owners" time="0.053" /><testcase classname="backend.tests.backend_test.TestOwnersLotsTenants" name="test_update_owner" time="0.055" /><testcase classname="backend.tests.backend_test.TestOwnersLotsTenants" name="test_create_lot" time="0.050" /><testcase classname="backend.tests.backend_test.TestOwnersLotsTenants" name="test_create_tenant" time="0.050" /><testcase classname="backend.tests.backend_test.TestOwnersLotsTenants" name="test_delete_tenant" time="0.047" /><testcase classname="backend.tests.backend_test.TestAccounting" name="test_list_pcmn" time="0.050" /><testcase classname="backend.tests.backend_test.TestAccounting" name="test_pcmn_search" time="0.048" /><testcase classname="backend.tests.backend_test.TestAccounting" name="test_pcmn_filter_by_class" time="0.050" /><testcase classname="backend.tests.backend_test.TestAccounting" name="test_create_balanced_entry" time="0.118" /><testcase classname="backend.tests.backend_test.TestAccounting" name="test_create_unbalanced_entry_fails" time="0.046" /><testcase classname="backend.tests.backend_test.TestAccounting" name="test_balance_endpoint" time="0.050" /><testcase classname="backend.tests.backend_test.TestInvoices" name="test_create_dist_key" time="0.057" /><testcase classname="backend.tests.backend_test.TestInvoices" name="test_list_dist_keys" time="0.048" /><testcase classname="backend.tests.backend_test.TestInvoices" name="test_create_invoice" time="0.051" /><testcase classname="backend.tests.backend_test.TestInvoices" name="test_list_invoices" time="0.056" /><testcase classname="backend.tests.backend_test.TestMeters" name="test_create_meter" time="0.052" /><testcase classname="backend.tests.backend_test.TestMeters" name="test_add_reading_first" time="0.054" /><testcase classname="backend.tests.backend_test.TestMeters" name="test_add_reading_consumption" time="0.049" /><testcase classname="backend.tests.backend_test.TestMeters" name="test_list_readings" time="0.049" /><testcase classname="backend.tests.backend_test.TestBanking" name="test_create_statement" time="0.049" /><testcase classname="backend.tests.backend_test.TestBanking" name="test_create_transaction" time="0.050" /><testcase classname="backend.tests.backend_test.TestBanking" name="test_lettrage" time="0.046" /><testcase classname="backend.tests.backend_test.TestDocuments" name="test_create_category" time="0.053" /><testcase classname="backend.tests.backend_test.TestDocuments" name="test_create_document" time="0.050" /><testcase classname="backend.tests.backend_test.TestDocuments" name="test_list_documents" time="0.482" /></testsuite></testsuites>