<?xml version="1.0" encoding="utf-8"?><testsuites name="pytest tests"><testsuite name="pytest" errors="0" failures="0" skipped="0" tests="5" time="2.572" timestamp="2026-05-18T05:34:31.796938+00:00" hostname="agent-env-bc735e88-5058-40fe-862b-475bd0d6368f"><testcase classname="backend.tests.test_iter25_bilan_regenerate.TestBilanBankAccounts" name="test_bilan_includes_pcmn_courant_not_generic" time="1.638" /><testcase classname="backend.tests.test_iter25_bilan_regenerate.TestRegenerateBankEntries" name="test_regenerate_returns_proper_shape" time="0.057" /><testcase classname="backend.tests.test_iter25_bilan_regenerate.TestRegenerateBankEntries" name="test_regenerate_then_bilan_shows_correct_pcmn" time="0.299" /><testcase classname="backend.tests.test_iter25_bilan_regenerate.TestRBACRegenerate" name="test_owner_forbidden" time="0.397" /><testcase classname="backend.tests.test_iter25_bilan_regenerate.TestRegressionCleanup" name="test_cleanup_idempotent" time="0.096" /></testsuite></testsuites>