<?xml version="1.0" encoding="utf-8"?><testsuites name="pytest tests"><testsuite name="pytest" errors="0" failures="0" skipped="0" tests="12" time="2.396" timestamp="2026-05-17T20:31:36.218998+00:00" hostname="agent-env-bc735e88-5058-40fe-862b-475bd0d6368f"><testcase classname="backend.tests.test_iter19_private_fee_roulement.TestPrivateFeeInvoice" name="test_create_private_fee_invoice_4lines" time="0.642" /><testcase classname="backend.tests.test_iter19_private_fee_roulement.TestPrivateFeeInvoice" name="test_create_private_fee_missing_owner_400" time="0.046" /><testcase classname="backend.tests.test_iter19_private_fee_roulement.TestPrivateFeeInvoice" name="test_create_private_fee_invalid_owner_404" time="0.045" /><testcase classname="backend.tests.test_iter19_private_fee_roulement.TestPrivateFeeInvoice" name="test_update_normal_to_private_fee_regenerates_entry" time="0.209" /><testcase classname="backend.tests.test_iter19_private_fee_roulement.TestPrivateFeeInvoice" name="test_create_normal_invoice_regression_2lines" time="0.107" /><testcase classname="backend.tests.test_iter19_private_fee_roulement.TestRoulementBudgetWizard" name="test_preview_roulement_only" time="0.101" /><testcase classname="backend.tests.test_iter19_private_fee_roulement.TestRoulementBudgetWizard" name="test_preview_reserve_plus_roulement_sums" time="0.048" /><testcase classname="backend.tests.test_iter19_private_fee_roulement.TestRoulementBudgetWizard" name="test_generate_persists_and_ve_has_account_100" time="0.192" /><testcase classname="backend.tests.test_iter19_private_fee_roulement.TestRoulementBudgetWizard" name="test_generate_without_roulement_regression" time="0.100" /><testcase classname="backend.tests.test_iter19_private_fee_roulement.TestOtherRegression" name="test_pcmn_toggle_active" time="0.164" /><testcase classname="backend.tests.test_iter19_private_fee_roulement.TestOtherRegression" name="test_pdf_depenses" time="0.131" /><testcase classname="backend.tests.test_iter19_private_fee_roulement.TestOtherRegression" name="test_reset_financial_data" time="0.510" /></testsuite></testsuites>