<?xml version="1.0" encoding="utf-8"?><testsuites name="pytest tests"><testsuite name="pytest" errors="0" failures="0" skipped="0" tests="5" time="2.359" timestamp="2026-06-19T07:30:14.115931+00:00" hostname="agent-env-bc735e88-5058-40fe-862b-475bd0d6368f"><testcase classname="backend.tests.test_iter28_lettrage_invoice_status_sync.TestLettrageInvoiceStatusSync" name="test_lettrage_invoice_sets_paid_and_creates_FI" time="0.969" /><testcase classname="backend.tests.test_iter28_lettrage_invoice_status_sync.TestUnlettrageRestoresUnpaid" name="test_unlettrage_invoice_resets_status_to_unpaid" time="0.461" /><testcase classname="backend.tests.test_iter28_lettrage_invoice_status_sync.TestUnlettrageRestoresUnpaid" name="test_unlettrage_404_on_unknown_txn" time="0.049" /><testcase classname="backend.tests.test_iter28_lettrage_invoice_status_sync.TestUnlettrageByInvoice" name="test_404_when_no_txn_linked" time="0.160" /><testcase classname="backend.tests.test_iter28_lettrage_invoice_status_sync.TestUnlettrageByInvoice" name="test_unlettrage_by_invoice_clears_all_linked_txns" time="0.637" /></testsuite></testsuites>