<?xml version="1.0" encoding="utf-8"?><testsuites name="pytest tests"><testsuite name="pytest" errors="0" failures="0" skipped="0" tests="10" time="2.510" timestamp="2026-05-17T20:51:33.536849+00:00" hostname="agent-env-bc735e88-5058-40fe-862b-475bd0d6368f"><testcase classname="backend.tests.test_iter20_balance_tiers_and_wizard.TestP0BalanceTiers" name="test_balance_tiers_owners_fields_present" time="0.443" /><testcase classname="backend.tests.test_iter20_balance_tiers_and_wizard.TestP0BalanceTiers" name="test_manual_od_on_dubois_appears_in_movements_and_balance" time="0.381" /><testcase classname="backend.tests.test_iter20_balance_tiers_and_wizard.TestP0BalanceTiers" name="test_total_called_includes_reserve" time="0.228" /><testcase classname="backend.tests.test_iter20_balance_tiers_and_wizard.TestP1WizardIndependentSeries" name="test_preview_independent_series_6_calls" time="0.055" /><testcase classname="backend.tests.test_iter20_balance_tiers_and_wizard.TestP1WizardIndependentSeries" name="test_preview_legacy_when_frequency_zero" time="0.055" /><testcase classname="backend.tests.test_iter20_balance_tiers_and_wizard.TestP1WizardIndependentSeries" name="test_generate_persists_independent_with_correct_call_type_and_ve" time="0.335" /><testcase classname="backend.tests.test_iter20_balance_tiers_and_wizard.TestP1WizardIndependentSeries" name="test_each_fund_supports_all_frequencies" time="0.056" /><testcase classname="backend.tests.test_iter20_balance_tiers_and_wizard.TestP3SupplierBCE" name="test_supplier_post_and_search_by_bce" time="0.107" /><testcase classname="backend.tests.test_iter20_balance_tiers_and_wizard.TestP3SupplierBCE" name="test_supplier_put_bce" time="0.104" /><testcase classname="backend.tests.test_iter20_balance_tiers_and_wizard.TestRegressionIter19" name="test_private_fee_invoice_4_lines" time="0.656" /></testsuite></testsuites>